Mon Aug 10 2015 01:38:00 GMT+0600 (OMST) '/media/truecrypt1/test-node-watchers/backend-theme/tmp was added'
Mon Aug 10 2015 01:38:01 GMT+0600 (OMST) '/media/truecrypt1/test-node-watchers/backend-theme/tmp/file was added'
Mon Aug 10 2015 01:38:01 GMT+0600 (OMST) '/media/truecrypt1/test-node-watchers/backend-theme/tmp/file was changed'
Mon Aug 10 2015 01:38:02 GMT+0600 (OMST) '/media/truecrypt1/test-node-watchers/backend-theme/tmp/file was changed'
Mon Aug 10 2015 01:38:02 GMT+0600 (OMST) '/media/truecrypt1/test-node-watchers/backend-theme/tmp/file_new was added'
Mon Aug 10 2015 01:38:02 GMT+0600 (OMST) '/media/truecrypt1/test-node-watchers/backend-theme/tmp/file_new was renamed'
Mon Aug 10 2015 01:38:03 GMT+0600 (OMST) '/media/truecrypt1/test-node-watchers/backend-theme/tmp_new was added'
Mon Aug 10 2015 01:38:03 GMT+0600 (OMST) '/media/truecrypt1/test-node-watchers/backend-theme/tmp_new/file was added'
Mon Aug 10 2015 01:38:03 GMT+0600 (OMST) '/media/truecrypt1/test-node-watchers/backend-theme/tmp_new/ was renamed'
Mon Aug 10 2015 01:38:04 GMT+0600 (OMST) '/media/truecrypt1/test-node-watchers/backend-theme/tmp_new/file was changed'
Mon Aug 10 2015 01:38:05 GMT+0600 (OMST) '/media/truecrypt1/test-node-watchers/backend-theme/tmp_new/file was deleted'
Mon Aug 10 2015 01:38:10 GMT+0600 (OMST) '/media/truecrypt1/test-node-watchers/frontend-theme/tmp was added'
Mon Aug 10 2015 01:38:11 GMT+0600 (OMST) '/media/truecrypt1/test-node-watchers/frontend-theme/tmp/file was added'
Mon Aug 10 2015 01:38:11 GMT+0600 (OMST) '/media/truecrypt1/test-node-watchers/frontend-theme/tmp/file was changed'
Mon Aug 10 2015 01:38:12 GMT+0600 (OMST) '/media/truecrypt1/test-node-watchers/frontend-theme/tmp/file was changed'
Mon Aug 10 2015 01:38:12 GMT+0600 (OMST) '/media/truecrypt1/test-node-watchers/frontend-theme/tmp/file_new was added'
Mon Aug 10 2015 01:38:12 GMT+0600 (OMST) '/media/truecrypt1/test-node-watchers/frontend-theme/tmp/file_new was renamed'
Mon Aug 10 2015 01:38:13 GMT+0600 (OMST) '/media/truecrypt1/test-node-watchers/frontend-theme/tmp_new was added'
Mon Aug 10 2015 01:38:13 GMT+0600 (OMST) '/media/truecrypt1/test-node-watchers/frontend-theme/tmp_new/file was added'
Mon Aug 10 2015 01:38:13 GMT+0600 (OMST) '/media/truecrypt1/test-node-watchers/frontend-theme/tmp_new/ was renamed'
Mon Aug 10 2015 01:38:14 GMT+0600 (OMST) '/media/truecrypt1/test-node-watchers/frontend-theme/tmp_new/file was changed'
Mon Aug 10 2015 01:38:15 GMT+0600 (OMST) '/media/truecrypt1/test-node-watchers/frontend-theme/tmp_new/file was deleted'
------------------------------------------------------------------------------------------------------------------------
Mon Aug 10 2015 01:38:37 GMT+0600 (OMST) '/media/truecrypt1/test-node-watchers/frontend-theme/tmp was added'
