Mon Aug 10 2015 02:16:06 GMT+0600 (OMST) '/media/truecrypt1/test-node-watchers/backend-theme/tmp was added'
Mon Aug 10 2015 02:16:07 GMT+0600 (OMST) '/media/truecrypt1/test-node-watchers/backend-theme/tmp/file was added'
Mon Aug 10 2015 02:16:07 GMT+0600 (OMST) '/media/truecrypt1/test-node-watchers/backend-theme/tmp/file was changed'
Mon Aug 10 2015 02:16:08 GMT+0600 (OMST) '/media/truecrypt1/test-node-watchers/backend-theme/tmp/file was changed'
Mon Aug 10 2015 02:16:08 GMT+0600 (OMST) '/media/truecrypt1/test-node-watchers/backend-theme/tmp/file_new was added'
Mon Aug 10 2015 02:16:08 GMT+0600 (OMST) '/media/truecrypt1/test-node-watchers/backend-theme/tmp/file_new was renamed'
Mon Aug 10 2015 02:16:09 GMT+0600 (OMST) '/media/truecrypt1/test-node-watchers/backend-theme/tmp_new was added'
Mon Aug 10 2015 02:16:09 GMT+0600 (OMST) '/media/truecrypt1/test-node-watchers/backend-theme/tmp_new/file was added'
Mon Aug 10 2015 02:16:09 GMT+0600 (OMST) '/media/truecrypt1/test-node-watchers/backend-theme/tmp_new/ was renamed'
Mon Aug 10 2015 02:16:10 GMT+0600 (OMST) '/media/truecrypt1/test-node-watchers/backend-theme/tmp_new/file was changed'
Mon Aug 10 2015 02:16:11 GMT+0600 (OMST) '/media/truecrypt1/test-node-watchers/backend-theme/tmp_new/file was deleted'
Mon Aug 10 2015 02:16:16 GMT+0600 (OMST) '/media/truecrypt1/test-node-watchers/frontend-theme/tmp was added'
Mon Aug 10 2015 02:16:17 GMT+0600 (OMST) '/media/truecrypt1/test-node-watchers/frontend-theme/tmp/file was added'
Mon Aug 10 2015 02:16:17 GMT+0600 (OMST) '/media/truecrypt1/test-node-watchers/frontend-theme/tmp/file was changed'
Mon Aug 10 2015 02:16:18 GMT+0600 (OMST) '/media/truecrypt1/test-node-watchers/frontend-theme/tmp/file was changed'
Mon Aug 10 2015 02:16:18 GMT+0600 (OMST) '/media/truecrypt1/test-node-watchers/frontend-theme/tmp/file_new was added'
Mon Aug 10 2015 02:16:18 GMT+0600 (OMST) '/media/truecrypt1/test-node-watchers/frontend-theme/tmp/file_new was renamed'
Mon Aug 10 2015 02:16:19 GMT+0600 (OMST) '/media/truecrypt1/test-node-watchers/frontend-theme/tmp_new was added'
Mon Aug 10 2015 02:16:19 GMT+0600 (OMST) '/media/truecrypt1/test-node-watchers/frontend-theme/tmp_new/file was added'
Mon Aug 10 2015 02:16:19 GMT+0600 (OMST) '/media/truecrypt1/test-node-watchers/frontend-theme/tmp_new/ was renamed'
Mon Aug 10 2015 02:16:20 GMT+0600 (OMST) '/media/truecrypt1/test-node-watchers/frontend-theme/tmp_new/file was changed'
Mon Aug 10 2015 02:16:21 GMT+0600 (OMST) '/media/truecrypt1/test-node-watchers/frontend-theme/tmp_new/file was deleted'
------------------------------------------------------------------------------------------------------------------------
Mon Aug 10 2015 02:16:40 GMT+0600 (OMST) '/media/truecrypt1/test-node-watchers/frontend-theme/tmp was added'
Mon Aug 10 2015 02:16:43 GMT+0600 (OMST) '/media/truecrypt1/test-node-watchers/frontend-theme/tmp_new/file was added'
Mon Aug 10 2015 02:16:44 GMT+0600 (OMST) '/media/truecrypt1/test-node-watchers/frontend-theme/tmp_new/file was changed'
Mon Aug 10 2015 02:16:45 GMT+0600 (OMST) '/media/truecrypt1/test-node-watchers/frontend-theme/tmp_new/file was deleted'
