Mon Aug 10 2015 02:13:06 GMT+0600 (OMST) '/media/truecrypt1/test-node-watchers/backend-theme/tmp was added'
Mon Aug 10 2015 02:13:06 GMT+0600 (OMST) '/media/truecrypt1/test-node-watchers/backend-theme/tmp/file was added'
Mon Aug 10 2015 02:13:07 GMT+0600 (OMST) '/media/truecrypt1/test-node-watchers/backend-theme/tmp/file was changed'
Mon Aug 10 2015 02:13:08 GMT+0600 (OMST) '/media/truecrypt1/test-node-watchers/backend-theme/tmp/file_new was added'
Mon Aug 10 2015 02:13:08 GMT+0600 (OMST) '/media/truecrypt1/test-node-watchers/backend-theme/tmp/file was deleted'
Mon Aug 10 2015 02:13:09 GMT+0600 (OMST) '/media/truecrypt1/test-node-watchers/backend-theme/tmp_new was added'
Mon Aug 10 2015 02:13:09 GMT+0600 (OMST) '/media/truecrypt1/test-node-watchers/backend-theme/tmp_new/file was added'
Mon Aug 10 2015 02:13:09 GMT+0600 (OMST) '/media/truecrypt1/test-node-watchers/backend-theme/tmp/ was deleted'
Mon Aug 10 2015 02:13:09 GMT+0600 (OMST) '/media/truecrypt1/test-node-watchers/backend-theme/tmp/file_new was deleted'
Mon Aug 10 2015 02:13:10 GMT+0600 (OMST) '/media/truecrypt1/test-node-watchers/backend-theme/tmp_new/file was deleted'
Mon Aug 10 2015 02:13:16 GMT+0600 (OMST) '/media/truecrypt1/test-node-watchers/frontend-theme/tmp was added'
Mon Aug 10 2015 02:13:16 GMT+0600 (OMST) '/media/truecrypt1/test-node-watchers/frontend-theme/tmp/file was added'
Mon Aug 10 2015 02:13:17 GMT+0600 (OMST) '/media/truecrypt1/test-node-watchers/frontend-theme/tmp/file was changed'
Mon Aug 10 2015 02:13:18 GMT+0600 (OMST) '/media/truecrypt1/test-node-watchers/frontend-theme/tmp/file_new was added'
Mon Aug 10 2015 02:13:18 GMT+0600 (OMST) '/media/truecrypt1/test-node-watchers/frontend-theme/tmp/file was deleted'
Mon Aug 10 2015 02:13:19 GMT+0600 (OMST) '/media/truecrypt1/test-node-watchers/frontend-theme/tmp/ was deleted'
Mon Aug 10 2015 02:13:19 GMT+0600 (OMST) '/media/truecrypt1/test-node-watchers/frontend-theme/tmp/file_new was deleted'
------------------------------------------------------------------------------------------------------------------------
Mon Aug 10 2015 02:13:52 GMT+0600 (OMST) '/media/truecrypt1/test-node-watchers/backend-theme/tmp/ was deleted'
Mon Aug 10 2015 02:14:02 GMT+0600 (OMST) '/media/truecrypt1/test-node-watchers/frontend-theme/tmp/ was deleted'
