Mon Aug 10 2015 02:01:48 GMT+0600 (OMST) '/media/truecrypt1/test-node-watchers/backend-theme/tmp was added'
Mon Aug 10 2015 02:01:49 GMT+0600 (OMST) '/media/truecrypt1/test-node-watchers/backend-theme/tmp/file was added'
Mon Aug 10 2015 02:01:49 GMT+0600 (OMST) '/media/truecrypt1/test-node-watchers/backend-theme/tmp/file was changed'
Mon Aug 10 2015 02:01:50 GMT+0600 (OMST) '/media/truecrypt1/test-node-watchers/backend-theme/tmp/file was changed'
Mon Aug 10 2015 02:01:50 GMT+0600 (OMST) '/media/truecrypt1/test-node-watchers/backend-theme/tmp/file_new was added'
Mon Aug 10 2015 02:01:50 GMT+0600 (OMST) '/media/truecrypt1/test-node-watchers/backend-theme/tmp/file_new was renamed'
Mon Aug 10 2015 02:01:51 GMT+0600 (OMST) '/media/truecrypt1/test-node-watchers/backend-theme/tmp_new was added'
Mon Aug 10 2015 02:01:51 GMT+0600 (OMST) '/media/truecrypt1/test-node-watchers/backend-theme/tmp_new/file was added'
Mon Aug 10 2015 02:01:51 GMT+0600 (OMST) '/media/truecrypt1/test-node-watchers/backend-theme/tmp_new/ was renamed'
Mon Aug 10 2015 02:01:52 GMT+0600 (OMST) '/media/truecrypt1/test-node-watchers/backend-theme/tmp_new/file was changed'
Mon Aug 10 2015 02:01:53 GMT+0600 (OMST) '/media/truecrypt1/test-node-watchers/backend-theme/tmp_new/file was deleted'
Mon Aug 10 2015 02:01:58 GMT+0600 (OMST) '/media/truecrypt1/test-node-watchers/frontend-theme/tmp was added'
Mon Aug 10 2015 02:01:59 GMT+0600 (OMST) '/media/truecrypt1/test-node-watchers/frontend-theme/tmp/file was added'
Mon Aug 10 2015 02:01:59 GMT+0600 (OMST) '/media/truecrypt1/test-node-watchers/frontend-theme/tmp/file was changed'
Mon Aug 10 2015 02:02:00 GMT+0600 (OMST) '/media/truecrypt1/test-node-watchers/frontend-theme/tmp/file was changed'
Mon Aug 10 2015 02:02:00 GMT+0600 (OMST) '/media/truecrypt1/test-node-watchers/frontend-theme/tmp/file_new was added'
Mon Aug 10 2015 02:02:00 GMT+0600 (OMST) '/media/truecrypt1/test-node-watchers/frontend-theme/tmp/file_new was renamed'
Mon Aug 10 2015 02:02:01 GMT+0600 (OMST) '/media/truecrypt1/test-node-watchers/frontend-theme/tmp_new was added'
Mon Aug 10 2015 02:02:01 GMT+0600 (OMST) '/media/truecrypt1/test-node-watchers/frontend-theme/tmp_new/file was added'
Mon Aug 10 2015 02:02:01 GMT+0600 (OMST) '/media/truecrypt1/test-node-watchers/frontend-theme/tmp_new/ was renamed'
Mon Aug 10 2015 02:02:02 GMT+0600 (OMST) '/media/truecrypt1/test-node-watchers/frontend-theme/tmp_new/file was changed'
Mon Aug 10 2015 02:02:03 GMT+0600 (OMST) '/media/truecrypt1/test-node-watchers/frontend-theme/tmp_new/file was deleted'
------------------------------------------------------------------------------------------------------------------------
Mon Aug 10 2015 02:02:19 GMT+0600 (OMST) '/media/truecrypt1/test-node-watchers/frontend-theme/tmp was added'
