Mon Aug 10 2015 02:09:42 GMT+0600 (OMST) '/media/truecrypt1/test-node-watchers/backend-theme/tmp was added'
Mon Aug 10 2015 02:09:42 GMT+0600 (OMST) '/media/truecrypt1/test-node-watchers/backend-theme/tmp/file was added'
Mon Aug 10 2015 02:09:43 GMT+0600 (OMST) '/media/truecrypt1/test-node-watchers/backend-theme/tmp/file was changed'
Mon Aug 10 2015 02:09:45 GMT+0600 (OMST) '/media/truecrypt1/test-node-watchers/backend-theme/tmp/file was deleted'
Mon Aug 10 2015 02:09:46 GMT+0600 (OMST) '/media/truecrypt1/test-node-watchers/backend-theme/tmp/ was deleted'
Mon Aug 10 2015 02:09:52 GMT+0600 (OMST) '/media/truecrypt1/test-node-watchers/frontend-theme/tmp was added'
Mon Aug 10 2015 02:09:52 GMT+0600 (OMST) '/media/truecrypt1/test-node-watchers/frontend-theme/tmp/file was added'
Mon Aug 10 2015 02:09:53 GMT+0600 (OMST) '/media/truecrypt1/test-node-watchers/frontend-theme/tmp/file was changed'
Mon Aug 10 2015 02:09:55 GMT+0600 (OMST) '/media/truecrypt1/test-node-watchers/frontend-theme/tmp/file was deleted'
Mon Aug 10 2015 02:09:56 GMT+0600 (OMST) '/media/truecrypt1/test-node-watchers/frontend-theme/tmp/ was deleted'
------------------------------------------------------------------------------------------------------------------------
Mon Aug 10 2015 02:10:12 GMT+0600 (OMST) '/media/truecrypt1/test-node-watchers/backend-theme/tmp/file was added'
Mon Aug 10 2015 02:10:13 GMT+0600 (OMST) '/media/truecrypt1/test-node-watchers/backend-theme/tmp/file was changed'
Mon Aug 10 2015 02:10:13 GMT+0600 (OMST) '/media/truecrypt1/test-node-watchers/backend-theme/tmp/file_new was added'
Mon Aug 10 2015 02:10:14 GMT+0600 (OMST) '/media/truecrypt1/test-node-watchers/backend-theme/tmp/file_new was deleted'
Mon Aug 10 2015 02:10:14 GMT+0600 (OMST) '/media/truecrypt1/test-node-watchers/backend-theme/tmp/file was deleted'
Mon Aug 10 2015 02:10:14 GMT+0600 (OMST) '/media/truecrypt1/test-node-watchers/backend-theme/tmp_new was renamed'
Mon Aug 10 2015 02:10:14 GMT+0600 (OMST) '/media/truecrypt1/test-node-watchers/backend-theme/tmp_new/file was added'
Mon Aug 10 2015 02:10:15 GMT+0600 (OMST) '/media/truecrypt1/test-node-watchers/backend-theme/tmp/ was deleted'
Mon Aug 10 2015 02:10:16 GMT+0600 (OMST) '/media/truecrypt1/test-node-watchers/backend-theme/tmp_new/file was deleted'
Mon Aug 10 2015 02:10:22 GMT+0600 (OMST) '/media/truecrypt1/test-node-watchers/frontend-theme/tmp/file was added'
Mon Aug 10 2015 02:10:23 GMT+0600 (OMST) '/media/truecrypt1/test-node-watchers/frontend-theme/tmp/file was changed'
Mon Aug 10 2015 02:10:24 GMT+0600 (OMST) '/media/truecrypt1/test-node-watchers/frontend-theme/tmp/file_new was added'
Mon Aug 10 2015 02:10:24 GMT+0600 (OMST) '/media/truecrypt1/test-node-watchers/frontend-theme/tmp/file_new was deleted'
Mon Aug 10 2015 02:10:24 GMT+0600 (OMST) '/media/truecrypt1/test-node-watchers/frontend-theme/tmp/file was deleted'
Mon Aug 10 2015 02:10:25 GMT+0600 (OMST) '/media/truecrypt1/test-node-watchers/frontend-theme/tmp_new was renamed'
Mon Aug 10 2015 02:10:25 GMT+0600 (OMST) '/media/truecrypt1/test-node-watchers/frontend-theme/tmp_new/file was added'
Mon Aug 10 2015 02:10:25 GMT+0600 (OMST) '/media/truecrypt1/test-node-watchers/frontend-theme/tmp/ was deleted'
Mon Aug 10 2015 02:10:26 GMT+0600 (OMST) '/media/truecrypt1/test-node-watchers/frontend-theme/tmp_new/file was deleted'
