Tue Aug 11 2015 06:03:33 GMT+0600 (OMST) 'backend-theme/tmp'
Tue Aug 11 2015 06:03:34 GMT+0600 (OMST) 'backend-theme/tmp/file'
Tue Aug 11 2015 06:03:34 GMT+0600 (OMST) 'backend-theme/tmp/file'
Tue Aug 11 2015 06:03:35 GMT+0600 (OMST) 'backend-theme/tmp/file'
Tue Aug 11 2015 06:03:35 GMT+0600 (OMST) 'backend-theme/tmp/file'
Tue Aug 11 2015 06:03:35 GMT+0600 (OMST) 'backend-theme/tmp/file_new'
Tue Aug 11 2015 06:03:36 GMT+0600 (OMST) 'backend-theme/tmp/file_new'
Tue Aug 11 2015 06:03:36 GMT+0600 (OMST) 'backend-theme/tmp/file'
Tue Aug 11 2015 06:03:36 GMT+0600 (OMST) 'backend-theme/tmp'
Tue Aug 11 2015 06:03:36 GMT+0600 (OMST) 'backend-theme/tmp_new'
Tue Aug 11 2015 06:03:37 GMT+0600 (OMST) 'backend-theme/tmp_new'
Tue Aug 11 2015 06:03:37 GMT+0600 (OMST) 'backend-theme/tmp'
Tue Aug 11 2015 06:03:37 GMT+0600 (OMST) 'backend-theme/tmp/file'
Tue Aug 11 2015 06:03:37 GMT+0600 (OMST) 'backend-theme/tmp_new/file'
Tue Aug 11 2015 06:03:38 GMT+0600 (OMST) 'backend-theme/tmp'
Tue Aug 11 2015 06:03:43 GMT+0600 (OMST) 'frontend-theme/tmp'
Tue Aug 11 2015 06:03:44 GMT+0600 (OMST) 'frontend-theme/tmp/file'
Tue Aug 11 2015 06:03:44 GMT+0600 (OMST) 'frontend-theme/tmp/file'
Tue Aug 11 2015 06:03:45 GMT+0600 (OMST) 'frontend-theme/tmp/file'
Tue Aug 11 2015 06:03:45 GMT+0600 (OMST) 'frontend-theme/tmp/file'
Tue Aug 11 2015 06:03:45 GMT+0600 (OMST) 'frontend-theme/tmp/file_new'
Tue Aug 11 2015 06:03:46 GMT+0600 (OMST) 'frontend-theme/tmp/file_new'
Tue Aug 11 2015 06:03:46 GMT+0600 (OMST) 'frontend-theme/tmp/file'
Tue Aug 11 2015 06:03:46 GMT+0600 (OMST) 'frontend-theme/tmp'
Tue Aug 11 2015 06:03:46 GMT+0600 (OMST) 'frontend-theme/tmp_new'
Tue Aug 11 2015 06:03:47 GMT+0600 (OMST) 'frontend-theme/tmp_new'
Tue Aug 11 2015 06:03:47 GMT+0600 (OMST) 'frontend-theme/tmp'
Tue Aug 11 2015 06:03:47 GMT+0600 (OMST) 'frontend-theme/tmp/file'
Tue Aug 11 2015 06:03:47 GMT+0600 (OMST) 'frontend-theme/tmp_new/file'
Tue Aug 11 2015 06:03:48 GMT+0600 (OMST) 'frontend-theme/tmp'
------------------------------------------------------------------------------------------------------------------------
Tue Aug 11 2015 06:03:55 GMT+0600 (OMST) 'backend-theme/tmp'
Tue Aug 11 2015 06:03:56 GMT+0600 (OMST) 'backend-theme/tmp/file'
Tue Aug 11 2015 06:03:56 GMT+0600 (OMST) 'backend-theme/tmp/file'
Tue Aug 11 2015 06:03:57 GMT+0600 (OMST) 'backend-theme/tmp/file'
Tue Aug 11 2015 06:03:57 GMT+0600 (OMST) 'backend-theme/tmp/file'
Tue Aug 11 2015 06:03:57 GMT+0600 (OMST) 'backend-theme/tmp/file_new'
Tue Aug 11 2015 06:03:58 GMT+0600 (OMST) 'backend-theme/tmp/file_new'
Tue Aug 11 2015 06:03:58 GMT+0600 (OMST) 'backend-theme/tmp/file'
Tue Aug 11 2015 06:03:58 GMT+0600 (OMST) 'backend-theme/tmp'
Tue Aug 11 2015 06:03:58 GMT+0600 (OMST) 'backend-theme/tmp_new'
Tue Aug 11 2015 06:03:59 GMT+0600 (OMST) 'backend-theme/tmp_new'
Tue Aug 11 2015 06:03:59 GMT+0600 (OMST) 'backend-theme/tmp'
Tue Aug 11 2015 06:03:59 GMT+0600 (OMST) 'backend-theme/tmp/file'
Tue Aug 11 2015 06:03:59 GMT+0600 (OMST) 'backend-theme/tmp_new/file'
Tue Aug 11 2015 06:04:00 GMT+0600 (OMST) 'backend-theme/tmp'
Tue Aug 11 2015 06:04:05 GMT+0600 (OMST) 'frontend-theme/tmp'
Tue Aug 11 2015 06:04:06 GMT+0600 (OMST) 'frontend-theme/tmp/file'
Tue Aug 11 2015 06:04:06 GMT+0600 (OMST) 'frontend-theme/tmp/file'
Tue Aug 11 2015 06:04:07 GMT+0600 (OMST) 'frontend-theme/tmp/file'
Tue Aug 11 2015 06:04:07 GMT+0600 (OMST) 'frontend-theme/tmp/file'
Tue Aug 11 2015 06:04:07 GMT+0600 (OMST) 'frontend-theme/tmp/file_new'
Tue Aug 11 2015 06:04:08 GMT+0600 (OMST) 'frontend-theme/tmp/file_new'
Tue Aug 11 2015 06:04:08 GMT+0600 (OMST) 'frontend-theme/tmp/file'
Tue Aug 11 2015 06:04:08 GMT+0600 (OMST) 'frontend-theme/tmp'
Tue Aug 11 2015 06:04:08 GMT+0600 (OMST) 'frontend-theme/tmp_new'
Tue Aug 11 2015 06:04:09 GMT+0600 (OMST) 'frontend-theme/tmp_new'
Tue Aug 11 2015 06:04:09 GMT+0600 (OMST) 'frontend-theme/tmp'
Tue Aug 11 2015 06:04:09 GMT+0600 (OMST) 'frontend-theme/tmp/file'
Tue Aug 11 2015 06:04:09 GMT+0600 (OMST) 'frontend-theme/tmp_new/file'
Tue Aug 11 2015 06:04:10 GMT+0600 (OMST) 'frontend-theme/tmp'
