Mon Aug 10 2015 05:12:42 GMT+0600 (OMST) 'backend-theme/tmp was created'
Mon Aug 10 2015 05:12:42 GMT+0600 (OMST) 'backend-theme/tmp was deleted'
Mon Aug 10 2015 05:12:42 GMT+0600 (OMST) 'backend-theme/tmp was created'
Mon Aug 10 2015 05:12:42 GMT+0600 (OMST) 'backend-theme/tmp/file was deleted'
Mon Aug 10 2015 05:12:42 GMT+0600 (OMST) 'backend-theme/tmp was deleted'
Mon Aug 10 2015 05:12:42 GMT+0600 (OMST) 'frontend-theme/tmp was created'
Mon Aug 10 2015 05:12:42 GMT+0600 (OMST) 'frontend-theme/tmp/file was created'
Mon Aug 10 2015 05:12:42 GMT+0600 (OMST) 'frontend-theme/tmp/file was changed'
Mon Aug 10 2015 05:12:42 GMT+0600 (OMST) 'frontend-theme/tmp/file_new was created'
Mon Aug 10 2015 05:12:42 GMT+0600 (OMST) 'frontend-theme/tmp/file was deleted'
Mon Aug 10 2015 05:12:42 GMT+0600 (OMST) 'frontend-theme/tmp/file_new was changed'
Mon Aug 10 2015 05:12:42 GMT+0600 (OMST) 'frontend-theme/tmp/file was created'
Mon Aug 10 2015 05:12:42 GMT+0600 (OMST) 'frontend-theme/tmp/file_new was deleted'
Mon Aug 10 2015 05:12:42 GMT+0600 (OMST) 'frontend-theme/tmp/file was changed'
Mon Aug 10 2015 05:12:42 GMT+0600 (OMST) 'frontend-theme/tmp_new was created'
Mon Aug 10 2015 05:12:42 GMT+0600 (OMST) 'frontend-theme/tmp was deleted'
Mon Aug 10 2015 05:12:42 GMT+0600 (OMST) 'frontend-theme/tmp was created'
Mon Aug 10 2015 05:12:42 GMT+0600 (OMST) 'frontend-theme/tmp_new was deleted'
Mon Aug 10 2015 05:12:42 GMT+0600 (OMST) 'frontend-theme/tmp/file was deleted'
Mon Aug 10 2015 05:12:42 GMT+0600 (OMST) 'frontend-theme/tmp_new/file was deleted'
Mon Aug 10 2015 05:12:42 GMT+0600 (OMST) 'frontend-theme/tmp/file was deleted'
Mon Aug 10 2015 05:12:42 GMT+0600 (OMST) 'frontend-theme/tmp/file was deleted'
Mon Aug 10 2015 05:12:42 GMT+0600 (OMST) 'frontend-theme/tmp was deleted'
------------------------------------------------------------------------------------------------------------------------
Mon Aug 10 2015 05:12:48 GMT+0600 (OMST) 'backend-theme/tmp was created'
Mon Aug 10 2015 05:12:48 GMT+0600 (OMST) 'backend-theme/tmp/file was created'
Mon Aug 10 2015 05:12:48 GMT+0600 (OMST) 'backend-theme/tmp/file was changed'
Mon Aug 10 2015 05:12:48 GMT+0600 (OMST) 'backend-theme/tmp/file_new was created'
Mon Aug 10 2015 05:12:48 GMT+0600 (OMST) 'backend-theme/tmp/file was deleted'
Mon Aug 10 2015 05:12:48 GMT+0600 (OMST) 'backend-theme/tmp/file_new was changed'
Mon Aug 10 2015 05:12:48 GMT+0600 (OMST) 'backend-theme/tmp/file was created'
Mon Aug 10 2015 05:12:48 GMT+0600 (OMST) 'backend-theme/tmp/file_new was deleted'
Mon Aug 10 2015 05:12:48 GMT+0600 (OMST) 'backend-theme/tmp/file was changed'
Mon Aug 10 2015 05:12:48 GMT+0600 (OMST) 'backend-theme/tmp_new was created'
Mon Aug 10 2015 05:12:48 GMT+0600 (OMST) 'backend-theme/tmp was deleted'
Mon Aug 10 2015 05:12:48 GMT+0600 (OMST) 'backend-theme/tmp was created'
Mon Aug 10 2015 05:12:48 GMT+0600 (OMST) 'backend-theme/tmp_new was deleted'
Mon Aug 10 2015 05:12:48 GMT+0600 (OMST) 'backend-theme/tmp/file was deleted'
Mon Aug 10 2015 05:12:48 GMT+0600 (OMST) 'backend-theme/tmp_new/file was deleted'
Mon Aug 10 2015 05:12:48 GMT+0600 (OMST) 'backend-theme/tmp/file was deleted'
Mon Aug 10 2015 05:12:48 GMT+0600 (OMST) 'backend-theme/tmp/file was deleted'
Mon Aug 10 2015 05:12:48 GMT+0600 (OMST) 'backend-theme/tmp was deleted'
Mon Aug 10 2015 05:12:48 GMT+0600 (OMST) 'frontend-theme/tmp was created'
Mon Aug 10 2015 05:12:48 GMT+0600 (OMST) 'frontend-theme/tmp/file was created'
Mon Aug 10 2015 05:12:48 GMT+0600 (OMST) 'frontend-theme/tmp/file was changed'
Mon Aug 10 2015 05:12:48 GMT+0600 (OMST) 'frontend-theme/tmp/file_new was created'
Mon Aug 10 2015 05:12:48 GMT+0600 (OMST) 'frontend-theme/tmp/file was deleted'
Mon Aug 10 2015 05:12:48 GMT+0600 (OMST) 'frontend-theme/tmp/file_new was changed'
Mon Aug 10 2015 05:12:48 GMT+0600 (OMST) 'frontend-theme/tmp/file was created'
Mon Aug 10 2015 05:12:48 GMT+0600 (OMST) 'frontend-theme/tmp/file_new was deleted'
Mon Aug 10 2015 05:12:48 GMT+0600 (OMST) 'frontend-theme/tmp/file was changed'
Mon Aug 10 2015 05:12:48 GMT+0600 (OMST) 'frontend-theme/tmp_new was created'
Mon Aug 10 2015 05:12:48 GMT+0600 (OMST) 'frontend-theme/tmp was deleted'
Mon Aug 10 2015 05:12:48 GMT+0600 (OMST) 'frontend-theme/tmp was created'
Mon Aug 10 2015 05:12:48 GMT+0600 (OMST) 'frontend-theme/tmp_new was deleted'
Mon Aug 10 2015 05:12:48 GMT+0600 (OMST) 'frontend-theme/tmp/file was deleted'
Mon Aug 10 2015 05:12:48 GMT+0600 (OMST) 'frontend-theme/tmp_new/file was deleted'
Mon Aug 10 2015 05:12:48 GMT+0600 (OMST) 'frontend-theme/tmp/file was deleted'
Mon Aug 10 2015 05:12:48 GMT+0600 (OMST) 'frontend-theme/tmp/file was deleted'
Mon Aug 10 2015 05:12:48 GMT+0600 (OMST) 'frontend-theme/tmp was deleted'
