Sun Aug 09 2015 06:40:47 GMT+0600 (OMST) 'addDir' 'backend-theme/tmp'
Sun Aug 09 2015 06:40:52 GMT+0600 (OMST) 'add' 'backend-theme/tmp/file'
Sun Aug 09 2015 06:40:57 GMT+0600 (OMST) 'change' 'backend-theme/tmp/file'
Sun Aug 09 2015 06:41:02 GMT+0600 (OMST) 'change' 'backend-theme/tmp/file'
Sun Aug 09 2015 06:41:07 GMT+0600 (OMST) 'unlink' 'backend-theme/tmp/file'
Sun Aug 09 2015 06:41:07 GMT+0600 (OMST) 'add' 'backend-theme/tmp/file_new'
Sun Aug 09 2015 06:41:12 GMT+0600 (OMST) 'unlink' 'backend-theme/tmp/file_new'
Sun Aug 09 2015 06:41:12 GMT+0600 (OMST) 'add' 'backend-theme/tmp/file'
Sun Aug 09 2015 06:41:17 GMT+0600 (OMST) 'unlink' 'backend-theme/tmp/file'
Sun Aug 09 2015 06:41:17 GMT+0600 (OMST) 'unlinkDir' '/media/truecrypt1/test-node-watchers/backend-theme/tmp'
Sun Aug 09 2015 06:41:17 GMT+0600 (OMST) 'addDir' 'backend-theme/tmp_new'
Sun Aug 09 2015 06:41:17 GMT+0600 (OMST) 'add' 'backend-theme/tmp_new/file'
Sun Aug 09 2015 06:41:22 GMT+0600 (OMST) 'unlink' 'backend-theme/tmp_new/file'
Sun Aug 09 2015 06:41:22 GMT+0600 (OMST) 'unlinkDir' '/media/truecrypt1/test-node-watchers/backend-theme/tmp_new'
Sun Aug 09 2015 06:41:22 GMT+0600 (OMST) 'addDir' 'backend-theme/tmp'
Sun Aug 09 2015 06:41:23 GMT+0600 (OMST) 'add' 'backend-theme/tmp/file'
Sun Aug 09 2015 06:41:27 GMT+0600 (OMST) 'unlink' 'backend-theme/tmp/file'
Sun Aug 09 2015 06:41:32 GMT+0600 (OMST) 'unlinkDir' 'backend-theme/tmp'
Sun Aug 09 2015 06:42:27 GMT+0600 (OMST) 'addDir' 'frontend-theme/tmp'
Sun Aug 09 2015 06:42:32 GMT+0600 (OMST) 'add' 'frontend-theme/tmp/file'
Sun Aug 09 2015 06:42:37 GMT+0600 (OMST) 'change' 'frontend-theme/tmp/file'
Sun Aug 09 2015 06:42:42 GMT+0600 (OMST) 'change' 'frontend-theme/tmp/file'
Sun Aug 09 2015 06:42:47 GMT+0600 (OMST) 'unlink' 'frontend-theme/tmp/file'
Sun Aug 09 2015 06:42:47 GMT+0600 (OMST) 'add' 'frontend-theme/tmp/file_new'
Sun Aug 09 2015 06:42:52 GMT+0600 (OMST) 'unlink' 'frontend-theme/tmp/file_new'
Sun Aug 09 2015 06:42:52 GMT+0600 (OMST) 'add' 'frontend-theme/tmp/file'
Sun Aug 09 2015 06:42:57 GMT+0600 (OMST) 'unlink' 'frontend-theme/tmp/file'
Sun Aug 09 2015 06:42:57 GMT+0600 (OMST) 'unlinkDir' '/media/truecrypt1/test-node-watchers/frontend-theme/tmp'
Sun Aug 09 2015 06:42:57 GMT+0600 (OMST) 'addDir' 'frontend-theme/tmp_new'
Sun Aug 09 2015 06:42:58 GMT+0600 (OMST) 'add' 'frontend-theme/tmp_new/file'
Sun Aug 09 2015 06:43:02 GMT+0600 (OMST) 'unlink' 'frontend-theme/tmp_new/file'
Sun Aug 09 2015 06:43:02 GMT+0600 (OMST) 'unlinkDir' '/media/truecrypt1/test-node-watchers/frontend-theme/tmp_new'
Sun Aug 09 2015 06:43:03 GMT+0600 (OMST) 'addDir' 'frontend-theme/tmp'
Sun Aug 09 2015 06:43:03 GMT+0600 (OMST) 'add' 'frontend-theme/tmp/file'
Sun Aug 09 2015 06:43:07 GMT+0600 (OMST) 'unlink' 'frontend-theme/tmp/file'
Sun Aug 09 2015 06:43:13 GMT+0600 (OMST) 'unlinkDir' 'frontend-theme/tmp'
------------------------------------------------------------------------------------------------------------------------
Sun Aug 09 2015 06:44:27 GMT+0600 (OMST) 'addDir' 'backend-theme/tmp'
Sun Aug 09 2015 06:44:32 GMT+0600 (OMST) 'add' 'backend-theme/tmp/file'
Sun Aug 09 2015 06:44:47 GMT+0600 (OMST) 'unlink' 'backend-theme/tmp/file'
Sun Aug 09 2015 06:44:47 GMT+0600 (OMST) 'add' 'backend-theme/tmp/file_new'
Sun Aug 09 2015 06:44:52 GMT+0600 (OMST) 'unlink' 'backend-theme/tmp/file_new'
Sun Aug 09 2015 06:44:52 GMT+0600 (OMST) 'add' 'backend-theme/tmp/file'
Sun Aug 09 2015 06:44:57 GMT+0600 (OMST) 'unlink' 'backend-theme/tmp/file'
Sun Aug 09 2015 06:44:57 GMT+0600 (OMST) 'unlinkDir' '/media/truecrypt1/test-node-watchers/backend-theme/tmp'
Sun Aug 09 2015 06:44:57 GMT+0600 (OMST) 'addDir' 'backend-theme/tmp_new'
Sun Aug 09 2015 06:44:57 GMT+0600 (OMST) 'add' 'backend-theme/tmp_new/file'
Sun Aug 09 2015 06:45:02 GMT+0600 (OMST) 'unlink' 'backend-theme/tmp_new/file'
Sun Aug 09 2015 06:45:02 GMT+0600 (OMST) 'unlinkDir' '/media/truecrypt1/test-node-watchers/backend-theme/tmp_new'
Sun Aug 09 2015 06:45:02 GMT+0600 (OMST) 'addDir' 'backend-theme/tmp'
Sun Aug 09 2015 06:45:02 GMT+0600 (OMST) 'add' 'backend-theme/tmp/file'
Sun Aug 09 2015 06:45:07 GMT+0600 (OMST) 'unlink' 'backend-theme/tmp/file'
Sun Aug 09 2015 06:45:12 GMT+0600 (OMST) 'unlinkDir' 'backend-theme/tmp'
Sun Aug 09 2015 06:46:07 GMT+0600 (OMST) 'addDir' 'frontend-theme/tmp'
Sun Aug 09 2015 06:46:12 GMT+0600 (OMST) 'add' 'frontend-theme/tmp/file'
Sun Aug 09 2015 06:46:27 GMT+0600 (OMST) 'unlink' 'frontend-theme/tmp/file'
Sun Aug 09 2015 06:46:27 GMT+0600 (OMST) 'add' 'frontend-theme/tmp/file_new'
Sun Aug 09 2015 06:46:32 GMT+0600 (OMST) 'unlink' 'frontend-theme/tmp/file_new'
Sun Aug 09 2015 06:46:32 GMT+0600 (OMST) 'add' 'frontend-theme/tmp/file'
Sun Aug 09 2015 06:46:37 GMT+0600 (OMST) 'unlink' 'frontend-theme/tmp/file'
Sun Aug 09 2015 06:46:37 GMT+0600 (OMST) 'unlinkDir' '/media/truecrypt1/test-node-watchers/frontend-theme/tmp'
Sun Aug 09 2015 06:46:37 GMT+0600 (OMST) 'addDir' 'frontend-theme/tmp_new'
Sun Aug 09 2015 06:46:37 GMT+0600 (OMST) 'add' 'frontend-theme/tmp_new/file'
Sun Aug 09 2015 06:46:42 GMT+0600 (OMST) 'unlink' 'frontend-theme/tmp_new/file'
Sun Aug 09 2015 06:46:42 GMT+0600 (OMST) 'unlinkDir' '/media/truecrypt1/test-node-watchers/frontend-theme/tmp_new'
Sun Aug 09 2015 06:46:42 GMT+0600 (OMST) 'addDir' 'frontend-theme/tmp'
Sun Aug 09 2015 06:46:42 GMT+0600 (OMST) 'add' 'frontend-theme/tmp/file'
Sun Aug 09 2015 06:46:47 GMT+0600 (OMST) 'unlink' 'frontend-theme/tmp/file'
Sun Aug 09 2015 06:46:52 GMT+0600 (OMST) 'unlinkDir' 'frontend-theme/tmp'
