Tue Aug 18 2015 14:05:26 GMT+0600 (OMST) 'change' '/media/truecrypt1/test-node-watchers/backend-theme'
Tue Aug 18 2015 14:05:26 GMT+0600 (OMST) 'change' '/media/truecrypt1/test-node-watchers/frontend-theme'
Tue Aug 18 2015 14:05:26 GMT+0600 (OMST) 'create' '/media/truecrypt1/test-node-watchers/frontend-theme/tmp'
Tue Aug 18 2015 14:05:26 GMT+0600 (OMST) 'create' '/media/truecrypt1/test-node-watchers/frontend-theme/tmp/file'
Tue Aug 18 2015 14:05:26 GMT+0600 (OMST) 'change' '/media/truecrypt1/test-node-watchers/frontend-theme/tmp/file'
Tue Aug 18 2015 14:05:26 GMT+0600 (OMST) 'change' '/media/truecrypt1/test-node-watchers/frontend-theme/tmp/file'
Tue Aug 18 2015 14:05:26 GMT+0600 (OMST) 'remove' '/media/truecrypt1/test-node-watchers/frontend-theme/tmp/file'
Tue Aug 18 2015 14:05:26 GMT+0600 (OMST) 'create' '/media/truecrypt1/test-node-watchers/frontend-theme/tmp/file_new'
Tue Aug 18 2015 14:05:26 GMT+0600 (OMST) 'remove' '/media/truecrypt1/test-node-watchers/frontend-theme/tmp/file_new'
Tue Aug 18 2015 14:05:26 GMT+0600 (OMST) 'create' '/media/truecrypt1/test-node-watchers/frontend-theme/tmp/file'
Tue Aug 18 2015 14:05:26 GMT+0600 (OMST) 'remove' '/media/truecrypt1/test-node-watchers/frontend-theme/tmp'
Tue Aug 18 2015 14:05:26 GMT+0600 (OMST) 'create' '/media/truecrypt1/test-node-watchers/frontend-theme/tmp_new'
Tue Aug 18 2015 14:05:26 GMT+0600 (OMST) 'create' '/media/truecrypt1/test-node-watchers/frontend-theme/tmp_new/file'
Tue Aug 18 2015 14:05:26 GMT+0600 (OMST) 'remove' '/media/truecrypt1/test-node-watchers/frontend-theme/tmp/file'
Tue Aug 18 2015 14:05:26 GMT+0600 (OMST) 'remove' '/media/truecrypt1/test-node-watchers/frontend-theme/tmp_new'
Tue Aug 18 2015 14:05:26 GMT+0600 (OMST) 'create' '/media/truecrypt1/test-node-watchers/frontend-theme/tmp'
Tue Aug 18 2015 14:05:26 GMT+0600 (OMST) 'create' '/media/truecrypt1/test-node-watchers/frontend-theme/tmp/file'
Tue Aug 18 2015 14:05:26 GMT+0600 (OMST) 'remove' '/media/truecrypt1/test-node-watchers/frontend-theme/tmp_new/file'
Tue Aug 18 2015 14:05:26 GMT+0600 (OMST) 'remove' '/media/truecrypt1/test-node-watchers/frontend-theme/tmp/file'
Tue Aug 18 2015 14:05:26 GMT+0600 (OMST) 'remove' '/media/truecrypt1/test-node-watchers/frontend-theme/tmp'
------------------------------------------------------------------------------------------------------------------------
Tue Aug 18 2015 14:05:31 GMT+0600 (OMST) 'change' '/media/truecrypt1/test-node-watchers/backend-theme'
Tue Aug 18 2015 14:05:31 GMT+0600 (OMST) 'create' '/media/truecrypt1/test-node-watchers/backend-theme/tmp'
Tue Aug 18 2015 14:05:31 GMT+0600 (OMST) 'create' '/media/truecrypt1/test-node-watchers/backend-theme/tmp/file'
Tue Aug 18 2015 14:05:31 GMT+0600 (OMST) 'change' '/media/truecrypt1/test-node-watchers/backend-theme/tmp/file'
Tue Aug 18 2015 14:05:31 GMT+0600 (OMST) 'change' '/media/truecrypt1/test-node-watchers/backend-theme/tmp/file'
Tue Aug 18 2015 14:05:31 GMT+0600 (OMST) 'remove' '/media/truecrypt1/test-node-watchers/backend-theme/tmp/file'
Tue Aug 18 2015 14:05:31 GMT+0600 (OMST) 'create' '/media/truecrypt1/test-node-watchers/backend-theme/tmp/file_new'
Tue Aug 18 2015 14:05:31 GMT+0600 (OMST) 'remove' '/media/truecrypt1/test-node-watchers/backend-theme/tmp/file_new'
Tue Aug 18 2015 14:05:31 GMT+0600 (OMST) 'create' '/media/truecrypt1/test-node-watchers/backend-theme/tmp/file'
Tue Aug 18 2015 14:05:31 GMT+0600 (OMST) 'remove' '/media/truecrypt1/test-node-watchers/backend-theme/tmp'
Tue Aug 18 2015 14:05:31 GMT+0600 (OMST) 'create' '/media/truecrypt1/test-node-watchers/backend-theme/tmp_new'
Tue Aug 18 2015 14:05:31 GMT+0600 (OMST) 'create' '/media/truecrypt1/test-node-watchers/backend-theme/tmp_new/file'
Tue Aug 18 2015 14:05:31 GMT+0600 (OMST) 'remove' '/media/truecrypt1/test-node-watchers/backend-theme/tmp_new/file'
Tue Aug 18 2015 14:05:31 GMT+0600 (OMST) 'create' '/media/truecrypt1/test-node-watchers/backend-theme/tmp'
Tue Aug 18 2015 14:05:31 GMT+0600 (OMST) 'remove' '/media/truecrypt1/test-node-watchers/backend-theme/tmp_new'
Tue Aug 18 2015 14:05:31 GMT+0600 (OMST) 'remove' '/media/truecrypt1/test-node-watchers/backend-theme/tmp/file'
Tue Aug 18 2015 14:05:31 GMT+0600 (OMST) 'remove' '/media/truecrypt1/test-node-watchers/backend-theme/tmp'
Tue Aug 18 2015 14:05:31 GMT+0600 (OMST) 'change' '/media/truecrypt1/test-node-watchers/frontend-theme'
Tue Aug 18 2015 14:05:31 GMT+0600 (OMST) 'create' '/media/truecrypt1/test-node-watchers/frontend-theme/tmp'
Tue Aug 18 2015 14:05:31 GMT+0600 (OMST) 'create' '/media/truecrypt1/test-node-watchers/frontend-theme/tmp/file'
Tue Aug 18 2015 14:05:31 GMT+0600 (OMST) 'change' '/media/truecrypt1/test-node-watchers/frontend-theme/tmp/file'
Tue Aug 18 2015 14:05:31 GMT+0600 (OMST) 'change' '/media/truecrypt1/test-node-watchers/frontend-theme/tmp/file'
Tue Aug 18 2015 14:05:31 GMT+0600 (OMST) 'remove' '/media/truecrypt1/test-node-watchers/frontend-theme/tmp/file'
Tue Aug 18 2015 14:05:31 GMT+0600 (OMST) 'create' '/media/truecrypt1/test-node-watchers/frontend-theme/tmp/file_new'
Tue Aug 18 2015 14:05:31 GMT+0600 (OMST) 'create' '/media/truecrypt1/test-node-watchers/frontend-theme/tmp/file'
Tue Aug 18 2015 14:05:31 GMT+0600 (OMST) 'remove' '/media/truecrypt1/test-node-watchers/frontend-theme/tmp/file_new'
Tue Aug 18 2015 14:05:31 GMT+0600 (OMST) 'remove' '/media/truecrypt1/test-node-watchers/frontend-theme/tmp'
Tue Aug 18 2015 14:05:31 GMT+0600 (OMST) 'create' '/media/truecrypt1/test-node-watchers/frontend-theme/tmp_new'
Tue Aug 18 2015 14:05:31 GMT+0600 (OMST) 'create' '/media/truecrypt1/test-node-watchers/frontend-theme/tmp_new/file'
Tue Aug 18 2015 14:05:31 GMT+0600 (OMST) 'remove' '/media/truecrypt1/test-node-watchers/frontend-theme/tmp_new/file'
Tue Aug 18 2015 14:05:31 GMT+0600 (OMST) 'create' '/media/truecrypt1/test-node-watchers/frontend-theme/tmp'
Tue Aug 18 2015 14:05:31 GMT+0600 (OMST) 'remove' '/media/truecrypt1/test-node-watchers/frontend-theme/tmp/file'
Tue Aug 18 2015 14:05:31 GMT+0600 (OMST) 'remove' '/media/truecrypt1/test-node-watchers/frontend-theme/tmp_new'
Tue Aug 18 2015 14:05:31 GMT+0600 (OMST) 'remove' '/media/truecrypt1/test-node-watchers/frontend-theme/tmp'
