Sun Aug 09 2015 05:16:49 GMT+0600 (OMST) 'addDir' 'backend-theme/tmp'
Sun Aug 09 2015 05:16:50 GMT+0600 (OMST) 'add' 'backend-theme/tmp/file'
Sun Aug 09 2015 05:16:50 GMT+0600 (OMST) 'change' 'backend-theme/tmp/file'
Sun Aug 09 2015 05:16:51 GMT+0600 (OMST) 'change' 'backend-theme/tmp/file'
Sun Aug 09 2015 05:16:51 GMT+0600 (OMST) 'add' 'backend-theme/tmp/file_new'
Sun Aug 09 2015 05:16:51 GMT+0600 (OMST) 'unlink' 'backend-theme/tmp/file'
Sun Aug 09 2015 05:16:52 GMT+0600 (OMST) 'change' 'backend-theme/tmp/file'
Sun Aug 09 2015 05:16:52 GMT+0600 (OMST) 'add' 'backend-theme/tmp/file'
Sun Aug 09 2015 05:16:52 GMT+0600 (OMST) 'unlink' 'backend-theme/tmp/file_new'
Sun Aug 09 2015 05:16:52 GMT+0600 (OMST) 'unlinkDir' 'backend-theme/tmp'
Sun Aug 09 2015 05:16:52 GMT+0600 (OMST) 'addDir' 'backend-theme/tmp_new'
Sun Aug 09 2015 05:16:52 GMT+0600 (OMST) 'add' 'backend-theme/tmp_new/file'
Sun Aug 09 2015 05:16:52 GMT+0600 (OMST) 'unlink' 'backend-theme/tmp/file'
Sun Aug 09 2015 05:16:53 GMT+0600 (OMST) 'unlinkDir' 'backend-theme/tmp_new'
Sun Aug 09 2015 05:16:53 GMT+0600 (OMST) 'addDir' 'backend-theme/tmp'
Sun Aug 09 2015 05:16:53 GMT+0600 (OMST) 'unlink' 'backend-theme/tmp_new/file'
Sun Aug 09 2015 05:16:54 GMT+0600 (OMST) 'unlinkDir' 'backend-theme/tmp'
Sun Aug 09 2015 05:16:59 GMT+0600 (OMST) 'addDir' 'frontend-theme/tmp'
Sun Aug 09 2015 05:17:00 GMT+0600 (OMST) 'add' 'frontend-theme/tmp/file'
Sun Aug 09 2015 05:17:00 GMT+0600 (OMST) 'change' 'frontend-theme/tmp/file'
Sun Aug 09 2015 05:17:01 GMT+0600 (OMST) 'change' 'frontend-theme/tmp/file'
Sun Aug 09 2015 05:17:01 GMT+0600 (OMST) 'add' 'frontend-theme/tmp/file_new'
Sun Aug 09 2015 05:17:01 GMT+0600 (OMST) 'unlink' 'frontend-theme/tmp/file'
Sun Aug 09 2015 05:17:02 GMT+0600 (OMST) 'change' 'frontend-theme/tmp/file'
Sun Aug 09 2015 05:17:02 GMT+0600 (OMST) 'add' 'frontend-theme/tmp/file'
Sun Aug 09 2015 05:17:02 GMT+0600 (OMST) 'unlink' 'frontend-theme/tmp/file_new'
Sun Aug 09 2015 05:17:02 GMT+0600 (OMST) 'unlinkDir' 'frontend-theme/tmp'
Sun Aug 09 2015 05:17:02 GMT+0600 (OMST) 'addDir' 'frontend-theme/tmp_new'
Sun Aug 09 2015 05:17:02 GMT+0600 (OMST) 'add' 'frontend-theme/tmp_new/file'
Sun Aug 09 2015 05:17:02 GMT+0600 (OMST) 'unlink' 'frontend-theme/tmp/file'
Sun Aug 09 2015 05:17:03 GMT+0600 (OMST) 'unlinkDir' 'frontend-theme/tmp_new'
Sun Aug 09 2015 05:17:03 GMT+0600 (OMST) 'addDir' 'frontend-theme/tmp'
Sun Aug 09 2015 05:17:03 GMT+0600 (OMST) 'unlink' 'frontend-theme/tmp_new/file'
Sun Aug 09 2015 05:17:04 GMT+0600 (OMST) 'unlinkDir' 'frontend-theme/tmp'
------------------------------------------------------------------------------------------------------------------------
Sun Aug 09 2015 05:17:10 GMT+0600 (OMST) 'addDir' 'backend-theme/tmp'
Sun Aug 09 2015 05:17:14 GMT+0600 (OMST) 'unlinkDir' 'backend-theme/tmp'
Sun Aug 09 2015 05:17:14 GMT+0600 (OMST) 'addDir' 'backend-theme/tmp_new'
Sun Aug 09 2015 05:17:14 GMT+0600 (OMST) 'add' 'backend-theme/tmp_new/file'
Sun Aug 09 2015 05:17:14 GMT+0600 (OMST) 'unlinkDir' 'backend-theme/tmp_new'
Sun Aug 09 2015 05:17:14 GMT+0600 (OMST) 'addDir' 'backend-theme/tmp'
Sun Aug 09 2015 05:17:14 GMT+0600 (OMST) 'unlink' 'backend-theme/tmp_new/file'
Sun Aug 09 2015 05:17:15 GMT+0600 (OMST) 'unlinkDir' 'backend-theme/tmp'
Sun Aug 09 2015 05:17:21 GMT+0600 (OMST) 'addDir' 'frontend-theme/tmp'
Sun Aug 09 2015 05:17:24 GMT+0600 (OMST) 'unlinkDir' 'frontend-theme/tmp'
Sun Aug 09 2015 05:17:24 GMT+0600 (OMST) 'addDir' 'frontend-theme/tmp_new'
Sun Aug 09 2015 05:17:24 GMT+0600 (OMST) 'add' 'frontend-theme/tmp_new/file'
Sun Aug 09 2015 05:17:24 GMT+0600 (OMST) 'unlinkDir' 'frontend-theme/tmp_new'
Sun Aug 09 2015 05:17:24 GMT+0600 (OMST) 'addDir' 'frontend-theme/tmp'
Sun Aug 09 2015 05:17:24 GMT+0600 (OMST) 'unlink' 'frontend-theme/tmp_new/file'
Sun Aug 09 2015 05:17:25 GMT+0600 (OMST) 'unlinkDir' 'frontend-theme/tmp'
