Sun Aug 09 2015 04:47:34 GMT+0600 (OMST) 'add' 'backend-theme/tmp/file'
Sun Aug 09 2015 04:47:35 GMT+0600 (OMST) 'change' 'backend-theme/tmp/file'
Sun Aug 09 2015 04:47:35 GMT+0600 (OMST) 'change' 'backend-theme/tmp/file'
Sun Aug 09 2015 04:47:36 GMT+0600 (OMST) 'add' 'backend-theme/tmp/file_new'
Sun Aug 09 2015 04:47:36 GMT+0600 (OMST) 'unlink' 'backend-theme/tmp/file'
Sun Aug 09 2015 04:47:36 GMT+0600 (OMST) 'change' 'backend-theme/tmp/file'
Sun Aug 09 2015 04:47:36 GMT+0600 (OMST) 'add' 'backend-theme/tmp/file'
Sun Aug 09 2015 04:47:36 GMT+0600 (OMST) 'unlink' 'backend-theme/tmp/file_new'
Sun Aug 09 2015 04:47:37 GMT+0600 (OMST) 'add' 'backend-theme/tmp_new/file'
Sun Aug 09 2015 04:47:38 GMT+0600 (OMST) 'unlinkDir' '/media/truecrypt1/test-node-watchers/backend-theme/tmp_new'
Sun Aug 09 2015 04:47:38 GMT+0600 (OMST) 'unlink' 'backend-theme/tmp/file'
Sun Aug 09 2015 04:47:38 GMT+0600 (OMST) 'unlink' 'backend-theme/tmp_new/file'
Sun Aug 09 2015 04:47:44 GMT+0600 (OMST) 'add' 'frontend-theme/tmp/file'
Sun Aug 09 2015 04:47:45 GMT+0600 (OMST) 'change' 'frontend-theme/tmp/file'
Sun Aug 09 2015 04:47:45 GMT+0600 (OMST) 'change' 'frontend-theme/tmp/file'
Sun Aug 09 2015 04:47:46 GMT+0600 (OMST) 'add' 'frontend-theme/tmp/file_new'
Sun Aug 09 2015 04:47:46 GMT+0600 (OMST) 'unlink' 'frontend-theme/tmp/file'
Sun Aug 09 2015 04:47:46 GMT+0600 (OMST) 'change' 'frontend-theme/tmp/file'
Sun Aug 09 2015 04:47:46 GMT+0600 (OMST) 'add' 'frontend-theme/tmp/file'
Sun Aug 09 2015 04:47:46 GMT+0600 (OMST) 'unlink' 'frontend-theme/tmp/file_new'
Sun Aug 09 2015 04:47:47 GMT+0600 (OMST) 'add' 'frontend-theme/tmp_new/file'
Sun Aug 09 2015 04:47:48 GMT+0600 (OMST) 'unlinkDir' '/media/truecrypt1/test-node-watchers/frontend-theme/tmp_new'
Sun Aug 09 2015 04:47:48 GMT+0600 (OMST) 'unlink' 'frontend-theme/tmp/file'
Sun Aug 09 2015 04:47:48 GMT+0600 (OMST) 'unlink' 'frontend-theme/tmp_new/file'
------------------------------------------------------------------------------------------------------------------------
Sun Aug 09 2015 04:48:04 GMT+0600 (OMST) 'add' 'backend-theme/tmp_new/file'
Sun Aug 09 2015 04:48:05 GMT+0600 (OMST) 'add' 'backend-theme/tmp/file'
Sun Aug 09 2015 04:48:14 GMT+0600 (OMST) 'add' 'frontend-theme/tmp_new/file'
Sun Aug 09 2015 04:48:15 GMT+0600 (OMST) 'add' 'frontend-theme/tmp/file'
