Sun Aug 09 2015 05:27:09 GMT+0600 (OMST) 'addDir' 'backend-theme/tmp'
Sun Aug 09 2015 05:27:10 GMT+0600 (OMST) 'add' 'backend-theme/tmp/file'
Sun Aug 09 2015 05:27:10 GMT+0600 (OMST) 'change' 'backend-theme/tmp/file'
Sun Aug 09 2015 05:27:11 GMT+0600 (OMST) 'change' 'backend-theme/tmp/file'
Sun Aug 09 2015 05:27:11 GMT+0600 (OMST) 'add' 'backend-theme/tmp/file_new'
Sun Aug 09 2015 05:27:11 GMT+0600 (OMST) 'unlink' 'backend-theme/tmp/file'
Sun Aug 09 2015 05:27:12 GMT+0600 (OMST) 'change' 'backend-theme/tmp/file'
Sun Aug 09 2015 05:27:12 GMT+0600 (OMST) 'add' 'backend-theme/tmp/file'
Sun Aug 09 2015 05:27:12 GMT+0600 (OMST) 'unlink' 'backend-theme/tmp/file_new'
Sun Aug 09 2015 05:27:12 GMT+0600 (OMST) 'unlinkDir' 'backend-theme/tmp'
Sun Aug 09 2015 05:27:12 GMT+0600 (OMST) 'addDir' 'backend-theme/tmp_new'
Sun Aug 09 2015 05:27:12 GMT+0600 (OMST) 'add' 'backend-theme/tmp_new/file'
Sun Aug 09 2015 05:27:12 GMT+0600 (OMST) 'unlink' 'backend-theme/tmp/file'
Sun Aug 09 2015 05:27:13 GMT+0600 (OMST) 'unlinkDir' 'backend-theme/tmp_new'
Sun Aug 09 2015 05:27:13 GMT+0600 (OMST) 'addDir' 'backend-theme/tmp'
Sun Aug 09 2015 05:27:13 GMT+0600 (OMST) 'unlink' 'backend-theme/tmp_new/file'
Sun Aug 09 2015 05:27:14 GMT+0600 (OMST) 'unlinkDir' 'backend-theme/tmp'
Sun Aug 09 2015 05:27:19 GMT+0600 (OMST) 'addDir' 'frontend-theme/tmp'
Sun Aug 09 2015 05:27:20 GMT+0600 (OMST) 'add' 'frontend-theme/tmp/file'
Sun Aug 09 2015 05:27:20 GMT+0600 (OMST) 'change' 'frontend-theme/tmp/file'
Sun Aug 09 2015 05:27:21 GMT+0600 (OMST) 'change' 'frontend-theme/tmp/file'
Sun Aug 09 2015 05:27:21 GMT+0600 (OMST) 'add' 'frontend-theme/tmp/file_new'
Sun Aug 09 2015 05:27:21 GMT+0600 (OMST) 'unlink' 'frontend-theme/tmp/file'
Sun Aug 09 2015 05:27:22 GMT+0600 (OMST) 'change' 'frontend-theme/tmp/file'
Sun Aug 09 2015 05:27:22 GMT+0600 (OMST) 'add' 'frontend-theme/tmp/file'
Sun Aug 09 2015 05:27:22 GMT+0600 (OMST) 'unlink' 'frontend-theme/tmp/file_new'
Sun Aug 09 2015 05:27:22 GMT+0600 (OMST) 'unlinkDir' 'frontend-theme/tmp'
Sun Aug 09 2015 05:27:22 GMT+0600 (OMST) 'addDir' 'frontend-theme/tmp_new'
Sun Aug 09 2015 05:27:22 GMT+0600 (OMST) 'add' 'frontend-theme/tmp_new/file'
Sun Aug 09 2015 05:27:22 GMT+0600 (OMST) 'unlink' 'frontend-theme/tmp/file'
Sun Aug 09 2015 05:27:23 GMT+0600 (OMST) 'unlinkDir' 'frontend-theme/tmp_new'
Sun Aug 09 2015 05:27:23 GMT+0600 (OMST) 'addDir' 'frontend-theme/tmp'
Sun Aug 09 2015 05:27:23 GMT+0600 (OMST) 'unlink' 'frontend-theme/tmp_new/file'
Sun Aug 09 2015 05:27:24 GMT+0600 (OMST) 'unlinkDir' 'frontend-theme/tmp'
------------------------------------------------------------------------------------------------------------------------
Sun Aug 09 2015 05:27:28 GMT+0600 (OMST) 'addDir' 'backend-theme/tmp'
Sun Aug 09 2015 05:27:31 GMT+0600 (OMST) 'unlinkDir' 'backend-theme/tmp'
Sun Aug 09 2015 05:27:31 GMT+0600 (OMST) 'addDir' 'backend-theme/tmp_new'
Sun Aug 09 2015 05:27:31 GMT+0600 (OMST) 'add' 'backend-theme/tmp_new/file'
Sun Aug 09 2015 05:27:31 GMT+0600 (OMST) 'unlinkDir' 'backend-theme/tmp_new'
Sun Aug 09 2015 05:27:31 GMT+0600 (OMST) 'addDir' 'backend-theme/tmp'
Sun Aug 09 2015 05:27:32 GMT+0600 (OMST) 'unlink' 'backend-theme/tmp_new/file'
Sun Aug 09 2015 05:27:32 GMT+0600 (OMST) 'unlinkDir' 'backend-theme/tmp'
Sun Aug 09 2015 05:27:38 GMT+0600 (OMST) 'addDir' 'frontend-theme/tmp'
Sun Aug 09 2015 05:27:41 GMT+0600 (OMST) 'unlinkDir' 'frontend-theme/tmp'
Sun Aug 09 2015 05:27:41 GMT+0600 (OMST) 'addDir' 'frontend-theme/tmp_new'
Sun Aug 09 2015 05:27:41 GMT+0600 (OMST) 'add' 'frontend-theme/tmp_new/file'
Sun Aug 09 2015 05:27:42 GMT+0600 (OMST) 'unlinkDir' 'frontend-theme/tmp_new'
Sun Aug 09 2015 05:27:42 GMT+0600 (OMST) 'addDir' 'frontend-theme/tmp'
Sun Aug 09 2015 05:27:42 GMT+0600 (OMST) 'unlink' 'frontend-theme/tmp_new/file'
Sun Aug 09 2015 05:27:43 GMT+0600 (OMST) 'unlinkDir' 'frontend-theme/tmp'
