Sun Aug 09 2015 06:22:34 GMT+0600 (OMST) 'addDir' 'backend-theme/tmp'
Sun Aug 09 2015 06:22:35 GMT+0600 (OMST) 'add' 'backend-theme/tmp/file'
Sun Aug 09 2015 06:22:35 GMT+0600 (OMST) 'change' 'backend-theme/tmp/file'
Sun Aug 09 2015 06:22:36 GMT+0600 (OMST) 'change' 'backend-theme/tmp/file'
Sun Aug 09 2015 06:22:36 GMT+0600 (OMST) 'unlink' 'backend-theme/tmp/file'
Sun Aug 09 2015 06:22:36 GMT+0600 (OMST) 'add' 'backend-theme/tmp/file_new'
Sun Aug 09 2015 06:22:37 GMT+0600 (OMST) 'unlink' 'backend-theme/tmp/file_new'
Sun Aug 09 2015 06:22:37 GMT+0600 (OMST) 'add' 'backend-theme/tmp/file'
Sun Aug 09 2015 06:22:37 GMT+0600 (OMST) 'unlink' 'backend-theme/tmp/file'
Sun Aug 09 2015 06:22:37 GMT+0600 (OMST) 'unlinkDir' '/media/truecrypt1/test-node-watchers/backend-theme/tmp'
Sun Aug 09 2015 06:22:37 GMT+0600 (OMST) 'addDir' 'backend-theme/tmp_new'
Sun Aug 09 2015 06:22:37 GMT+0600 (OMST) 'add' 'backend-theme/tmp_new/file'
Sun Aug 09 2015 06:22:38 GMT+0600 (OMST) 'unlink' 'backend-theme/tmp_new/file'
Sun Aug 09 2015 06:22:38 GMT+0600 (OMST) 'unlinkDir' '/media/truecrypt1/test-node-watchers/backend-theme/tmp_new'
Sun Aug 09 2015 06:22:38 GMT+0600 (OMST) 'addDir' 'backend-theme/tmp'
Sun Aug 09 2015 06:22:38 GMT+0600 (OMST) 'add' 'backend-theme/tmp/file'
Sun Aug 09 2015 06:22:38 GMT+0600 (OMST) 'unlink' 'backend-theme/tmp/file'
Sun Aug 09 2015 06:22:39 GMT+0600 (OMST) 'unlinkDir' 'backend-theme/tmp'
Sun Aug 09 2015 06:22:44 GMT+0600 (OMST) 'addDir' 'frontend-theme/tmp'
Sun Aug 09 2015 06:22:45 GMT+0600 (OMST) 'add' 'frontend-theme/tmp/file'
Sun Aug 09 2015 06:22:45 GMT+0600 (OMST) 'change' 'frontend-theme/tmp/file'
Sun Aug 09 2015 06:22:46 GMT+0600 (OMST) 'change' 'frontend-theme/tmp/file'
Sun Aug 09 2015 06:22:46 GMT+0600 (OMST) 'unlink' 'frontend-theme/tmp/file'
Sun Aug 09 2015 06:22:46 GMT+0600 (OMST) 'add' 'frontend-theme/tmp/file_new'
Sun Aug 09 2015 06:22:47 GMT+0600 (OMST) 'unlink' 'frontend-theme/tmp/file_new'
Sun Aug 09 2015 06:22:47 GMT+0600 (OMST) 'add' 'frontend-theme/tmp/file'
Sun Aug 09 2015 06:22:47 GMT+0600 (OMST) 'unlink' 'frontend-theme/tmp/file'
Sun Aug 09 2015 06:22:47 GMT+0600 (OMST) 'unlinkDir' '/media/truecrypt1/test-node-watchers/frontend-theme/tmp'
Sun Aug 09 2015 06:22:47 GMT+0600 (OMST) 'addDir' 'frontend-theme/tmp_new'
Sun Aug 09 2015 06:22:47 GMT+0600 (OMST) 'add' 'frontend-theme/tmp_new/file'
Sun Aug 09 2015 06:22:48 GMT+0600 (OMST) 'unlink' 'frontend-theme/tmp_new/file'
Sun Aug 09 2015 06:22:48 GMT+0600 (OMST) 'unlinkDir' '/media/truecrypt1/test-node-watchers/frontend-theme/tmp_new'
Sun Aug 09 2015 06:22:48 GMT+0600 (OMST) 'addDir' 'frontend-theme/tmp'
Sun Aug 09 2015 06:22:48 GMT+0600 (OMST) 'add' 'frontend-theme/tmp/file'
Sun Aug 09 2015 06:22:48 GMT+0600 (OMST) 'unlink' 'frontend-theme/tmp/file'
Sun Aug 09 2015 06:22:49 GMT+0600 (OMST) 'unlinkDir' 'frontend-theme/tmp'
------------------------------------------------------------------------------------------------------------------------
Sun Aug 09 2015 06:23:06 GMT+0600 (OMST) 'addDir' 'backend-theme/tmp'
Sun Aug 09 2015 06:23:07 GMT+0600 (OMST) 'add' 'backend-theme/tmp/file'
Sun Aug 09 2015 06:23:08 GMT+0600 (OMST) 'unlink' 'backend-theme/tmp/file'
Sun Aug 09 2015 06:23:08 GMT+0600 (OMST) 'add' 'backend-theme/tmp/file_new'
Sun Aug 09 2015 06:23:09 GMT+0600 (OMST) 'unlink' 'backend-theme/tmp/file_new'
Sun Aug 09 2015 06:23:09 GMT+0600 (OMST) 'add' 'backend-theme/tmp/file'
Sun Aug 09 2015 06:23:09 GMT+0600 (OMST) 'unlink' 'backend-theme/tmp/file'
Sun Aug 09 2015 06:23:09 GMT+0600 (OMST) 'unlinkDir' '/media/truecrypt1/test-node-watchers/backend-theme/tmp'
Sun Aug 09 2015 06:23:09 GMT+0600 (OMST) 'addDir' 'backend-theme/tmp_new'
Sun Aug 09 2015 06:23:09 GMT+0600 (OMST) 'add' 'backend-theme/tmp_new/file'
Sun Aug 09 2015 06:23:10 GMT+0600 (OMST) 'unlink' 'backend-theme/tmp_new/file'
Sun Aug 09 2015 06:23:10 GMT+0600 (OMST) 'unlinkDir' '/media/truecrypt1/test-node-watchers/backend-theme/tmp_new'
Sun Aug 09 2015 06:23:10 GMT+0600 (OMST) 'addDir' 'backend-theme/tmp'
Sun Aug 09 2015 06:23:10 GMT+0600 (OMST) 'add' 'backend-theme/tmp/file'
Sun Aug 09 2015 06:23:10 GMT+0600 (OMST) 'unlink' 'backend-theme/tmp/file'
Sun Aug 09 2015 06:23:11 GMT+0600 (OMST) 'unlinkDir' 'backend-theme/tmp'
Sun Aug 09 2015 06:23:16 GMT+0600 (OMST) 'addDir' 'frontend-theme/tmp'
Sun Aug 09 2015 06:23:17 GMT+0600 (OMST) 'add' 'frontend-theme/tmp/file'
Sun Aug 09 2015 06:23:18 GMT+0600 (OMST) 'unlink' 'frontend-theme/tmp/file'
Sun Aug 09 2015 06:23:18 GMT+0600 (OMST) 'add' 'frontend-theme/tmp/file_new'
Sun Aug 09 2015 06:23:19 GMT+0600 (OMST) 'unlink' 'frontend-theme/tmp/file_new'
Sun Aug 09 2015 06:23:19 GMT+0600 (OMST) 'add' 'frontend-theme/tmp/file'
Sun Aug 09 2015 06:23:19 GMT+0600 (OMST) 'unlink' 'frontend-theme/tmp/file'
Sun Aug 09 2015 06:23:19 GMT+0600 (OMST) 'unlinkDir' '/media/truecrypt1/test-node-watchers/frontend-theme/tmp'
Sun Aug 09 2015 06:23:19 GMT+0600 (OMST) 'addDir' 'frontend-theme/tmp_new'
Sun Aug 09 2015 06:23:19 GMT+0600 (OMST) 'add' 'frontend-theme/tmp_new/file'
Sun Aug 09 2015 06:23:20 GMT+0600 (OMST) 'unlink' 'frontend-theme/tmp_new/file'
Sun Aug 09 2015 06:23:20 GMT+0600 (OMST) 'unlinkDir' '/media/truecrypt1/test-node-watchers/frontend-theme/tmp_new'
Sun Aug 09 2015 06:23:20 GMT+0600 (OMST) 'addDir' 'frontend-theme/tmp'
Sun Aug 09 2015 06:23:20 GMT+0600 (OMST) 'add' 'frontend-theme/tmp/file'
Sun Aug 09 2015 06:23:20 GMT+0600 (OMST) 'unlink' 'frontend-theme/tmp/file'
Sun Aug 09 2015 06:23:21 GMT+0600 (OMST) 'unlinkDir' 'frontend-theme/tmp'
