Mon Aug 17 2015 12:28:43 GMT+0600 (OMST) Change detected:
+tmp/

Mon Aug 17 2015 12:28:44 GMT+0600 (OMST) Change detected:
+tmp/file

Mon Aug 17 2015 12:28:44 GMT+0600 (OMST) Change detected:
!tmp/file

Mon Aug 17 2015 12:28:45 GMT+0600 (OMST) Change detected:
!tmp/file

Mon Aug 17 2015 12:28:45 GMT+0600 (OMST) Change detected:
+tmp/file_new
-tmp/file

Mon Aug 17 2015 12:28:46 GMT+0600 (OMST) Change detected:
+tmp/file
-tmp/file_new

Mon Aug 17 2015 12:28:46 GMT+0600 (OMST) Change detected:
+tmp_new/file
-tmp/file
+tmp_new/
-tmp/

Mon Aug 17 2015 12:28:47 GMT+0600 (OMST) Change detected:
+tmp/file
-tmp_new/file
+tmp/
-tmp_new/

Mon Aug 17 2015 12:28:47 GMT+0600 (OMST) Change detected:
-tmp/file

Mon Aug 17 2015 12:28:48 GMT+0600 (OMST) Change detected:
-tmp/

Mon Aug 17 2015 12:28:53 GMT+0600 (OMST) Change detected:
+tmp/

Mon Aug 17 2015 12:28:54 GMT+0600 (OMST) Change detected:
+tmp/file

Mon Aug 17 2015 12:28:54 GMT+0600 (OMST) Change detected:
!tmp/file

Mon Aug 17 2015 12:28:55 GMT+0600 (OMST) Change detected:
!tmp/file

Mon Aug 17 2015 12:28:55 GMT+0600 (OMST) Change detected:
+tmp/file_new
-tmp/file

Mon Aug 17 2015 12:28:56 GMT+0600 (OMST) Change detected:
+tmp/file
-tmp/file_new

Mon Aug 17 2015 12:28:56 GMT+0600 (OMST) Change detected:
+tmp_new/file
-tmp/file
+tmp_new/
-tmp/

Mon Aug 17 2015 12:28:57 GMT+0600 (OMST) Change detected:
+tmp/file
-tmp_new/file
+tmp/
-tmp_new/

Mon Aug 17 2015 12:28:57 GMT+0600 (OMST) Change detected:
-tmp/file

Mon Aug 17 2015 12:28:58 GMT+0600 (OMST) Change detected:
-tmp/

------------------------------------------------------------------------------------------------------------------------
Mon Aug 17 2015 12:29:04 GMT+0600 (OMST) Change detected:
+tmp/

Mon Aug 17 2015 12:29:05 GMT+0600 (OMST) Change detected:
+tmp/file

Mon Aug 17 2015 12:29:05 GMT+0600 (OMST) Change detected:
!tmp/file

Mon Aug 17 2015 12:29:06 GMT+0600 (OMST) Change detected:
!tmp/file

Mon Aug 17 2015 12:29:06 GMT+0600 (OMST) Change detected:
+tmp/file_new
-tmp/file

Mon Aug 17 2015 12:29:07 GMT+0600 (OMST) Change detected:
+tmp/file
-tmp/file_new

Mon Aug 17 2015 12:29:07 GMT+0600 (OMST) Change detected:
+tmp_new/file
-tmp/file
+tmp_new/
-tmp/

Mon Aug 17 2015 12:29:08 GMT+0600 (OMST) Change detected:
+tmp/file
-tmp_new/file
+tmp/
-tmp_new/

Mon Aug 17 2015 12:29:08 GMT+0600 (OMST) Change detected:
-tmp/file

Mon Aug 17 2015 12:29:09 GMT+0600 (OMST) Change detected:
-tmp/

Mon Aug 17 2015 12:29:14 GMT+0600 (OMST) Change detected:
+tmp/

Mon Aug 17 2015 12:29:15 GMT+0600 (OMST) Change detected:
+tmp/file

Mon Aug 17 2015 12:29:15 GMT+0600 (OMST) Change detected:
!tmp/file

Mon Aug 17 2015 12:29:16 GMT+0600 (OMST) Change detected:
!tmp/file

Mon Aug 17 2015 12:29:16 GMT+0600 (OMST) Change detected:
+tmp/file_new
-tmp/file

Mon Aug 17 2015 12:29:17 GMT+0600 (OMST) Change detected:
+tmp/file
-tmp/file_new

Mon Aug 17 2015 12:29:17 GMT+0600 (OMST) Change detected:
+tmp_new/file
-tmp/file
+tmp_new/
-tmp/

Mon Aug 17 2015 12:29:18 GMT+0600 (OMST) Change detected:
+tmp/file
-tmp_new/file
+tmp/
-tmp_new/

Mon Aug 17 2015 12:29:18 GMT+0600 (OMST) Change detected:
-tmp/file

Mon Aug 17 2015 12:29:19 GMT+0600 (OMST) Change detected:
-tmp/

