Tue Aug 18 2015 14:30:20 GMT+0600 (OMST) 'add' 'backend-theme' [ 'tmp' ]
Tue Aug 18 2015 14:30:20 GMT+0600 (OMST) 'add' 'backend-theme' [ 'tmp_new' ]
Tue Aug 18 2015 14:30:20 GMT+0600 (OMST) 'delete' 'backend-theme' [ 'tmp' ]
Tue Aug 18 2015 14:30:20 GMT+0600 (OMST) 'add' 'backend-theme' [ 'tmp_new' ]
Tue Aug 18 2015 14:30:20 GMT+0600 (OMST) 'change' 'backend-theme' [ 'tmp' ]
Tue Aug 18 2015 14:30:20 GMT+0600 (OMST) 'delete' 'backend-theme' [ 'tmp' ]
Tue Aug 18 2015 14:30:20 GMT+0600 (OMST) 'add' 'frontend-theme' [ 'tmp' ]
Tue Aug 18 2015 14:30:20 GMT+0600 (OMST) 'add' 'frontend-theme' [ 'tmp_new' ]
Tue Aug 18 2015 14:30:20 GMT+0600 (OMST) 'delete' 'frontend-theme' [ 'tmp' ]
Tue Aug 18 2015 14:30:20 GMT+0600 (OMST) 'add' 'frontend-theme' [ 'tmp_new' ]
Tue Aug 18 2015 14:30:20 GMT+0600 (OMST) 'change' 'frontend-theme' [ 'tmp' ]
Tue Aug 18 2015 14:30:20 GMT+0600 (OMST) 'delete' 'frontend-theme' [ 'tmp' ]
------------------------------------------------------------------------------------------------------------------------
Tue Aug 18 2015 14:30:28 GMT+0600 (OMST) 'change' 'backend-theme' [ 'tmp' ]
Tue Aug 18 2015 14:30:28 GMT+0600 (OMST) 'add' 'backend-theme' [ 'tmp_new' ]
Tue Aug 18 2015 14:30:28 GMT+0600 (OMST) 'delete' 'backend-theme' [ 'tmp' ]
Tue Aug 18 2015 14:30:28 GMT+0600 (OMST) 'add' 'backend-theme' [ 'tmp_new' ]
Tue Aug 18 2015 14:30:28 GMT+0600 (OMST) 'change' 'backend-theme' [ 'tmp' ]
Tue Aug 18 2015 14:30:28 GMT+0600 (OMST) 'delete' 'backend-theme' [ 'tmp' ]
Tue Aug 18 2015 14:30:28 GMT+0600 (OMST) 'change' 'frontend-theme' [ 'tmp' ]
Tue Aug 18 2015 14:30:28 GMT+0600 (OMST) 'add' 'frontend-theme' [ 'tmp_new' ]
Tue Aug 18 2015 14:30:28 GMT+0600 (OMST) 'delete' 'frontend-theme' [ 'tmp' ]
Tue Aug 18 2015 14:30:28 GMT+0600 (OMST) 'add' 'frontend-theme' [ 'tmp_new' ]
Tue Aug 18 2015 14:30:28 GMT+0600 (OMST) 'change' 'frontend-theme' [ 'tmp' ]
Tue Aug 18 2015 14:30:28 GMT+0600 (OMST) 'delete' 'frontend-theme' [ 'tmp' ]
