Tue Aug 18 2015 14:26:13 GMT+0600 (OMST) 'add' 'backend-theme' [ 'tmp' ]
Tue Aug 18 2015 14:26:16 GMT+0600 (OMST) 'add' 'backend-theme' [ 'tmp_new' ]
Tue Aug 18 2015 14:26:16 GMT+0600 (OMST) 'delete' 'backend-theme' [ 'tmp' ]
Tue Aug 18 2015 14:26:17 GMT+0600 (OMST) 'add' 'backend-theme' [ 'tmp_new' ]
Tue Aug 18 2015 14:26:17 GMT+0600 (OMST) 'change' 'backend-theme' [ 'tmp' ]
Tue Aug 18 2015 14:26:18 GMT+0600 (OMST) 'delete' 'backend-theme' [ 'tmp' ]
Tue Aug 18 2015 14:26:23 GMT+0600 (OMST) 'add' 'frontend-theme' [ 'tmp' ]
Tue Aug 18 2015 14:26:26 GMT+0600 (OMST) 'add' 'frontend-theme' [ 'tmp_new' ]
Tue Aug 18 2015 14:26:26 GMT+0600 (OMST) 'delete' 'frontend-theme' [ 'tmp' ]
Tue Aug 18 2015 14:26:27 GMT+0600 (OMST) 'add' 'frontend-theme' [ 'tmp_new' ]
Tue Aug 18 2015 14:26:27 GMT+0600 (OMST) 'change' 'frontend-theme' [ 'tmp' ]
Tue Aug 18 2015 14:26:28 GMT+0600 (OMST) 'delete' 'frontend-theme' [ 'tmp' ]
------------------------------------------------------------------------------------------------------------------------
Tue Aug 18 2015 14:26:44 GMT+0600 (OMST) 'change' 'backend-theme' [ 'tmp' ]
Tue Aug 18 2015 14:26:47 GMT+0600 (OMST) 'add' 'backend-theme' [ 'tmp_new' ]
Tue Aug 18 2015 14:26:47 GMT+0600 (OMST) 'delete' 'backend-theme' [ 'tmp' ]
Tue Aug 18 2015 14:26:47 GMT+0600 (OMST) 'add' 'backend-theme' [ 'tmp_new' ]
Tue Aug 18 2015 14:26:47 GMT+0600 (OMST) 'change' 'backend-theme' [ 'tmp' ]
Tue Aug 18 2015 14:26:48 GMT+0600 (OMST) 'delete' 'backend-theme' [ 'tmp' ]
Tue Aug 18 2015 14:26:54 GMT+0600 (OMST) 'change' 'frontend-theme' [ 'tmp' ]
Tue Aug 18 2015 14:26:57 GMT+0600 (OMST) 'add' 'frontend-theme' [ 'tmp_new' ]
Tue Aug 18 2015 14:26:57 GMT+0600 (OMST) 'delete' 'frontend-theme' [ 'tmp' ]
Tue Aug 18 2015 14:26:57 GMT+0600 (OMST) 'add' 'frontend-theme' [ 'tmp_new' ]
Tue Aug 18 2015 14:26:57 GMT+0600 (OMST) 'change' 'frontend-theme' [ 'tmp' ]
Tue Aug 18 2015 14:26:58 GMT+0600 (OMST) 'delete' 'frontend-theme' [ 'tmp' ]
