Mon Aug 10 2015 04:51:34 GMT+0600 (OMST) 'add' 'tmp' '/media/truecrypt1/test-node-watchers/backend-theme'
Mon Aug 10 2015 04:51:39 GMT+0600 (OMST) 'add' 'tmp/file' '/media/truecrypt1/test-node-watchers/backend-theme'
Mon Aug 10 2015 04:51:44 GMT+0600 (OMST) 'change' 'tmp/file' '/media/truecrypt1/test-node-watchers/backend-theme'
Mon Aug 10 2015 04:51:49 GMT+0600 (OMST) 'change' 'tmp/file' '/media/truecrypt1/test-node-watchers/backend-theme'
Mon Aug 10 2015 04:51:54 GMT+0600 (OMST) 'delete' 'tmp/file' '/media/truecrypt1/test-node-watchers/backend-theme'
Mon Aug 10 2015 04:51:54 GMT+0600 (OMST) 'add' 'tmp/file_new' '/media/truecrypt1/test-node-watchers/backend-theme'
Mon Aug 10 2015 04:51:59 GMT+0600 (OMST) 'delete' 'tmp/file_new' '/media/truecrypt1/test-node-watchers/backend-theme'
Mon Aug 10 2015 04:51:59 GMT+0600 (OMST) 'add' 'tmp/file' '/media/truecrypt1/test-node-watchers/backend-theme'
Mon Aug 10 2015 04:52:04 GMT+0600 (OMST) 'delete' 'tmp/file' '/media/truecrypt1/test-node-watchers/backend-theme'
Mon Aug 10 2015 04:52:04 GMT+0600 (OMST) 'delete' 'tmp' '/media/truecrypt1/test-node-watchers/backend-theme'
Mon Aug 10 2015 04:52:04 GMT+0600 (OMST) 'add' 'tmp_new/file' '/media/truecrypt1/test-node-watchers/backend-theme'
Mon Aug 10 2015 04:52:04 GMT+0600 (OMST) 'add' 'tmp_new' '/media/truecrypt1/test-node-watchers/backend-theme'
Mon Aug 10 2015 04:52:09 GMT+0600 (OMST) 'delete' 'tmp_new/file' '/media/truecrypt1/test-node-watchers/backend-theme'
Mon Aug 10 2015 04:52:09 GMT+0600 (OMST) 'delete' 'tmp_new' '/media/truecrypt1/test-node-watchers/backend-theme'
Mon Aug 10 2015 04:52:09 GMT+0600 (OMST) 'add' 'tmp/file' '/media/truecrypt1/test-node-watchers/backend-theme'
Mon Aug 10 2015 04:52:09 GMT+0600 (OMST) 'add' 'tmp' '/media/truecrypt1/test-node-watchers/backend-theme'
Mon Aug 10 2015 04:52:14 GMT+0600 (OMST) 'delete' 'tmp/file' '/media/truecrypt1/test-node-watchers/backend-theme'
Mon Aug 10 2015 04:52:19 GMT+0600 (OMST) 'delete' 'tmp' '/media/truecrypt1/test-node-watchers/backend-theme'
Mon Aug 10 2015 04:53:14 GMT+0600 (OMST) 'add' 'tmp' '/media/truecrypt1/test-node-watchers/frontend-theme'
Mon Aug 10 2015 04:53:19 GMT+0600 (OMST) 'add' 'tmp/file' '/media/truecrypt1/test-node-watchers/frontend-theme'
Mon Aug 10 2015 04:53:24 GMT+0600 (OMST) 'change' 'tmp/file' '/media/truecrypt1/test-node-watchers/frontend-theme'
Mon Aug 10 2015 04:53:29 GMT+0600 (OMST) 'change' 'tmp/file' '/media/truecrypt1/test-node-watchers/frontend-theme'
Mon Aug 10 2015 04:53:34 GMT+0600 (OMST) 'delete' 'tmp/file' '/media/truecrypt1/test-node-watchers/frontend-theme'
Mon Aug 10 2015 04:53:34 GMT+0600 (OMST) 'add' 'tmp/file_new' '/media/truecrypt1/test-node-watchers/frontend-theme'
Mon Aug 10 2015 04:53:39 GMT+0600 (OMST) 'delete' 'tmp/file_new' '/media/truecrypt1/test-node-watchers/frontend-theme'
Mon Aug 10 2015 04:53:39 GMT+0600 (OMST) 'add' 'tmp/file' '/media/truecrypt1/test-node-watchers/frontend-theme'
Mon Aug 10 2015 04:53:44 GMT+0600 (OMST) 'delete' 'tmp/file' '/media/truecrypt1/test-node-watchers/frontend-theme'
Mon Aug 10 2015 04:53:44 GMT+0600 (OMST) 'delete' 'tmp' '/media/truecrypt1/test-node-watchers/frontend-theme'
Mon Aug 10 2015 04:53:44 GMT+0600 (OMST) 'add' 'tmp_new/file' '/media/truecrypt1/test-node-watchers/frontend-theme'
Mon Aug 10 2015 04:53:44 GMT+0600 (OMST) 'add' 'tmp_new' '/media/truecrypt1/test-node-watchers/frontend-theme'
Mon Aug 10 2015 04:53:49 GMT+0600 (OMST) 'delete' 'tmp_new/file' '/media/truecrypt1/test-node-watchers/frontend-theme'
Mon Aug 10 2015 04:53:49 GMT+0600 (OMST) 'delete' 'tmp_new' '/media/truecrypt1/test-node-watchers/frontend-theme'
Mon Aug 10 2015 04:53:49 GMT+0600 (OMST) 'add' 'tmp/file' '/media/truecrypt1/test-node-watchers/frontend-theme'
Mon Aug 10 2015 04:53:49 GMT+0600 (OMST) 'add' 'tmp' '/media/truecrypt1/test-node-watchers/frontend-theme'
Mon Aug 10 2015 04:53:54 GMT+0600 (OMST) 'delete' 'tmp/file' '/media/truecrypt1/test-node-watchers/frontend-theme'
Mon Aug 10 2015 04:53:59 GMT+0600 (OMST) 'delete' 'tmp' '/media/truecrypt1/test-node-watchers/frontend-theme'
------------------------------------------------------------------------------------------------------------------------
Mon Aug 10 2015 04:55:34 GMT+0600 (OMST) 'add' 'tmp' '/media/truecrypt1/test-node-watchers/backend-theme'
Mon Aug 10 2015 04:55:39 GMT+0600 (OMST) 'add' 'tmp/file' '/media/truecrypt1/test-node-watchers/backend-theme'
Mon Aug 10 2015 04:55:44 GMT+0600 (OMST) 'change' 'tmp/file' '/media/truecrypt1/test-node-watchers/backend-theme'
Mon Aug 10 2015 04:55:49 GMT+0600 (OMST) 'change' 'tmp/file' '/media/truecrypt1/test-node-watchers/backend-theme'
Mon Aug 10 2015 04:55:54 GMT+0600 (OMST) 'delete' 'tmp/file' '/media/truecrypt1/test-node-watchers/backend-theme'
Mon Aug 10 2015 04:55:54 GMT+0600 (OMST) 'add' 'tmp/file_new' '/media/truecrypt1/test-node-watchers/backend-theme'
Mon Aug 10 2015 04:55:59 GMT+0600 (OMST) 'delete' 'tmp/file_new' '/media/truecrypt1/test-node-watchers/backend-theme'
Mon Aug 10 2015 04:55:59 GMT+0600 (OMST) 'add' 'tmp/file' '/media/truecrypt1/test-node-watchers/backend-theme'
Mon Aug 10 2015 04:56:04 GMT+0600 (OMST) 'delete' 'tmp/file' '/media/truecrypt1/test-node-watchers/backend-theme'
Mon Aug 10 2015 04:56:04 GMT+0600 (OMST) 'delete' 'tmp' '/media/truecrypt1/test-node-watchers/backend-theme'
Mon Aug 10 2015 04:56:04 GMT+0600 (OMST) 'add' 'tmp_new/file' '/media/truecrypt1/test-node-watchers/backend-theme'
Mon Aug 10 2015 04:56:04 GMT+0600 (OMST) 'add' 'tmp_new' '/media/truecrypt1/test-node-watchers/backend-theme'
Mon Aug 10 2015 04:56:09 GMT+0600 (OMST) 'delete' 'tmp_new/file' '/media/truecrypt1/test-node-watchers/backend-theme'
Mon Aug 10 2015 04:56:09 GMT+0600 (OMST) 'delete' 'tmp_new' '/media/truecrypt1/test-node-watchers/backend-theme'
Mon Aug 10 2015 04:56:09 GMT+0600 (OMST) 'add' 'tmp/file' '/media/truecrypt1/test-node-watchers/backend-theme'
Mon Aug 10 2015 04:56:09 GMT+0600 (OMST) 'add' 'tmp' '/media/truecrypt1/test-node-watchers/backend-theme'
Mon Aug 10 2015 04:56:14 GMT+0600 (OMST) 'delete' 'tmp/file' '/media/truecrypt1/test-node-watchers/backend-theme'
Mon Aug 10 2015 04:56:19 GMT+0600 (OMST) 'delete' 'tmp' '/media/truecrypt1/test-node-watchers/backend-theme'
Mon Aug 10 2015 04:57:14 GMT+0600 (OMST) 'add' 'tmp' '/media/truecrypt1/test-node-watchers/frontend-theme'
Mon Aug 10 2015 04:57:19 GMT+0600 (OMST) 'add' 'tmp/file' '/media/truecrypt1/test-node-watchers/frontend-theme'
Mon Aug 10 2015 04:57:24 GMT+0600 (OMST) 'change' 'tmp/file' '/media/truecrypt1/test-node-watchers/frontend-theme'
Mon Aug 10 2015 04:57:29 GMT+0600 (OMST) 'change' 'tmp/file' '/media/truecrypt1/test-node-watchers/frontend-theme'
Mon Aug 10 2015 04:57:34 GMT+0600 (OMST) 'delete' 'tmp/file' '/media/truecrypt1/test-node-watchers/frontend-theme'
Mon Aug 10 2015 04:57:34 GMT+0600 (OMST) 'add' 'tmp/file_new' '/media/truecrypt1/test-node-watchers/frontend-theme'
Mon Aug 10 2015 04:57:39 GMT+0600 (OMST) 'delete' 'tmp/file_new' '/media/truecrypt1/test-node-watchers/frontend-theme'
Mon Aug 10 2015 04:57:39 GMT+0600 (OMST) 'add' 'tmp/file' '/media/truecrypt1/test-node-watchers/frontend-theme'
Mon Aug 10 2015 04:57:44 GMT+0600 (OMST) 'delete' 'tmp/file' '/media/truecrypt1/test-node-watchers/frontend-theme'
Mon Aug 10 2015 04:57:44 GMT+0600 (OMST) 'delete' 'tmp' '/media/truecrypt1/test-node-watchers/frontend-theme'
Mon Aug 10 2015 04:57:44 GMT+0600 (OMST) 'add' 'tmp_new/file' '/media/truecrypt1/test-node-watchers/frontend-theme'
Mon Aug 10 2015 04:57:44 GMT+0600 (OMST) 'add' 'tmp_new' '/media/truecrypt1/test-node-watchers/frontend-theme'
Mon Aug 10 2015 04:57:49 GMT+0600 (OMST) 'delete' 'tmp_new/file' '/media/truecrypt1/test-node-watchers/frontend-theme'
Mon Aug 10 2015 04:57:49 GMT+0600 (OMST) 'delete' 'tmp_new' '/media/truecrypt1/test-node-watchers/frontend-theme'
Mon Aug 10 2015 04:57:49 GMT+0600 (OMST) 'add' 'tmp/file' '/media/truecrypt1/test-node-watchers/frontend-theme'
Mon Aug 10 2015 04:57:49 GMT+0600 (OMST) 'add' 'tmp' '/media/truecrypt1/test-node-watchers/frontend-theme'
Mon Aug 10 2015 04:57:54 GMT+0600 (OMST) 'delete' 'tmp/file' '/media/truecrypt1/test-node-watchers/frontend-theme'
Mon Aug 10 2015 04:57:59 GMT+0600 (OMST) 'delete' 'tmp' '/media/truecrypt1/test-node-watchers/frontend-theme'
