Mon Aug 10 2015 02:33:39 GMT+0600 (OMST) '/media/truecrypt1/test-node-watchers/backend-theme/tmp was added'
Mon Aug 10 2015 02:33:44 GMT+0600 (OMST) '/media/truecrypt1/test-node-watchers/backend-theme/tmp/file was added'
Mon Aug 10 2015 02:33:49 GMT+0600 (OMST) '/media/truecrypt1/test-node-watchers/backend-theme/tmp/file was changed'
Mon Aug 10 2015 02:33:54 GMT+0600 (OMST) '/media/truecrypt1/test-node-watchers/backend-theme/tmp/file was changed'
Mon Aug 10 2015 02:34:00 GMT+0600 (OMST) '/media/truecrypt1/test-node-watchers/backend-theme/tmp/file was deleted'
Mon Aug 10 2015 02:34:10 GMT+0600 (OMST) '/media/truecrypt1/test-node-watchers/backend-theme/tmp/ was deleted'
Mon Aug 10 2015 02:35:20 GMT+0600 (OMST) '/media/truecrypt1/test-node-watchers/frontend-theme/tmp was added'
Mon Aug 10 2015 02:35:25 GMT+0600 (OMST) '/media/truecrypt1/test-node-watchers/frontend-theme/tmp/file was added'
Mon Aug 10 2015 02:35:30 GMT+0600 (OMST) '/media/truecrypt1/test-node-watchers/frontend-theme/tmp/file was changed'
Mon Aug 10 2015 02:35:35 GMT+0600 (OMST) '/media/truecrypt1/test-node-watchers/frontend-theme/tmp/file was changed'
Mon Aug 10 2015 02:35:40 GMT+0600 (OMST) '/media/truecrypt1/test-node-watchers/frontend-theme/tmp/file was deleted'
Mon Aug 10 2015 02:35:50 GMT+0600 (OMST) '/media/truecrypt1/test-node-watchers/frontend-theme/tmp/ was deleted'
------------------------------------------------------------------------------------------------------------------------
Mon Aug 10 2015 02:37:19 GMT+0600 (OMST) '/media/truecrypt1/test-node-watchers/backend-theme/tmp was added'
Mon Aug 10 2015 02:37:24 GMT+0600 (OMST) '/media/truecrypt1/test-node-watchers/backend-theme/tmp/file was added'
Mon Aug 10 2015 02:37:29 GMT+0600 (OMST) '/media/truecrypt1/test-node-watchers/backend-theme/tmp/file was changed'
Mon Aug 10 2015 02:37:34 GMT+0600 (OMST) '/media/truecrypt1/test-node-watchers/backend-theme/tmp/file was changed'
Mon Aug 10 2015 02:37:40 GMT+0600 (OMST) '/media/truecrypt1/test-node-watchers/backend-theme/tmp/file was deleted'
Mon Aug 10 2015 02:37:50 GMT+0600 (OMST) '/media/truecrypt1/test-node-watchers/backend-theme/tmp/ was deleted'
Mon Aug 10 2015 02:39:00 GMT+0600 (OMST) '/media/truecrypt1/test-node-watchers/frontend-theme/tmp was added'
Mon Aug 10 2015 02:39:05 GMT+0600 (OMST) '/media/truecrypt1/test-node-watchers/frontend-theme/tmp/file was added'
Mon Aug 10 2015 02:39:10 GMT+0600 (OMST) '/media/truecrypt1/test-node-watchers/frontend-theme/tmp/file was changed'
Mon Aug 10 2015 02:39:15 GMT+0600 (OMST) '/media/truecrypt1/test-node-watchers/frontend-theme/tmp/file was changed'
Mon Aug 10 2015 02:39:20 GMT+0600 (OMST) '/media/truecrypt1/test-node-watchers/frontend-theme/tmp/file was deleted'
Mon Aug 10 2015 02:39:30 GMT+0600 (OMST) '/media/truecrypt1/test-node-watchers/frontend-theme/tmp/ was deleted'
