Mon Aug 10 2015 05:05:13 GMT+0600 (OMST) 'backend-theme/tmp was created'
Mon Aug 10 2015 05:05:14 GMT+0600 (OMST) 'backend-theme/tmp/file was created'
Mon Aug 10 2015 05:05:14 GMT+0600 (OMST) 'backend-theme/tmp/file was changed'
Mon Aug 10 2015 05:05:15 GMT+0600 (OMST) 'backend-theme/tmp/file was changed'
Mon Aug 10 2015 05:05:15 GMT+0600 (OMST) 'backend-theme/tmp/file_new was created'
Mon Aug 10 2015 05:05:15 GMT+0600 (OMST) 'backend-theme/tmp/file was deleted'
Mon Aug 10 2015 05:05:15 GMT+0600 (OMST) 'backend-theme/tmp/file_new was changed'
Mon Aug 10 2015 05:05:16 GMT+0600 (OMST) 'backend-theme/tmp/file was created'
Mon Aug 10 2015 05:05:16 GMT+0600 (OMST) 'backend-theme/tmp/file_new was deleted'
Mon Aug 10 2015 05:05:16 GMT+0600 (OMST) 'backend-theme/tmp/file was changed'
Mon Aug 10 2015 05:05:16 GMT+0600 (OMST) 'backend-theme/tmp_new was created'
Mon Aug 10 2015 05:05:16 GMT+0600 (OMST) 'backend-theme/tmp was deleted'
Mon Aug 10 2015 05:05:17 GMT+0600 (OMST) 'backend-theme/tmp was created'
Mon Aug 10 2015 05:05:17 GMT+0600 (OMST) 'backend-theme/tmp_new was deleted'
Mon Aug 10 2015 05:05:17 GMT+0600 (OMST) 'backend-theme/tmp/file was deleted'
Mon Aug 10 2015 05:05:17 GMT+0600 (OMST) 'backend-theme/tmp_new/file was deleted'
Mon Aug 10 2015 05:05:17 GMT+0600 (OMST) 'backend-theme/tmp/file was deleted'
Mon Aug 10 2015 05:05:17 GMT+0600 (OMST) 'backend-theme/tmp/file was deleted'
Mon Aug 10 2015 05:05:18 GMT+0600 (OMST) 'backend-theme/tmp was deleted'
Mon Aug 10 2015 05:05:23 GMT+0600 (OMST) 'frontend-theme/tmp was created'
Mon Aug 10 2015 05:05:24 GMT+0600 (OMST) 'frontend-theme/tmp/file was created'
Mon Aug 10 2015 05:05:24 GMT+0600 (OMST) 'frontend-theme/tmp/file was changed'
Mon Aug 10 2015 05:05:25 GMT+0600 (OMST) 'frontend-theme/tmp/file was changed'
Mon Aug 10 2015 05:05:25 GMT+0600 (OMST) 'frontend-theme/tmp/file_new was created'
Mon Aug 10 2015 05:05:25 GMT+0600 (OMST) 'frontend-theme/tmp/file was deleted'
Mon Aug 10 2015 05:05:25 GMT+0600 (OMST) 'frontend-theme/tmp/file_new was changed'
Mon Aug 10 2015 05:05:26 GMT+0600 (OMST) 'frontend-theme/tmp/file was created'
Mon Aug 10 2015 05:05:26 GMT+0600 (OMST) 'frontend-theme/tmp/file_new was deleted'
Mon Aug 10 2015 05:05:26 GMT+0600 (OMST) 'frontend-theme/tmp/file was changed'
Mon Aug 10 2015 05:05:26 GMT+0600 (OMST) 'frontend-theme/tmp_new was created'
Mon Aug 10 2015 05:05:26 GMT+0600 (OMST) 'frontend-theme/tmp was deleted'
Mon Aug 10 2015 05:05:27 GMT+0600 (OMST) 'frontend-theme/tmp was created'
Mon Aug 10 2015 05:05:27 GMT+0600 (OMST) 'frontend-theme/tmp_new was deleted'
Mon Aug 10 2015 05:05:27 GMT+0600 (OMST) 'frontend-theme/tmp/file was deleted'
Mon Aug 10 2015 05:05:27 GMT+0600 (OMST) 'frontend-theme/tmp_new/file was deleted'
Mon Aug 10 2015 05:05:27 GMT+0600 (OMST) 'frontend-theme/tmp/file was deleted'
Mon Aug 10 2015 05:05:27 GMT+0600 (OMST) 'frontend-theme/tmp/file was deleted'
Mon Aug 10 2015 05:05:28 GMT+0600 (OMST) 'frontend-theme/tmp was deleted'
------------------------------------------------------------------------------------------------------------------------
Mon Aug 10 2015 05:05:34 GMT+0600 (OMST) 'backend-theme/tmp was created'
Mon Aug 10 2015 05:05:35 GMT+0600 (OMST) 'backend-theme/tmp/file was created'
Mon Aug 10 2015 05:05:35 GMT+0600 (OMST) 'backend-theme/tmp/file was changed'
Mon Aug 10 2015 05:05:36 GMT+0600 (OMST) 'backend-theme/tmp/file was changed'
Mon Aug 10 2015 05:05:36 GMT+0600 (OMST) 'backend-theme/tmp/file_new was created'
Mon Aug 10 2015 05:05:36 GMT+0600 (OMST) 'backend-theme/tmp/file was deleted'
Mon Aug 10 2015 05:05:36 GMT+0600 (OMST) 'backend-theme/tmp/file_new was changed'
Mon Aug 10 2015 05:05:37 GMT+0600 (OMST) 'backend-theme/tmp/file was created'
Mon Aug 10 2015 05:05:37 GMT+0600 (OMST) 'backend-theme/tmp/file_new was deleted'
Mon Aug 10 2015 05:05:37 GMT+0600 (OMST) 'backend-theme/tmp/file was changed'
Mon Aug 10 2015 05:05:37 GMT+0600 (OMST) 'backend-theme/tmp_new was created'
Mon Aug 10 2015 05:05:37 GMT+0600 (OMST) 'backend-theme/tmp was deleted'
Mon Aug 10 2015 05:05:38 GMT+0600 (OMST) 'backend-theme/tmp was created'
Mon Aug 10 2015 05:05:38 GMT+0600 (OMST) 'backend-theme/tmp_new was deleted'
Mon Aug 10 2015 05:05:38 GMT+0600 (OMST) 'backend-theme/tmp/file was deleted'
Mon Aug 10 2015 05:05:38 GMT+0600 (OMST) 'backend-theme/tmp_new/file was deleted'
Mon Aug 10 2015 05:05:38 GMT+0600 (OMST) 'backend-theme/tmp/file was deleted'
Mon Aug 10 2015 05:05:38 GMT+0600 (OMST) 'backend-theme/tmp/file was deleted'
Mon Aug 10 2015 05:05:39 GMT+0600 (OMST) 'backend-theme/tmp was deleted'
Mon Aug 10 2015 05:05:44 GMT+0600 (OMST) 'frontend-theme/tmp was created'
Mon Aug 10 2015 05:05:45 GMT+0600 (OMST) 'frontend-theme/tmp/file was created'
Mon Aug 10 2015 05:05:45 GMT+0600 (OMST) 'frontend-theme/tmp/file was changed'
Mon Aug 10 2015 05:05:46 GMT+0600 (OMST) 'frontend-theme/tmp/file was changed'
Mon Aug 10 2015 05:05:46 GMT+0600 (OMST) 'frontend-theme/tmp/file_new was created'
Mon Aug 10 2015 05:05:46 GMT+0600 (OMST) 'frontend-theme/tmp/file was deleted'
Mon Aug 10 2015 05:05:46 GMT+0600 (OMST) 'frontend-theme/tmp/file_new was changed'
Mon Aug 10 2015 05:05:47 GMT+0600 (OMST) 'frontend-theme/tmp/file was created'
Mon Aug 10 2015 05:05:47 GMT+0600 (OMST) 'frontend-theme/tmp/file_new was deleted'
Mon Aug 10 2015 05:05:47 GMT+0600 (OMST) 'frontend-theme/tmp/file was changed'
Mon Aug 10 2015 05:05:47 GMT+0600 (OMST) 'frontend-theme/tmp_new was created'
Mon Aug 10 2015 05:05:47 GMT+0600 (OMST) 'frontend-theme/tmp was deleted'
Mon Aug 10 2015 05:05:48 GMT+0600 (OMST) 'frontend-theme/tmp was created'
Mon Aug 10 2015 05:05:48 GMT+0600 (OMST) 'frontend-theme/tmp_new was deleted'
Mon Aug 10 2015 05:05:48 GMT+0600 (OMST) 'frontend-theme/tmp/file was deleted'
Mon Aug 10 2015 05:05:48 GMT+0600 (OMST) 'frontend-theme/tmp_new/file was deleted'
Mon Aug 10 2015 05:05:48 GMT+0600 (OMST) 'frontend-theme/tmp/file was deleted'
Mon Aug 10 2015 05:05:48 GMT+0600 (OMST) 'frontend-theme/tmp/file was deleted'
Mon Aug 10 2015 05:05:49 GMT+0600 (OMST) 'frontend-theme/tmp was deleted'
