Mon Aug 10 2015 04:47:42 GMT+0600 (OMST) 'delete' 'tmp' '/media/truecrypt1/test-node-watchers/backend-theme'
Mon Aug 10 2015 04:47:42 GMT+0600 (OMST) 'delete' 'tmp/file' '/media/truecrypt1/test-node-watchers/backend-theme'
Mon Aug 10 2015 04:47:42 GMT+0600 (OMST) 'delete' 'tmp_new/file' '/media/truecrypt1/test-node-watchers/backend-theme'
Mon Aug 10 2015 04:47:42 GMT+0600 (OMST) 'delete' 'tmp_new' '/media/truecrypt1/test-node-watchers/backend-theme'
Mon Aug 10 2015 04:47:42 GMT+0600 (OMST) 'delete' 'tmp/file_new' '/media/truecrypt1/test-node-watchers/backend-theme'
Mon Aug 10 2015 04:47:42 GMT+0600 (OMST) 'delete' 'tmp' '/media/truecrypt1/test-node-watchers/frontend-theme'
Mon Aug 10 2015 04:47:42 GMT+0600 (OMST) 'delete' 'tmp/file' '/media/truecrypt1/test-node-watchers/frontend-theme'
Mon Aug 10 2015 04:47:42 GMT+0600 (OMST) 'delete' 'tmp_new/file' '/media/truecrypt1/test-node-watchers/frontend-theme'
Mon Aug 10 2015 04:47:42 GMT+0600 (OMST) 'delete' 'tmp_new' '/media/truecrypt1/test-node-watchers/frontend-theme'
Mon Aug 10 2015 04:47:42 GMT+0600 (OMST) 'delete' 'tmp/file_new' '/media/truecrypt1/test-node-watchers/frontend-theme'
------------------------------------------------------------------------------------------------------------------------
Mon Aug 10 2015 04:47:46 GMT+0600 (OMST) 'delete' 'tmp' '/media/truecrypt1/test-node-watchers/backend-theme'
Mon Aug 10 2015 04:47:46 GMT+0600 (OMST) 'delete' 'tmp/file' '/media/truecrypt1/test-node-watchers/backend-theme'
Mon Aug 10 2015 04:47:46 GMT+0600 (OMST) 'delete' 'tmp_new/file' '/media/truecrypt1/test-node-watchers/backend-theme'
Mon Aug 10 2015 04:47:46 GMT+0600 (OMST) 'delete' 'tmp_new' '/media/truecrypt1/test-node-watchers/backend-theme'
Mon Aug 10 2015 04:47:46 GMT+0600 (OMST) 'delete' 'tmp/file_new' '/media/truecrypt1/test-node-watchers/backend-theme'
Mon Aug 10 2015 04:47:46 GMT+0600 (OMST) 'delete' 'tmp' '/media/truecrypt1/test-node-watchers/frontend-theme'
Mon Aug 10 2015 04:47:46 GMT+0600 (OMST) 'delete' 'tmp/file' '/media/truecrypt1/test-node-watchers/frontend-theme'
Mon Aug 10 2015 04:47:46 GMT+0600 (OMST) 'delete' 'tmp_new/file' '/media/truecrypt1/test-node-watchers/frontend-theme'
Mon Aug 10 2015 04:47:46 GMT+0600 (OMST) 'delete' 'tmp_new' '/media/truecrypt1/test-node-watchers/frontend-theme'
Mon Aug 10 2015 04:47:46 GMT+0600 (OMST) 'delete' 'tmp/file_new' '/media/truecrypt1/test-node-watchers/frontend-theme'
