Tue Aug 18 2015 14:05:50 GMT+0600 (OMST) 'change' '/media/truecrypt1/test-node-watchers/backend-theme'
Tue Aug 18 2015 14:05:50 GMT+0600 (OMST) 'create' '/media/truecrypt1/test-node-watchers/backend-theme/tmp'
Tue Aug 18 2015 14:05:55 GMT+0600 (OMST) 'change' '/media/truecrypt1/test-node-watchers/backend-theme/tmp'
Tue Aug 18 2015 14:05:55 GMT+0600 (OMST) 'create' '/media/truecrypt1/test-node-watchers/backend-theme/tmp/file'
Tue Aug 18 2015 14:06:00 GMT+0600 (OMST) 'change' '/media/truecrypt1/test-node-watchers/backend-theme/tmp/file'
Tue Aug 18 2015 14:06:05 GMT+0600 (OMST) 'change' '/media/truecrypt1/test-node-watchers/backend-theme/tmp/file'
Tue Aug 18 2015 14:06:10 GMT+0600 (OMST) 'change' '/media/truecrypt1/test-node-watchers/backend-theme/tmp'
Tue Aug 18 2015 14:06:10 GMT+0600 (OMST) 'remove' '/media/truecrypt1/test-node-watchers/backend-theme/tmp/file'
Tue Aug 18 2015 14:06:10 GMT+0600 (OMST) 'create' '/media/truecrypt1/test-node-watchers/backend-theme/tmp/file_new'
Tue Aug 18 2015 14:06:15 GMT+0600 (OMST) 'change' '/media/truecrypt1/test-node-watchers/backend-theme/tmp'
Tue Aug 18 2015 14:06:15 GMT+0600 (OMST) 'remove' '/media/truecrypt1/test-node-watchers/backend-theme/tmp/file_new'
Tue Aug 18 2015 14:06:15 GMT+0600 (OMST) 'create' '/media/truecrypt1/test-node-watchers/backend-theme/tmp/file'
Tue Aug 18 2015 14:06:20 GMT+0600 (OMST) 'change' '/media/truecrypt1/test-node-watchers/backend-theme'
Tue Aug 18 2015 14:06:20 GMT+0600 (OMST) 'remove' '/media/truecrypt1/test-node-watchers/backend-theme/tmp'
Tue Aug 18 2015 14:06:20 GMT+0600 (OMST) 'create' '/media/truecrypt1/test-node-watchers/backend-theme/tmp_new'
Tue Aug 18 2015 14:06:20 GMT+0600 (OMST) 'create' '/media/truecrypt1/test-node-watchers/backend-theme/tmp_new/file'
Tue Aug 18 2015 14:06:20 GMT+0600 (OMST) 'remove' '/media/truecrypt1/test-node-watchers/backend-theme/tmp/file'
Tue Aug 18 2015 14:06:25 GMT+0600 (OMST) 'change' '/media/truecrypt1/test-node-watchers/backend-theme'
Tue Aug 18 2015 14:06:25 GMT+0600 (OMST) 'remove' '/media/truecrypt1/test-node-watchers/backend-theme/tmp_new'
Tue Aug 18 2015 14:06:25 GMT+0600 (OMST) 'create' '/media/truecrypt1/test-node-watchers/backend-theme/tmp'
Tue Aug 18 2015 14:06:25 GMT+0600 (OMST) 'create' '/media/truecrypt1/test-node-watchers/backend-theme/tmp/file'
Tue Aug 18 2015 14:06:25 GMT+0600 (OMST) 'remove' '/media/truecrypt1/test-node-watchers/backend-theme/tmp_new/file'
Tue Aug 18 2015 14:06:30 GMT+0600 (OMST) 'remove' '/media/truecrypt1/test-node-watchers/backend-theme/tmp/file'
Tue Aug 18 2015 14:06:30 GMT+0600 (OMST) 'change' '/media/truecrypt1/test-node-watchers/backend-theme/tmp'
Tue Aug 18 2015 14:06:35 GMT+0600 (OMST) 'remove' '/media/truecrypt1/test-node-watchers/backend-theme/tmp'
Tue Aug 18 2015 14:06:35 GMT+0600 (OMST) 'change' '/media/truecrypt1/test-node-watchers/backend-theme'
Tue Aug 18 2015 14:07:30 GMT+0600 (OMST) 'change' '/media/truecrypt1/test-node-watchers/frontend-theme'
Tue Aug 18 2015 14:07:30 GMT+0600 (OMST) 'create' '/media/truecrypt1/test-node-watchers/frontend-theme/tmp'
Tue Aug 18 2015 14:07:35 GMT+0600 (OMST) 'change' '/media/truecrypt1/test-node-watchers/frontend-theme/tmp'
Tue Aug 18 2015 14:07:35 GMT+0600 (OMST) 'create' '/media/truecrypt1/test-node-watchers/frontend-theme/tmp/file'
Tue Aug 18 2015 14:07:40 GMT+0600 (OMST) 'change' '/media/truecrypt1/test-node-watchers/frontend-theme/tmp/file'
Tue Aug 18 2015 14:07:45 GMT+0600 (OMST) 'change' '/media/truecrypt1/test-node-watchers/frontend-theme/tmp/file'
Tue Aug 18 2015 14:07:50 GMT+0600 (OMST) 'change' '/media/truecrypt1/test-node-watchers/frontend-theme/tmp'
Tue Aug 18 2015 14:07:50 GMT+0600 (OMST) 'remove' '/media/truecrypt1/test-node-watchers/frontend-theme/tmp/file'
Tue Aug 18 2015 14:07:50 GMT+0600 (OMST) 'create' '/media/truecrypt1/test-node-watchers/frontend-theme/tmp/file_new'
Tue Aug 18 2015 14:07:55 GMT+0600 (OMST) 'change' '/media/truecrypt1/test-node-watchers/frontend-theme/tmp'
Tue Aug 18 2015 14:07:55 GMT+0600 (OMST) 'remove' '/media/truecrypt1/test-node-watchers/frontend-theme/tmp/file_new'
Tue Aug 18 2015 14:07:55 GMT+0600 (OMST) 'create' '/media/truecrypt1/test-node-watchers/frontend-theme/tmp/file'
Tue Aug 18 2015 14:08:00 GMT+0600 (OMST) 'change' '/media/truecrypt1/test-node-watchers/frontend-theme'
Tue Aug 18 2015 14:08:00 GMT+0600 (OMST) 'remove' '/media/truecrypt1/test-node-watchers/frontend-theme/tmp'
Tue Aug 18 2015 14:08:00 GMT+0600 (OMST) 'create' '/media/truecrypt1/test-node-watchers/frontend-theme/tmp_new'
Tue Aug 18 2015 14:08:00 GMT+0600 (OMST) 'create' '/media/truecrypt1/test-node-watchers/frontend-theme/tmp_new/file'
Tue Aug 18 2015 14:08:00 GMT+0600 (OMST) 'remove' '/media/truecrypt1/test-node-watchers/frontend-theme/tmp/file'
Tue Aug 18 2015 14:08:05 GMT+0600 (OMST) 'change' '/media/truecrypt1/test-node-watchers/frontend-theme'
Tue Aug 18 2015 14:08:05 GMT+0600 (OMST) 'remove' '/media/truecrypt1/test-node-watchers/frontend-theme/tmp_new'
Tue Aug 18 2015 14:08:05 GMT+0600 (OMST) 'create' '/media/truecrypt1/test-node-watchers/frontend-theme/tmp'
Tue Aug 18 2015 14:08:05 GMT+0600 (OMST) 'create' '/media/truecrypt1/test-node-watchers/frontend-theme/tmp/file'
Tue Aug 18 2015 14:08:05 GMT+0600 (OMST) 'remove' '/media/truecrypt1/test-node-watchers/frontend-theme/tmp_new/file'
Tue Aug 18 2015 14:08:10 GMT+0600 (OMST) 'remove' '/media/truecrypt1/test-node-watchers/frontend-theme/tmp/file'
Tue Aug 18 2015 14:08:10 GMT+0600 (OMST) 'change' '/media/truecrypt1/test-node-watchers/frontend-theme/tmp'
Tue Aug 18 2015 14:08:15 GMT+0600 (OMST) 'remove' '/media/truecrypt1/test-node-watchers/frontend-theme/tmp'
Tue Aug 18 2015 14:08:15 GMT+0600 (OMST) 'change' '/media/truecrypt1/test-node-watchers/frontend-theme'
------------------------------------------------------------------------------------------------------------------------
Tue Aug 18 2015 14:09:00 GMT+0600 (OMST) 'change' '/media/truecrypt1/test-node-watchers/backend-theme'
Tue Aug 18 2015 14:09:00 GMT+0600 (OMST) 'create' '/media/truecrypt1/test-node-watchers/backend-theme/tmp'
Tue Aug 18 2015 14:09:05 GMT+0600 (OMST) 'change' '/media/truecrypt1/test-node-watchers/backend-theme/tmp'
Tue Aug 18 2015 14:09:05 GMT+0600 (OMST) 'create' '/media/truecrypt1/test-node-watchers/backend-theme/tmp/file'
Tue Aug 18 2015 14:09:10 GMT+0600 (OMST) 'change' '/media/truecrypt1/test-node-watchers/backend-theme/tmp/file'
Tue Aug 18 2015 14:09:15 GMT+0600 (OMST) 'change' '/media/truecrypt1/test-node-watchers/backend-theme/tmp/file'
Tue Aug 18 2015 14:09:20 GMT+0600 (OMST) 'change' '/media/truecrypt1/test-node-watchers/backend-theme/tmp'
Tue Aug 18 2015 14:09:20 GMT+0600 (OMST) 'remove' '/media/truecrypt1/test-node-watchers/backend-theme/tmp/file'
Tue Aug 18 2015 14:09:20 GMT+0600 (OMST) 'create' '/media/truecrypt1/test-node-watchers/backend-theme/tmp/file_new'
Tue Aug 18 2015 14:09:25 GMT+0600 (OMST) 'change' '/media/truecrypt1/test-node-watchers/backend-theme/tmp'
Tue Aug 18 2015 14:09:25 GMT+0600 (OMST) 'remove' '/media/truecrypt1/test-node-watchers/backend-theme/tmp/file_new'
Tue Aug 18 2015 14:09:25 GMT+0600 (OMST) 'create' '/media/truecrypt1/test-node-watchers/backend-theme/tmp/file'
Tue Aug 18 2015 14:09:30 GMT+0600 (OMST) 'change' '/media/truecrypt1/test-node-watchers/backend-theme'
Tue Aug 18 2015 14:09:30 GMT+0600 (OMST) 'remove' '/media/truecrypt1/test-node-watchers/backend-theme/tmp'
Tue Aug 18 2015 14:09:30 GMT+0600 (OMST) 'create' '/media/truecrypt1/test-node-watchers/backend-theme/tmp_new'
Tue Aug 18 2015 14:09:30 GMT+0600 (OMST) 'create' '/media/truecrypt1/test-node-watchers/backend-theme/tmp_new/file'
Tue Aug 18 2015 14:09:30 GMT+0600 (OMST) 'remove' '/media/truecrypt1/test-node-watchers/backend-theme/tmp/file'
Tue Aug 18 2015 14:09:35 GMT+0600 (OMST) 'change' '/media/truecrypt1/test-node-watchers/backend-theme'
Tue Aug 18 2015 14:09:35 GMT+0600 (OMST) 'remove' '/media/truecrypt1/test-node-watchers/backend-theme/tmp_new'
Tue Aug 18 2015 14:09:35 GMT+0600 (OMST) 'create' '/media/truecrypt1/test-node-watchers/backend-theme/tmp'
Tue Aug 18 2015 14:09:35 GMT+0600 (OMST) 'create' '/media/truecrypt1/test-node-watchers/backend-theme/tmp/file'
Tue Aug 18 2015 14:09:35 GMT+0600 (OMST) 'remove' '/media/truecrypt1/test-node-watchers/backend-theme/tmp_new/file'
Tue Aug 18 2015 14:09:40 GMT+0600 (OMST) 'remove' '/media/truecrypt1/test-node-watchers/backend-theme/tmp/file'
Tue Aug 18 2015 14:09:40 GMT+0600 (OMST) 'change' '/media/truecrypt1/test-node-watchers/backend-theme/tmp'
Tue Aug 18 2015 14:09:45 GMT+0600 (OMST) 'remove' '/media/truecrypt1/test-node-watchers/backend-theme/tmp'
Tue Aug 18 2015 14:09:45 GMT+0600 (OMST) 'change' '/media/truecrypt1/test-node-watchers/backend-theme'
Tue Aug 18 2015 14:10:40 GMT+0600 (OMST) 'change' '/media/truecrypt1/test-node-watchers/frontend-theme'
Tue Aug 18 2015 14:10:40 GMT+0600 (OMST) 'create' '/media/truecrypt1/test-node-watchers/frontend-theme/tmp'
Tue Aug 18 2015 14:10:45 GMT+0600 (OMST) 'change' '/media/truecrypt1/test-node-watchers/frontend-theme/tmp'
Tue Aug 18 2015 14:10:45 GMT+0600 (OMST) 'create' '/media/truecrypt1/test-node-watchers/frontend-theme/tmp/file'
Tue Aug 18 2015 14:10:50 GMT+0600 (OMST) 'change' '/media/truecrypt1/test-node-watchers/frontend-theme/tmp/file'
Tue Aug 18 2015 14:10:55 GMT+0600 (OMST) 'change' '/media/truecrypt1/test-node-watchers/frontend-theme/tmp/file'
Tue Aug 18 2015 14:11:00 GMT+0600 (OMST) 'change' '/media/truecrypt1/test-node-watchers/frontend-theme/tmp'
Tue Aug 18 2015 14:11:00 GMT+0600 (OMST) 'remove' '/media/truecrypt1/test-node-watchers/frontend-theme/tmp/file'
Tue Aug 18 2015 14:11:00 GMT+0600 (OMST) 'create' '/media/truecrypt1/test-node-watchers/frontend-theme/tmp/file_new'
Tue Aug 18 2015 14:11:05 GMT+0600 (OMST) 'change' '/media/truecrypt1/test-node-watchers/frontend-theme/tmp'
Tue Aug 18 2015 14:11:05 GMT+0600 (OMST) 'remove' '/media/truecrypt1/test-node-watchers/frontend-theme/tmp/file_new'
Tue Aug 18 2015 14:11:05 GMT+0600 (OMST) 'create' '/media/truecrypt1/test-node-watchers/frontend-theme/tmp/file'
Tue Aug 18 2015 14:11:10 GMT+0600 (OMST) 'change' '/media/truecrypt1/test-node-watchers/frontend-theme'
Tue Aug 18 2015 14:11:10 GMT+0600 (OMST) 'remove' '/media/truecrypt1/test-node-watchers/frontend-theme/tmp'
Tue Aug 18 2015 14:11:10 GMT+0600 (OMST) 'create' '/media/truecrypt1/test-node-watchers/frontend-theme/tmp_new'
Tue Aug 18 2015 14:11:10 GMT+0600 (OMST) 'create' '/media/truecrypt1/test-node-watchers/frontend-theme/tmp_new/file'
Tue Aug 18 2015 14:11:10 GMT+0600 (OMST) 'remove' '/media/truecrypt1/test-node-watchers/frontend-theme/tmp/file'
Tue Aug 18 2015 14:11:15 GMT+0600 (OMST) 'change' '/media/truecrypt1/test-node-watchers/frontend-theme'
Tue Aug 18 2015 14:11:15 GMT+0600 (OMST) 'remove' '/media/truecrypt1/test-node-watchers/frontend-theme/tmp_new'
Tue Aug 18 2015 14:11:15 GMT+0600 (OMST) 'create' '/media/truecrypt1/test-node-watchers/frontend-theme/tmp'
Tue Aug 18 2015 14:11:15 GMT+0600 (OMST) 'create' '/media/truecrypt1/test-node-watchers/frontend-theme/tmp/file'
Tue Aug 18 2015 14:11:15 GMT+0600 (OMST) 'remove' '/media/truecrypt1/test-node-watchers/frontend-theme/tmp_new/file'
Tue Aug 18 2015 14:11:20 GMT+0600 (OMST) 'remove' '/media/truecrypt1/test-node-watchers/frontend-theme/tmp/file'
Tue Aug 18 2015 14:11:20 GMT+0600 (OMST) 'change' '/media/truecrypt1/test-node-watchers/frontend-theme/tmp'
Tue Aug 18 2015 14:11:25 GMT+0600 (OMST) 'remove' '/media/truecrypt1/test-node-watchers/frontend-theme/tmp'
Tue Aug 18 2015 14:11:25 GMT+0600 (OMST) 'change' '/media/truecrypt1/test-node-watchers/frontend-theme'
