Tue Aug 11 2015 06:05:22 GMT+0600 (OMST) 'backend-theme/tmp'
Tue Aug 11 2015 06:05:27 GMT+0600 (OMST) 'backend-theme/tmp/file'
Tue Aug 11 2015 06:05:32 GMT+0600 (OMST) 'backend-theme/tmp/file'
Tue Aug 11 2015 06:05:37 GMT+0600 (OMST) 'backend-theme/tmp/file'
Tue Aug 11 2015 06:05:42 GMT+0600 (OMST) 'backend-theme/tmp/file'
Tue Aug 11 2015 06:05:42 GMT+0600 (OMST) 'backend-theme/tmp/file_new'
Tue Aug 11 2015 06:05:47 GMT+0600 (OMST) 'backend-theme/tmp/file_new'
Tue Aug 11 2015 06:05:47 GMT+0600 (OMST) 'backend-theme/tmp/file'
Tue Aug 11 2015 06:05:52 GMT+0600 (OMST) 'backend-theme/tmp'
Tue Aug 11 2015 06:05:52 GMT+0600 (OMST) 'backend-theme/tmp_new'
Tue Aug 11 2015 06:05:57 GMT+0600 (OMST) 'backend-theme/tmp_new'
Tue Aug 11 2015 06:05:57 GMT+0600 (OMST) 'backend-theme/tmp'
Tue Aug 11 2015 06:06:02 GMT+0600 (OMST) 'backend-theme/tmp/file'
Tue Aug 11 2015 06:06:02 GMT+0600 (OMST) 'backend-theme/tmp_new/file'
Tue Aug 11 2015 06:06:07 GMT+0600 (OMST) 'backend-theme/tmp'
Tue Aug 11 2015 06:07:02 GMT+0600 (OMST) 'frontend-theme/tmp'
Tue Aug 11 2015 06:07:07 GMT+0600 (OMST) 'frontend-theme/tmp/file'
Tue Aug 11 2015 06:07:12 GMT+0600 (OMST) 'frontend-theme/tmp/file'
Tue Aug 11 2015 06:07:17 GMT+0600 (OMST) 'frontend-theme/tmp/file'
Tue Aug 11 2015 06:07:22 GMT+0600 (OMST) 'frontend-theme/tmp/file'
Tue Aug 11 2015 06:07:22 GMT+0600 (OMST) 'frontend-theme/tmp/file_new'
Tue Aug 11 2015 06:07:27 GMT+0600 (OMST) 'frontend-theme/tmp/file_new'
Tue Aug 11 2015 06:07:27 GMT+0600 (OMST) 'frontend-theme/tmp/file'
Tue Aug 11 2015 06:07:32 GMT+0600 (OMST) 'frontend-theme/tmp'
Tue Aug 11 2015 06:07:32 GMT+0600 (OMST) 'frontend-theme/tmp_new'
Tue Aug 11 2015 06:07:37 GMT+0600 (OMST) 'frontend-theme/tmp_new'
Tue Aug 11 2015 06:07:37 GMT+0600 (OMST) 'frontend-theme/tmp'
Tue Aug 11 2015 06:07:42 GMT+0600 (OMST) 'frontend-theme/tmp/file'
Tue Aug 11 2015 06:07:42 GMT+0600 (OMST) 'frontend-theme/tmp_new/file'
Tue Aug 11 2015 06:07:47 GMT+0600 (OMST) 'frontend-theme/tmp'
------------------------------------------------------------------------------------------------------------------------
Tue Aug 11 2015 06:08:07 GMT+0600 (OMST) 'backend-theme/tmp'
Tue Aug 11 2015 06:08:12 GMT+0600 (OMST) 'backend-theme/tmp/file'
Tue Aug 11 2015 06:08:17 GMT+0600 (OMST) 'backend-theme/tmp/file'
Tue Aug 11 2015 06:08:22 GMT+0600 (OMST) 'backend-theme/tmp/file'
Tue Aug 11 2015 06:08:27 GMT+0600 (OMST) 'backend-theme/tmp/file'
Tue Aug 11 2015 06:08:27 GMT+0600 (OMST) 'backend-theme/tmp/file_new'
Tue Aug 11 2015 06:08:32 GMT+0600 (OMST) 'backend-theme/tmp/file_new'
Tue Aug 11 2015 06:08:32 GMT+0600 (OMST) 'backend-theme/tmp/file'
Tue Aug 11 2015 06:08:37 GMT+0600 (OMST) 'backend-theme/tmp'
Tue Aug 11 2015 06:08:37 GMT+0600 (OMST) 'backend-theme/tmp_new'
Tue Aug 11 2015 06:08:42 GMT+0600 (OMST) 'backend-theme/tmp_new'
Tue Aug 11 2015 06:08:42 GMT+0600 (OMST) 'backend-theme/tmp'
Tue Aug 11 2015 06:08:47 GMT+0600 (OMST) 'backend-theme/tmp/file'
Tue Aug 11 2015 06:08:47 GMT+0600 (OMST) 'backend-theme/tmp_new/file'
Tue Aug 11 2015 06:08:52 GMT+0600 (OMST) 'backend-theme/tmp'
Tue Aug 11 2015 06:09:47 GMT+0600 (OMST) 'frontend-theme/tmp'
Tue Aug 11 2015 06:09:52 GMT+0600 (OMST) 'frontend-theme/tmp/file'
Tue Aug 11 2015 06:09:57 GMT+0600 (OMST) 'frontend-theme/tmp/file'
Tue Aug 11 2015 06:10:02 GMT+0600 (OMST) 'frontend-theme/tmp/file'
Tue Aug 11 2015 06:10:07 GMT+0600 (OMST) 'frontend-theme/tmp/file'
Tue Aug 11 2015 06:10:07 GMT+0600 (OMST) 'frontend-theme/tmp/file_new'
Tue Aug 11 2015 06:10:12 GMT+0600 (OMST) 'frontend-theme/tmp/file_new'
Tue Aug 11 2015 06:10:12 GMT+0600 (OMST) 'frontend-theme/tmp/file'
Tue Aug 11 2015 06:10:17 GMT+0600 (OMST) 'frontend-theme/tmp'
Tue Aug 11 2015 06:10:17 GMT+0600 (OMST) 'frontend-theme/tmp_new'
Tue Aug 11 2015 06:10:22 GMT+0600 (OMST) 'frontend-theme/tmp_new'
Tue Aug 11 2015 06:10:22 GMT+0600 (OMST) 'frontend-theme/tmp'
Tue Aug 11 2015 06:10:27 GMT+0600 (OMST) 'frontend-theme/tmp/file'
Tue Aug 11 2015 06:10:27 GMT+0600 (OMST) 'frontend-theme/tmp_new/file'
Tue Aug 11 2015 06:10:32 GMT+0600 (OMST) 'frontend-theme/tmp'
