Mon Aug 10 2015 05:15:13 GMT+0600 (OMST) 'backend-theme/tmp was created'
Mon Aug 10 2015 05:15:18 GMT+0600 (OMST) 'backend-theme/tmp/file was created'
Mon Aug 10 2015 05:15:23 GMT+0600 (OMST) 'backend-theme/tmp/file was changed'
Mon Aug 10 2015 05:15:28 GMT+0600 (OMST) 'backend-theme/tmp/file was changed'
Mon Aug 10 2015 05:15:33 GMT+0600 (OMST) 'backend-theme/tmp/file_new was created'
Mon Aug 10 2015 05:15:33 GMT+0600 (OMST) 'backend-theme/tmp/file was deleted'
Mon Aug 10 2015 05:15:33 GMT+0600 (OMST) 'backend-theme/tmp/file_new was changed'
Mon Aug 10 2015 05:15:38 GMT+0600 (OMST) 'backend-theme/tmp/file was created'
Mon Aug 10 2015 05:15:38 GMT+0600 (OMST) 'backend-theme/tmp/file_new was deleted'
Mon Aug 10 2015 05:15:38 GMT+0600 (OMST) 'backend-theme/tmp/file was changed'
Mon Aug 10 2015 05:15:43 GMT+0600 (OMST) 'backend-theme/tmp_new was created'
Mon Aug 10 2015 05:15:43 GMT+0600 (OMST) 'backend-theme/tmp was deleted'
Mon Aug 10 2015 05:15:48 GMT+0600 (OMST) 'backend-theme/tmp was created'
Mon Aug 10 2015 05:15:48 GMT+0600 (OMST) 'backend-theme/tmp_new was deleted'
Mon Aug 10 2015 05:15:53 GMT+0600 (OMST) 'backend-theme/tmp/file was deleted'
Mon Aug 10 2015 05:15:53 GMT+0600 (OMST) 'backend-theme/tmp_new/file was deleted'
Mon Aug 10 2015 05:15:53 GMT+0600 (OMST) 'backend-theme/tmp/file was deleted'
Mon Aug 10 2015 05:15:53 GMT+0600 (OMST) 'backend-theme/tmp/file was deleted'
Mon Aug 10 2015 05:15:58 GMT+0600 (OMST) 'backend-theme/tmp was deleted'
Mon Aug 10 2015 05:16:53 GMT+0600 (OMST) 'frontend-theme/tmp was created'
Mon Aug 10 2015 05:16:58 GMT+0600 (OMST) 'frontend-theme/tmp/file was created'
Mon Aug 10 2015 05:17:03 GMT+0600 (OMST) 'frontend-theme/tmp/file was changed'
Mon Aug 10 2015 05:17:08 GMT+0600 (OMST) 'frontend-theme/tmp/file was changed'
Mon Aug 10 2015 05:17:13 GMT+0600 (OMST) 'frontend-theme/tmp/file_new was created'
Mon Aug 10 2015 05:17:13 GMT+0600 (OMST) 'frontend-theme/tmp/file was deleted'
Mon Aug 10 2015 05:17:13 GMT+0600 (OMST) 'frontend-theme/tmp/file_new was changed'
Mon Aug 10 2015 05:17:18 GMT+0600 (OMST) 'frontend-theme/tmp/file was created'
Mon Aug 10 2015 05:17:18 GMT+0600 (OMST) 'frontend-theme/tmp/file_new was deleted'
Mon Aug 10 2015 05:17:18 GMT+0600 (OMST) 'frontend-theme/tmp/file was changed'
Mon Aug 10 2015 05:17:23 GMT+0600 (OMST) 'frontend-theme/tmp_new was created'
Mon Aug 10 2015 05:17:23 GMT+0600 (OMST) 'frontend-theme/tmp was deleted'
Mon Aug 10 2015 05:17:28 GMT+0600 (OMST) 'frontend-theme/tmp was created'
Mon Aug 10 2015 05:17:28 GMT+0600 (OMST) 'frontend-theme/tmp_new was deleted'
Mon Aug 10 2015 05:17:33 GMT+0600 (OMST) 'frontend-theme/tmp/file was deleted'
Mon Aug 10 2015 05:17:33 GMT+0600 (OMST) 'frontend-theme/tmp_new/file was deleted'
Mon Aug 10 2015 05:17:33 GMT+0600 (OMST) 'frontend-theme/tmp/file was deleted'
Mon Aug 10 2015 05:17:33 GMT+0600 (OMST) 'frontend-theme/tmp/file was deleted'
Mon Aug 10 2015 05:17:38 GMT+0600 (OMST) 'frontend-theme/tmp was deleted'
------------------------------------------------------------------------------------------------------------------------
Mon Aug 10 2015 05:19:05 GMT+0600 (OMST) 'backend-theme/tmp was created'
Mon Aug 10 2015 05:19:10 GMT+0600 (OMST) 'backend-theme/tmp/file was created'
Mon Aug 10 2015 05:19:15 GMT+0600 (OMST) 'backend-theme/tmp/file was changed'
Mon Aug 10 2015 05:19:20 GMT+0600 (OMST) 'backend-theme/tmp/file was changed'
Mon Aug 10 2015 05:19:25 GMT+0600 (OMST) 'backend-theme/tmp/file_new was created'
Mon Aug 10 2015 05:19:25 GMT+0600 (OMST) 'backend-theme/tmp/file was deleted'
Mon Aug 10 2015 05:19:25 GMT+0600 (OMST) 'backend-theme/tmp/file_new was changed'
Mon Aug 10 2015 05:19:30 GMT+0600 (OMST) 'backend-theme/tmp/file was created'
Mon Aug 10 2015 05:19:30 GMT+0600 (OMST) 'backend-theme/tmp/file_new was deleted'
Mon Aug 10 2015 05:19:30 GMT+0600 (OMST) 'backend-theme/tmp/file was changed'
Mon Aug 10 2015 05:19:35 GMT+0600 (OMST) 'backend-theme/tmp_new was created'
Mon Aug 10 2015 05:19:35 GMT+0600 (OMST) 'backend-theme/tmp was deleted'
Mon Aug 10 2015 05:19:40 GMT+0600 (OMST) 'backend-theme/tmp was created'
Mon Aug 10 2015 05:19:40 GMT+0600 (OMST) 'backend-theme/tmp_new was deleted'
Mon Aug 10 2015 05:19:45 GMT+0600 (OMST) 'backend-theme/tmp/file was deleted'
Mon Aug 10 2015 05:19:45 GMT+0600 (OMST) 'backend-theme/tmp_new/file was deleted'
Mon Aug 10 2015 05:19:45 GMT+0600 (OMST) 'backend-theme/tmp/file was deleted'
Mon Aug 10 2015 05:19:45 GMT+0600 (OMST) 'backend-theme/tmp/file was deleted'
Mon Aug 10 2015 05:19:50 GMT+0600 (OMST) 'backend-theme/tmp was deleted'
Mon Aug 10 2015 05:20:45 GMT+0600 (OMST) 'frontend-theme/tmp was created'
Mon Aug 10 2015 05:20:50 GMT+0600 (OMST) 'frontend-theme/tmp/file was created'
Mon Aug 10 2015 05:20:55 GMT+0600 (OMST) 'frontend-theme/tmp/file was changed'
Mon Aug 10 2015 05:21:00 GMT+0600 (OMST) 'frontend-theme/tmp/file was changed'
Mon Aug 10 2015 05:21:05 GMT+0600 (OMST) 'frontend-theme/tmp/file_new was created'
Mon Aug 10 2015 05:21:05 GMT+0600 (OMST) 'frontend-theme/tmp/file was deleted'
Mon Aug 10 2015 05:21:05 GMT+0600 (OMST) 'frontend-theme/tmp/file_new was changed'
Mon Aug 10 2015 05:21:10 GMT+0600 (OMST) 'frontend-theme/tmp/file was created'
Mon Aug 10 2015 05:21:10 GMT+0600 (OMST) 'frontend-theme/tmp/file_new was deleted'
Mon Aug 10 2015 05:21:10 GMT+0600 (OMST) 'frontend-theme/tmp/file was changed'
Mon Aug 10 2015 05:21:15 GMT+0600 (OMST) 'frontend-theme/tmp_new was created'
Mon Aug 10 2015 05:21:15 GMT+0600 (OMST) 'frontend-theme/tmp was deleted'
Mon Aug 10 2015 05:21:20 GMT+0600 (OMST) 'frontend-theme/tmp was created'
Mon Aug 10 2015 05:21:20 GMT+0600 (OMST) 'frontend-theme/tmp_new was deleted'
Mon Aug 10 2015 05:21:25 GMT+0600 (OMST) 'frontend-theme/tmp/file was deleted'
Mon Aug 10 2015 05:21:25 GMT+0600 (OMST) 'frontend-theme/tmp_new/file was deleted'
Mon Aug 10 2015 05:21:25 GMT+0600 (OMST) 'frontend-theme/tmp/file was deleted'
Mon Aug 10 2015 05:21:25 GMT+0600 (OMST) 'frontend-theme/tmp/file was deleted'
Mon Aug 10 2015 05:21:30 GMT+0600 (OMST) 'frontend-theme/tmp was deleted'
