Tue Aug 18 2015 13:51:55 GMT+0600 (OMST) 'backend-theme/tmp added'
Tue Aug 18 2015 13:52:00 GMT+0600 (OMST) 'backend-theme/tmp/file added'
Tue Aug 18 2015 13:52:05 GMT+0600 (OMST) 'backend-theme/tmp/file changed'
Tue Aug 18 2015 13:52:10 GMT+0600 (OMST) 'backend-theme/tmp/file changed'
Tue Aug 18 2015 13:52:15 GMT+0600 (OMST) 'backend-theme/tmp/file_new added'
Tue Aug 18 2015 13:52:15 GMT+0600 (OMST) 'backend-theme/tmp/file removed'
Tue Aug 18 2015 13:52:20 GMT+0600 (OMST) 'backend-theme/tmp/file added'
Tue Aug 18 2015 13:52:20 GMT+0600 (OMST) 'backend-theme/tmp/file_new removed'
Tue Aug 18 2015 13:52:25 GMT+0600 (OMST) 'backend-theme/tmp_new added'
Tue Aug 18 2015 13:52:25 GMT+0600 (OMST) 'backend-theme/tmp_new/file added'
Tue Aug 18 2015 13:52:25 GMT+0600 (OMST) 'backend-theme/tmp/file removed'
Tue Aug 18 2015 13:52:25 GMT+0600 (OMST) 'backend-theme/tmp removed'
Tue Aug 18 2015 13:52:30 GMT+0600 (OMST) 'backend-theme/tmp added'
Tue Aug 18 2015 13:52:30 GMT+0600 (OMST) 'backend-theme/tmp/file added'
Tue Aug 18 2015 13:52:30 GMT+0600 (OMST) 'backend-theme/tmp_new/file removed'
Tue Aug 18 2015 13:52:30 GMT+0600 (OMST) 'backend-theme/tmp_new removed'
Tue Aug 18 2015 13:52:35 GMT+0600 (OMST) 'backend-theme/tmp/file removed'
Tue Aug 18 2015 13:52:40 GMT+0600 (OMST) 'backend-theme/tmp removed'
Tue Aug 18 2015 13:53:35 GMT+0600 (OMST) 'frontend-theme/tmp added'
Tue Aug 18 2015 13:53:40 GMT+0600 (OMST) 'frontend-theme/tmp/file added'
Tue Aug 18 2015 13:53:45 GMT+0600 (OMST) 'frontend-theme/tmp/file changed'
Tue Aug 18 2015 13:53:50 GMT+0600 (OMST) 'frontend-theme/tmp/file changed'
Tue Aug 18 2015 13:53:55 GMT+0600 (OMST) 'frontend-theme/tmp/file_new added'
Tue Aug 18 2015 13:53:55 GMT+0600 (OMST) 'frontend-theme/tmp/file removed'
Tue Aug 18 2015 13:54:00 GMT+0600 (OMST) 'frontend-theme/tmp/file added'
Tue Aug 18 2015 13:54:00 GMT+0600 (OMST) 'frontend-theme/tmp/file_new removed'
Tue Aug 18 2015 13:54:05 GMT+0600 (OMST) 'frontend-theme/tmp_new added'
Tue Aug 18 2015 13:54:05 GMT+0600 (OMST) 'frontend-theme/tmp_new/file added'
Tue Aug 18 2015 13:54:05 GMT+0600 (OMST) 'frontend-theme/tmp/file removed'
Tue Aug 18 2015 13:54:05 GMT+0600 (OMST) 'frontend-theme/tmp removed'
Tue Aug 18 2015 13:54:10 GMT+0600 (OMST) 'frontend-theme/tmp added'
Tue Aug 18 2015 13:54:10 GMT+0600 (OMST) 'frontend-theme/tmp/file added'
Tue Aug 18 2015 13:54:10 GMT+0600 (OMST) 'frontend-theme/tmp_new/file removed'
Tue Aug 18 2015 13:54:10 GMT+0600 (OMST) 'frontend-theme/tmp_new removed'
Tue Aug 18 2015 13:54:15 GMT+0600 (OMST) 'frontend-theme/tmp/file removed'
Tue Aug 18 2015 13:54:20 GMT+0600 (OMST) 'frontend-theme/tmp removed'
------------------------------------------------------------------------------------------------------------------------
Tue Aug 18 2015 13:55:02 GMT+0600 (OMST) 'backend-theme/tmp added'
Tue Aug 18 2015 13:55:07 GMT+0600 (OMST) 'backend-theme/tmp/file added'
Tue Aug 18 2015 13:55:12 GMT+0600 (OMST) 'backend-theme/tmp/file changed'
Tue Aug 18 2015 13:55:17 GMT+0600 (OMST) 'backend-theme/tmp/file changed'
Tue Aug 18 2015 13:55:22 GMT+0600 (OMST) 'backend-theme/tmp/file_new added'
Tue Aug 18 2015 13:55:22 GMT+0600 (OMST) 'backend-theme/tmp/file removed'
Tue Aug 18 2015 13:55:27 GMT+0600 (OMST) 'backend-theme/tmp/file added'
Tue Aug 18 2015 13:55:27 GMT+0600 (OMST) 'backend-theme/tmp/file_new removed'
Tue Aug 18 2015 13:55:32 GMT+0600 (OMST) 'backend-theme/tmp_new added'
Tue Aug 18 2015 13:55:32 GMT+0600 (OMST) 'backend-theme/tmp_new/file added'
Tue Aug 18 2015 13:55:32 GMT+0600 (OMST) 'backend-theme/tmp/file removed'
Tue Aug 18 2015 13:55:32 GMT+0600 (OMST) 'backend-theme/tmp removed'
Tue Aug 18 2015 13:55:37 GMT+0600 (OMST) 'backend-theme/tmp added'
Tue Aug 18 2015 13:55:37 GMT+0600 (OMST) 'backend-theme/tmp/file added'
Tue Aug 18 2015 13:55:37 GMT+0600 (OMST) 'backend-theme/tmp_new/file removed'
Tue Aug 18 2015 13:55:37 GMT+0600 (OMST) 'backend-theme/tmp_new removed'
Tue Aug 18 2015 13:55:42 GMT+0600 (OMST) 'backend-theme/tmp/file removed'
Tue Aug 18 2015 13:55:47 GMT+0600 (OMST) 'backend-theme/tmp removed'
Tue Aug 18 2015 13:56:42 GMT+0600 (OMST) 'frontend-theme/tmp added'
Tue Aug 18 2015 13:56:47 GMT+0600 (OMST) 'frontend-theme/tmp/file added'
Tue Aug 18 2015 13:56:52 GMT+0600 (OMST) 'frontend-theme/tmp/file changed'
Tue Aug 18 2015 13:56:57 GMT+0600 (OMST) 'frontend-theme/tmp/file changed'
Tue Aug 18 2015 13:57:02 GMT+0600 (OMST) 'frontend-theme/tmp/file_new added'
Tue Aug 18 2015 13:57:02 GMT+0600 (OMST) 'frontend-theme/tmp/file removed'
Tue Aug 18 2015 13:57:07 GMT+0600 (OMST) 'frontend-theme/tmp/file added'
Tue Aug 18 2015 13:57:07 GMT+0600 (OMST) 'frontend-theme/tmp/file_new removed'
Tue Aug 18 2015 13:57:12 GMT+0600 (OMST) 'frontend-theme/tmp_new added'
Tue Aug 18 2015 13:57:12 GMT+0600 (OMST) 'frontend-theme/tmp_new/file added'
Tue Aug 18 2015 13:57:12 GMT+0600 (OMST) 'frontend-theme/tmp/file removed'
Tue Aug 18 2015 13:57:12 GMT+0600 (OMST) 'frontend-theme/tmp removed'
Tue Aug 18 2015 13:57:17 GMT+0600 (OMST) 'frontend-theme/tmp added'
Tue Aug 18 2015 13:57:17 GMT+0600 (OMST) 'frontend-theme/tmp/file added'
Tue Aug 18 2015 13:57:17 GMT+0600 (OMST) 'frontend-theme/tmp_new/file removed'
Tue Aug 18 2015 13:57:17 GMT+0600 (OMST) 'frontend-theme/tmp_new removed'
Tue Aug 18 2015 13:57:22 GMT+0600 (OMST) 'frontend-theme/tmp/file removed'
Tue Aug 18 2015 13:57:27 GMT+0600 (OMST) 'frontend-theme/tmp removed'
