Mon Aug 10 2015 04:22:16 GMT+0600 (OMST) 'add' 'tmp' '/media/truecrypt1/test-node-watchers/backend-theme'
Mon Aug 10 2015 04:22:16 GMT+0600 (OMST) 'add' 'tmp/file' '/media/truecrypt1/test-node-watchers/backend-theme'
Mon Aug 10 2015 04:22:16 GMT+0600 (OMST) 'change' 'tmp/file' '/media/truecrypt1/test-node-watchers/backend-theme'
Mon Aug 10 2015 04:22:17 GMT+0600 (OMST) 'change' 'tmp/file' '/media/truecrypt1/test-node-watchers/backend-theme'
Mon Aug 10 2015 04:22:17 GMT+0600 (OMST) 'change' 'tmp/file' '/media/truecrypt1/test-node-watchers/backend-theme'
Mon Aug 10 2015 04:22:18 GMT+0600 (OMST) 'delete' 'tmp/file' '/media/truecrypt1/test-node-watchers/backend-theme'
Mon Aug 10 2015 04:22:18 GMT+0600 (OMST) 'add' 'tmp/file_new' '/media/truecrypt1/test-node-watchers/backend-theme'
Mon Aug 10 2015 04:22:18 GMT+0600 (OMST) 'delete' 'tmp/file_new' '/media/truecrypt1/test-node-watchers/backend-theme'
Mon Aug 10 2015 04:22:18 GMT+0600 (OMST) 'add' 'tmp/file' '/media/truecrypt1/test-node-watchers/backend-theme'
Mon Aug 10 2015 04:22:19 GMT+0600 (OMST) 'delete' 'tmp' '/media/truecrypt1/test-node-watchers/backend-theme'
Mon Aug 10 2015 04:22:19 GMT+0600 (OMST) 'add' 'tmp_new' '/media/truecrypt1/test-node-watchers/backend-theme'
Mon Aug 10 2015 04:22:19 GMT+0600 (OMST) 'delete' 'tmp_new' '/media/truecrypt1/test-node-watchers/backend-theme'
Mon Aug 10 2015 04:22:19 GMT+0600 (OMST) 'add' 'tmp' '/media/truecrypt1/test-node-watchers/backend-theme'
Mon Aug 10 2015 04:22:20 GMT+0600 (OMST) 'delete' 'tmp' '/media/truecrypt1/test-node-watchers/backend-theme'
Mon Aug 10 2015 04:22:26 GMT+0600 (OMST) 'add' 'tmp' '/media/truecrypt1/test-node-watchers/frontend-theme'
Mon Aug 10 2015 04:22:26 GMT+0600 (OMST) 'add' 'tmp/file' '/media/truecrypt1/test-node-watchers/frontend-theme'
Mon Aug 10 2015 04:22:26 GMT+0600 (OMST) 'change' 'tmp/file' '/media/truecrypt1/test-node-watchers/frontend-theme'
Mon Aug 10 2015 04:22:27 GMT+0600 (OMST) 'change' 'tmp/file' '/media/truecrypt1/test-node-watchers/frontend-theme'
Mon Aug 10 2015 04:22:27 GMT+0600 (OMST) 'change' 'tmp/file' '/media/truecrypt1/test-node-watchers/frontend-theme'
Mon Aug 10 2015 04:22:28 GMT+0600 (OMST) 'delete' 'tmp/file' '/media/truecrypt1/test-node-watchers/frontend-theme'
Mon Aug 10 2015 04:22:28 GMT+0600 (OMST) 'add' 'tmp/file_new' '/media/truecrypt1/test-node-watchers/frontend-theme'
Mon Aug 10 2015 04:22:28 GMT+0600 (OMST) 'delete' 'tmp/file_new' '/media/truecrypt1/test-node-watchers/frontend-theme'
Mon Aug 10 2015 04:22:28 GMT+0600 (OMST) 'add' 'tmp/file' '/media/truecrypt1/test-node-watchers/frontend-theme'
Mon Aug 10 2015 04:22:29 GMT+0600 (OMST) 'delete' 'tmp' '/media/truecrypt1/test-node-watchers/frontend-theme'
Mon Aug 10 2015 04:22:29 GMT+0600 (OMST) 'add' 'tmp_new' '/media/truecrypt1/test-node-watchers/frontend-theme'
Mon Aug 10 2015 04:22:29 GMT+0600 (OMST) 'delete' 'tmp_new' '/media/truecrypt1/test-node-watchers/frontend-theme'
Mon Aug 10 2015 04:22:29 GMT+0600 (OMST) 'add' 'tmp' '/media/truecrypt1/test-node-watchers/frontend-theme'
Mon Aug 10 2015 04:22:30 GMT+0600 (OMST) 'delete' 'tmp' '/media/truecrypt1/test-node-watchers/frontend-theme'
------------------------------------------------------------------------------------------------------------------------
Mon Aug 10 2015 04:22:35 GMT+0600 (OMST) 'add' 'tmp' '/media/truecrypt1/test-node-watchers/backend-theme'
Mon Aug 10 2015 04:22:35 GMT+0600 (OMST) 'add' 'tmp/file' '/media/truecrypt1/test-node-watchers/backend-theme'
Mon Aug 10 2015 04:22:35 GMT+0600 (OMST) 'change' 'tmp/file' '/media/truecrypt1/test-node-watchers/backend-theme'
Mon Aug 10 2015 04:22:36 GMT+0600 (OMST) 'change' 'tmp/file' '/media/truecrypt1/test-node-watchers/backend-theme'
Mon Aug 10 2015 04:22:36 GMT+0600 (OMST) 'change' 'tmp/file' '/media/truecrypt1/test-node-watchers/backend-theme'
Mon Aug 10 2015 04:22:37 GMT+0600 (OMST) 'delete' 'tmp/file' '/media/truecrypt1/test-node-watchers/backend-theme'
Mon Aug 10 2015 04:22:37 GMT+0600 (OMST) 'add' 'tmp/file_new' '/media/truecrypt1/test-node-watchers/backend-theme'
Mon Aug 10 2015 04:22:37 GMT+0600 (OMST) 'delete' 'tmp/file_new' '/media/truecrypt1/test-node-watchers/backend-theme'
Mon Aug 10 2015 04:22:37 GMT+0600 (OMST) 'add' 'tmp/file' '/media/truecrypt1/test-node-watchers/backend-theme'
Mon Aug 10 2015 04:22:38 GMT+0600 (OMST) 'delete' 'tmp' '/media/truecrypt1/test-node-watchers/backend-theme'
Mon Aug 10 2015 04:22:38 GMT+0600 (OMST) 'add' 'tmp_new' '/media/truecrypt1/test-node-watchers/backend-theme'
Mon Aug 10 2015 04:22:38 GMT+0600 (OMST) 'delete' 'tmp_new' '/media/truecrypt1/test-node-watchers/backend-theme'
Mon Aug 10 2015 04:22:38 GMT+0600 (OMST) 'add' 'tmp' '/media/truecrypt1/test-node-watchers/backend-theme'
Mon Aug 10 2015 04:22:39 GMT+0600 (OMST) 'delete' 'tmp' '/media/truecrypt1/test-node-watchers/backend-theme'
Mon Aug 10 2015 04:22:45 GMT+0600 (OMST) 'add' 'tmp' '/media/truecrypt1/test-node-watchers/frontend-theme'
Mon Aug 10 2015 04:22:45 GMT+0600 (OMST) 'add' 'tmp/file' '/media/truecrypt1/test-node-watchers/frontend-theme'
Mon Aug 10 2015 04:22:45 GMT+0600 (OMST) 'change' 'tmp/file' '/media/truecrypt1/test-node-watchers/frontend-theme'
Mon Aug 10 2015 04:22:46 GMT+0600 (OMST) 'change' 'tmp/file' '/media/truecrypt1/test-node-watchers/frontend-theme'
Mon Aug 10 2015 04:22:46 GMT+0600 (OMST) 'change' 'tmp/file' '/media/truecrypt1/test-node-watchers/frontend-theme'
Mon Aug 10 2015 04:22:47 GMT+0600 (OMST) 'delete' 'tmp/file' '/media/truecrypt1/test-node-watchers/frontend-theme'
Mon Aug 10 2015 04:22:47 GMT+0600 (OMST) 'add' 'tmp/file_new' '/media/truecrypt1/test-node-watchers/frontend-theme'
Mon Aug 10 2015 04:22:47 GMT+0600 (OMST) 'delete' 'tmp/file_new' '/media/truecrypt1/test-node-watchers/frontend-theme'
Mon Aug 10 2015 04:22:47 GMT+0600 (OMST) 'add' 'tmp/file' '/media/truecrypt1/test-node-watchers/frontend-theme'
Mon Aug 10 2015 04:22:48 GMT+0600 (OMST) 'delete' 'tmp' '/media/truecrypt1/test-node-watchers/frontend-theme'
Mon Aug 10 2015 04:22:48 GMT+0600 (OMST) 'add' 'tmp_new' '/media/truecrypt1/test-node-watchers/frontend-theme'
Mon Aug 10 2015 04:22:48 GMT+0600 (OMST) 'delete' 'tmp_new' '/media/truecrypt1/test-node-watchers/frontend-theme'
Mon Aug 10 2015 04:22:48 GMT+0600 (OMST) 'add' 'tmp' '/media/truecrypt1/test-node-watchers/frontend-theme'
Mon Aug 10 2015 04:22:49 GMT+0600 (OMST) 'delete' 'tmp' '/media/truecrypt1/test-node-watchers/frontend-theme'
