Mon Aug 10 2015 04:35:26 GMT+0600 (OMST) 'add' 'tmp' '/media/truecrypt1/test-node-watchers/backend-theme'
Mon Aug 10 2015 04:35:26 GMT+0600 (OMST) 'add' 'tmp/file' '/media/truecrypt1/test-node-watchers/backend-theme'
Mon Aug 10 2015 04:35:27 GMT+0600 (OMST) 'change' 'tmp/file' '/media/truecrypt1/test-node-watchers/backend-theme'
Mon Aug 10 2015 04:35:28 GMT+0600 (OMST) 'delete' 'tmp/file' '/media/truecrypt1/test-node-watchers/backend-theme'
Mon Aug 10 2015 04:35:28 GMT+0600 (OMST) 'add' 'tmp/file_new' '/media/truecrypt1/test-node-watchers/backend-theme'
Mon Aug 10 2015 04:35:28 GMT+0600 (OMST) 'add' 'tmp/file' '/media/truecrypt1/test-node-watchers/backend-theme'
Mon Aug 10 2015 04:35:28 GMT+0600 (OMST) 'delete' 'tmp/file_new' '/media/truecrypt1/test-node-watchers/backend-theme'
Mon Aug 10 2015 04:35:29 GMT+0600 (OMST) 'delete' 'tmp/file' '/media/truecrypt1/test-node-watchers/backend-theme'
Mon Aug 10 2015 04:35:29 GMT+0600 (OMST) 'delete' 'tmp' '/media/truecrypt1/test-node-watchers/backend-theme'
Mon Aug 10 2015 04:35:29 GMT+0600 (OMST) 'add' 'tmp_new' '/media/truecrypt1/test-node-watchers/backend-theme'
Mon Aug 10 2015 04:35:29 GMT+0600 (OMST) 'add' 'tmp' '/media/truecrypt1/test-node-watchers/backend-theme'
Mon Aug 10 2015 04:35:29 GMT+0600 (OMST) 'delete' 'tmp_new' '/media/truecrypt1/test-node-watchers/backend-theme'
Mon Aug 10 2015 04:35:30 GMT+0600 (OMST) 'delete' 'tmp' '/media/truecrypt1/test-node-watchers/backend-theme'
Mon Aug 10 2015 04:35:36 GMT+0600 (OMST) 'add' 'tmp' '/media/truecrypt1/test-node-watchers/frontend-theme'
Mon Aug 10 2015 04:35:36 GMT+0600 (OMST) 'add' 'tmp/file' '/media/truecrypt1/test-node-watchers/frontend-theme'
Mon Aug 10 2015 04:35:37 GMT+0600 (OMST) 'change' 'tmp/file' '/media/truecrypt1/test-node-watchers/frontend-theme'
Mon Aug 10 2015 04:35:38 GMT+0600 (OMST) 'delete' 'tmp/file' '/media/truecrypt1/test-node-watchers/frontend-theme'
Mon Aug 10 2015 04:35:38 GMT+0600 (OMST) 'add' 'tmp/file_new' '/media/truecrypt1/test-node-watchers/frontend-theme'
Mon Aug 10 2015 04:35:38 GMT+0600 (OMST) 'delete' 'tmp/file_new' '/media/truecrypt1/test-node-watchers/frontend-theme'
Mon Aug 10 2015 04:35:38 GMT+0600 (OMST) 'add' 'tmp/file' '/media/truecrypt1/test-node-watchers/frontend-theme'
Mon Aug 10 2015 04:35:39 GMT+0600 (OMST) 'delete' 'tmp' '/media/truecrypt1/test-node-watchers/frontend-theme'
Mon Aug 10 2015 04:35:39 GMT+0600 (OMST) 'add' 'tmp_new' '/media/truecrypt1/test-node-watchers/frontend-theme'
Mon Aug 10 2015 04:35:39 GMT+0600 (OMST) 'delete' 'tmp/file' '/media/truecrypt1/test-node-watchers/frontend-theme'
Mon Aug 10 2015 04:35:39 GMT+0600 (OMST) 'add' 'tmp' '/media/truecrypt1/test-node-watchers/frontend-theme'
Mon Aug 10 2015 04:35:39 GMT+0600 (OMST) 'delete' 'tmp_new' '/media/truecrypt1/test-node-watchers/frontend-theme'
Mon Aug 10 2015 04:35:40 GMT+0600 (OMST) 'delete' 'tmp' '/media/truecrypt1/test-node-watchers/frontend-theme'
------------------------------------------------------------------------------------------------------------------------
Mon Aug 10 2015 04:35:44 GMT+0600 (OMST) 'add' 'tmp' '/media/truecrypt1/test-node-watchers/backend-theme'
Mon Aug 10 2015 04:35:44 GMT+0600 (OMST) 'add' 'tmp/file' '/media/truecrypt1/test-node-watchers/backend-theme'
Mon Aug 10 2015 04:35:45 GMT+0600 (OMST) 'change' 'tmp/file' '/media/truecrypt1/test-node-watchers/backend-theme'
Mon Aug 10 2015 04:35:46 GMT+0600 (OMST) 'add' 'tmp/file_new' '/media/truecrypt1/test-node-watchers/backend-theme'
Mon Aug 10 2015 04:35:46 GMT+0600 (OMST) 'delete' 'tmp/file' '/media/truecrypt1/test-node-watchers/backend-theme'
Mon Aug 10 2015 04:35:46 GMT+0600 (OMST) 'delete' 'tmp/file_new' '/media/truecrypt1/test-node-watchers/backend-theme'
Mon Aug 10 2015 04:35:46 GMT+0600 (OMST) 'add' 'tmp/file' '/media/truecrypt1/test-node-watchers/backend-theme'
Mon Aug 10 2015 04:35:47 GMT+0600 (OMST) 'delete' 'tmp/file' '/media/truecrypt1/test-node-watchers/backend-theme'
Mon Aug 10 2015 04:35:47 GMT+0600 (OMST) 'delete' 'tmp' '/media/truecrypt1/test-node-watchers/backend-theme'
Mon Aug 10 2015 04:35:47 GMT+0600 (OMST) 'add' 'tmp_new' '/media/truecrypt1/test-node-watchers/backend-theme'
Mon Aug 10 2015 04:35:47 GMT+0600 (OMST) 'add' 'tmp' '/media/truecrypt1/test-node-watchers/backend-theme'
Mon Aug 10 2015 04:35:47 GMT+0600 (OMST) 'delete' 'tmp_new' '/media/truecrypt1/test-node-watchers/backend-theme'
Mon Aug 10 2015 04:35:48 GMT+0600 (OMST) 'delete' 'tmp' '/media/truecrypt1/test-node-watchers/backend-theme'
Mon Aug 10 2015 04:35:54 GMT+0600 (OMST) 'add' 'tmp' '/media/truecrypt1/test-node-watchers/frontend-theme'
Mon Aug 10 2015 04:35:54 GMT+0600 (OMST) 'add' 'tmp/file' '/media/truecrypt1/test-node-watchers/frontend-theme'
Mon Aug 10 2015 04:35:55 GMT+0600 (OMST) 'change' 'tmp/file' '/media/truecrypt1/test-node-watchers/frontend-theme'
Mon Aug 10 2015 04:35:56 GMT+0600 (OMST) 'delete' 'tmp/file' '/media/truecrypt1/test-node-watchers/frontend-theme'
Mon Aug 10 2015 04:35:56 GMT+0600 (OMST) 'add' 'tmp/file_new' '/media/truecrypt1/test-node-watchers/frontend-theme'
Mon Aug 10 2015 04:35:56 GMT+0600 (OMST) 'delete' 'tmp/file_new' '/media/truecrypt1/test-node-watchers/frontend-theme'
Mon Aug 10 2015 04:35:56 GMT+0600 (OMST) 'add' 'tmp/file' '/media/truecrypt1/test-node-watchers/frontend-theme'
Mon Aug 10 2015 04:35:57 GMT+0600 (OMST) 'add' 'tmp_new' '/media/truecrypt1/test-node-watchers/frontend-theme'
Mon Aug 10 2015 04:35:57 GMT+0600 (OMST) 'delete' 'tmp' '/media/truecrypt1/test-node-watchers/frontend-theme'
Mon Aug 10 2015 04:35:57 GMT+0600 (OMST) 'delete' 'tmp/file' '/media/truecrypt1/test-node-watchers/frontend-theme'
Mon Aug 10 2015 04:35:57 GMT+0600 (OMST) 'add' 'tmp' '/media/truecrypt1/test-node-watchers/frontend-theme'
Mon Aug 10 2015 04:35:57 GMT+0600 (OMST) 'delete' 'tmp_new' '/media/truecrypt1/test-node-watchers/frontend-theme'
Mon Aug 10 2015 04:35:58 GMT+0600 (OMST) 'delete' 'tmp' '/media/truecrypt1/test-node-watchers/frontend-theme'
