Mon Aug 10 2015 04:44:31 GMT+0600 (OMST) 'add' 'tmp' '/media/truecrypt1/test-node-watchers/backend-theme'
Mon Aug 10 2015 04:44:31 GMT+0600 (OMST) 'add' 'tmp/file' '/media/truecrypt1/test-node-watchers/backend-theme'
Mon Aug 10 2015 04:44:32 GMT+0600 (OMST) 'change' 'tmp/file' '/media/truecrypt1/test-node-watchers/backend-theme'
Mon Aug 10 2015 04:44:32 GMT+0600 (OMST) 'change' 'tmp/file' '/media/truecrypt1/test-node-watchers/backend-theme'
Mon Aug 10 2015 04:44:33 GMT+0600 (OMST) 'delete' 'tmp/file' '/media/truecrypt1/test-node-watchers/backend-theme'
Mon Aug 10 2015 04:44:33 GMT+0600 (OMST) 'add' 'tmp/file_new' '/media/truecrypt1/test-node-watchers/backend-theme'
Mon Aug 10 2015 04:44:33 GMT+0600 (OMST) 'delete' 'tmp/file_new' '/media/truecrypt1/test-node-watchers/backend-theme'
Mon Aug 10 2015 04:44:33 GMT+0600 (OMST) 'add' 'tmp/file' '/media/truecrypt1/test-node-watchers/backend-theme'
Mon Aug 10 2015 04:44:34 GMT+0600 (OMST) 'delete' 'tmp/file' '/media/truecrypt1/test-node-watchers/backend-theme'
Mon Aug 10 2015 04:44:34 GMT+0600 (OMST) 'delete' 'tmp' '/media/truecrypt1/test-node-watchers/backend-theme'
Mon Aug 10 2015 04:44:34 GMT+0600 (OMST) 'add' 'tmp_new/file' '/media/truecrypt1/test-node-watchers/backend-theme'
Mon Aug 10 2015 04:44:34 GMT+0600 (OMST) 'add' 'tmp_new' '/media/truecrypt1/test-node-watchers/backend-theme'
Mon Aug 10 2015 04:44:34 GMT+0600 (OMST) 'delete' 'tmp_new/file' '/media/truecrypt1/test-node-watchers/backend-theme'
Mon Aug 10 2015 04:44:34 GMT+0600 (OMST) 'delete' 'tmp_new' '/media/truecrypt1/test-node-watchers/backend-theme'
Mon Aug 10 2015 04:44:34 GMT+0600 (OMST) 'add' 'tmp/file' '/media/truecrypt1/test-node-watchers/backend-theme'
Mon Aug 10 2015 04:44:34 GMT+0600 (OMST) 'add' 'tmp' '/media/truecrypt1/test-node-watchers/backend-theme'
Mon Aug 10 2015 04:44:35 GMT+0600 (OMST) 'delete' 'tmp/file' '/media/truecrypt1/test-node-watchers/backend-theme'
Mon Aug 10 2015 04:44:35 GMT+0600 (OMST) 'delete' 'tmp' '/media/truecrypt1/test-node-watchers/backend-theme'
Mon Aug 10 2015 04:44:41 GMT+0600 (OMST) 'add' 'tmp' '/media/truecrypt1/test-node-watchers/frontend-theme'
Mon Aug 10 2015 04:44:41 GMT+0600 (OMST) 'add' 'tmp/file' '/media/truecrypt1/test-node-watchers/frontend-theme'
Mon Aug 10 2015 04:44:42 GMT+0600 (OMST) 'change' 'tmp/file' '/media/truecrypt1/test-node-watchers/frontend-theme'
Mon Aug 10 2015 04:44:42 GMT+0600 (OMST) 'change' 'tmp/file' '/media/truecrypt1/test-node-watchers/frontend-theme'
Mon Aug 10 2015 04:44:43 GMT+0600 (OMST) 'delete' 'tmp/file' '/media/truecrypt1/test-node-watchers/frontend-theme'
Mon Aug 10 2015 04:44:43 GMT+0600 (OMST) 'add' 'tmp/file_new' '/media/truecrypt1/test-node-watchers/frontend-theme'
Mon Aug 10 2015 04:44:43 GMT+0600 (OMST) 'delete' 'tmp/file_new' '/media/truecrypt1/test-node-watchers/frontend-theme'
Mon Aug 10 2015 04:44:43 GMT+0600 (OMST) 'add' 'tmp/file' '/media/truecrypt1/test-node-watchers/frontend-theme'
Mon Aug 10 2015 04:44:44 GMT+0600 (OMST) 'delete' 'tmp/file' '/media/truecrypt1/test-node-watchers/frontend-theme'
Mon Aug 10 2015 04:44:44 GMT+0600 (OMST) 'delete' 'tmp' '/media/truecrypt1/test-node-watchers/frontend-theme'
Mon Aug 10 2015 04:44:44 GMT+0600 (OMST) 'add' 'tmp_new/file' '/media/truecrypt1/test-node-watchers/frontend-theme'
Mon Aug 10 2015 04:44:44 GMT+0600 (OMST) 'add' 'tmp_new' '/media/truecrypt1/test-node-watchers/frontend-theme'
Mon Aug 10 2015 04:44:45 GMT+0600 (OMST) 'delete' 'tmp_new/file' '/media/truecrypt1/test-node-watchers/frontend-theme'
Mon Aug 10 2015 04:44:45 GMT+0600 (OMST) 'delete' 'tmp_new' '/media/truecrypt1/test-node-watchers/frontend-theme'
Mon Aug 10 2015 04:44:45 GMT+0600 (OMST) 'add' 'tmp/file' '/media/truecrypt1/test-node-watchers/frontend-theme'
Mon Aug 10 2015 04:44:45 GMT+0600 (OMST) 'add' 'tmp' '/media/truecrypt1/test-node-watchers/frontend-theme'
Mon Aug 10 2015 04:44:45 GMT+0600 (OMST) 'delete' 'tmp/file' '/media/truecrypt1/test-node-watchers/frontend-theme'
Mon Aug 10 2015 04:44:46 GMT+0600 (OMST) 'delete' 'tmp' '/media/truecrypt1/test-node-watchers/frontend-theme'
------------------------------------------------------------------------------------------------------------------------
Mon Aug 10 2015 04:44:50 GMT+0600 (OMST) 'add' 'tmp' '/media/truecrypt1/test-node-watchers/backend-theme'
Mon Aug 10 2015 04:44:51 GMT+0600 (OMST) 'add' 'tmp/file' '/media/truecrypt1/test-node-watchers/backend-theme'
Mon Aug 10 2015 04:44:51 GMT+0600 (OMST) 'change' 'tmp/file' '/media/truecrypt1/test-node-watchers/backend-theme'
Mon Aug 10 2015 04:44:52 GMT+0600 (OMST) 'change' 'tmp/file' '/media/truecrypt1/test-node-watchers/backend-theme'
Mon Aug 10 2015 04:44:52 GMT+0600 (OMST) 'delete' 'tmp/file' '/media/truecrypt1/test-node-watchers/backend-theme'
Mon Aug 10 2015 04:44:52 GMT+0600 (OMST) 'add' 'tmp/file_new' '/media/truecrypt1/test-node-watchers/backend-theme'
Mon Aug 10 2015 04:44:53 GMT+0600 (OMST) 'delete' 'tmp/file_new' '/media/truecrypt1/test-node-watchers/backend-theme'
Mon Aug 10 2015 04:44:53 GMT+0600 (OMST) 'add' 'tmp/file' '/media/truecrypt1/test-node-watchers/backend-theme'
Mon Aug 10 2015 04:44:53 GMT+0600 (OMST) 'delete' 'tmp/file' '/media/truecrypt1/test-node-watchers/backend-theme'
Mon Aug 10 2015 04:44:53 GMT+0600 (OMST) 'delete' 'tmp' '/media/truecrypt1/test-node-watchers/backend-theme'
Mon Aug 10 2015 04:44:53 GMT+0600 (OMST) 'add' 'tmp_new/file' '/media/truecrypt1/test-node-watchers/backend-theme'
Mon Aug 10 2015 04:44:53 GMT+0600 (OMST) 'add' 'tmp_new' '/media/truecrypt1/test-node-watchers/backend-theme'
Mon Aug 10 2015 04:44:54 GMT+0600 (OMST) 'delete' 'tmp_new/file' '/media/truecrypt1/test-node-watchers/backend-theme'
Mon Aug 10 2015 04:44:54 GMT+0600 (OMST) 'delete' 'tmp_new' '/media/truecrypt1/test-node-watchers/backend-theme'
Mon Aug 10 2015 04:44:54 GMT+0600 (OMST) 'add' 'tmp/file' '/media/truecrypt1/test-node-watchers/backend-theme'
Mon Aug 10 2015 04:44:54 GMT+0600 (OMST) 'add' 'tmp' '/media/truecrypt1/test-node-watchers/backend-theme'
Mon Aug 10 2015 04:44:54 GMT+0600 (OMST) 'delete' 'tmp/file' '/media/truecrypt1/test-node-watchers/backend-theme'
Mon Aug 10 2015 04:44:55 GMT+0600 (OMST) 'delete' 'tmp' '/media/truecrypt1/test-node-watchers/backend-theme'
Mon Aug 10 2015 04:45:00 GMT+0600 (OMST) 'add' 'tmp' '/media/truecrypt1/test-node-watchers/frontend-theme'
Mon Aug 10 2015 04:45:01 GMT+0600 (OMST) 'add' 'tmp/file' '/media/truecrypt1/test-node-watchers/frontend-theme'
Mon Aug 10 2015 04:45:01 GMT+0600 (OMST) 'change' 'tmp/file' '/media/truecrypt1/test-node-watchers/frontend-theme'
Mon Aug 10 2015 04:45:02 GMT+0600 (OMST) 'change' 'tmp/file' '/media/truecrypt1/test-node-watchers/frontend-theme'
Mon Aug 10 2015 04:45:03 GMT+0600 (OMST) 'delete' 'tmp/file' '/media/truecrypt1/test-node-watchers/frontend-theme'
Mon Aug 10 2015 04:45:03 GMT+0600 (OMST) 'add' 'tmp/file_new' '/media/truecrypt1/test-node-watchers/frontend-theme'
Mon Aug 10 2015 04:45:03 GMT+0600 (OMST) 'delete' 'tmp/file_new' '/media/truecrypt1/test-node-watchers/frontend-theme'
Mon Aug 10 2015 04:45:03 GMT+0600 (OMST) 'add' 'tmp/file' '/media/truecrypt1/test-node-watchers/frontend-theme'
Mon Aug 10 2015 04:45:04 GMT+0600 (OMST) 'delete' 'tmp/file' '/media/truecrypt1/test-node-watchers/frontend-theme'
Mon Aug 10 2015 04:45:04 GMT+0600 (OMST) 'delete' 'tmp' '/media/truecrypt1/test-node-watchers/frontend-theme'
Mon Aug 10 2015 04:45:04 GMT+0600 (OMST) 'add' 'tmp_new/file' '/media/truecrypt1/test-node-watchers/frontend-theme'
Mon Aug 10 2015 04:45:04 GMT+0600 (OMST) 'add' 'tmp_new' '/media/truecrypt1/test-node-watchers/frontend-theme'
Mon Aug 10 2015 04:45:04 GMT+0600 (OMST) 'delete' 'tmp_new/file' '/media/truecrypt1/test-node-watchers/frontend-theme'
Mon Aug 10 2015 04:45:04 GMT+0600 (OMST) 'delete' 'tmp_new' '/media/truecrypt1/test-node-watchers/frontend-theme'
Mon Aug 10 2015 04:45:04 GMT+0600 (OMST) 'add' 'tmp/file' '/media/truecrypt1/test-node-watchers/frontend-theme'
Mon Aug 10 2015 04:45:04 GMT+0600 (OMST) 'add' 'tmp' '/media/truecrypt1/test-node-watchers/frontend-theme'
Mon Aug 10 2015 04:45:05 GMT+0600 (OMST) 'delete' 'tmp/file' '/media/truecrypt1/test-node-watchers/frontend-theme'
Mon Aug 10 2015 04:45:05 GMT+0600 (OMST) 'delete' 'tmp' '/media/truecrypt1/test-node-watchers/frontend-theme'
