Sun Aug 09 2015 07:06:46 GMT+0600 (OMST) 'backend-theme/tmp' { dev: 64513,
  mode: 16893,
  nlink: 2,
  uid: 1000,
  gid: 1000,
  rdev: 0,
  blksize: 4096,
  ino: 828311,
  size: 4096,
  blocks: 8,
  atime: Sun Aug 09 2015 07:06:46 GMT+0600 (OMST),
  mtime: Sun Aug 09 2015 07:06:46 GMT+0600 (OMST),
  ctime: Sun Aug 09 2015 07:06:46 GMT+0600 (OMST) }
Sun Aug 09 2015 07:06:51 GMT+0600 (OMST) 'backend-theme/tmp' { dev: 0,
  mode: 0,
  nlink: 0,
  uid: 0,
  gid: 0,
  rdev: 0,
  blksize: 0,
  ino: 0,
  size: 0,
  blocks: 0,
  atime: Thu Jan 01 1970 06:00:00 GMT+0600 (OMST),
  mtime: Thu Jan 01 1970 06:00:00 GMT+0600 (OMST),
  ctime: Thu Jan 01 1970 06:00:00 GMT+0600 (OMST) }
Sun Aug 09 2015 07:06:56 GMT+0600 (OMST) 'frontend-theme/tmp' { dev: 64513,
  mode: 16893,
  nlink: 2,
  uid: 1000,
  gid: 1000,
  rdev: 0,
  blksize: 4096,
  ino: 828311,
  size: 4096,
  blocks: 8,
  atime: Sun Aug 09 2015 07:06:56 GMT+0600 (OMST),
  mtime: Sun Aug 09 2015 07:06:56 GMT+0600 (OMST),
  ctime: Sun Aug 09 2015 07:06:56 GMT+0600 (OMST) }
Sun Aug 09 2015 07:07:01 GMT+0600 (OMST) 'frontend-theme/tmp' { dev: 0,
  mode: 0,
  nlink: 0,
  uid: 0,
  gid: 0,
  rdev: 0,
  blksize: 0,
  ino: 0,
  size: 0,
  blocks: 0,
  atime: Thu Jan 01 1970 06:00:00 GMT+0600 (OMST),
  mtime: Thu Jan 01 1970 06:00:00 GMT+0600 (OMST),
  ctime: Thu Jan 01 1970 06:00:00 GMT+0600 (OMST) }
