Mon Aug 10 2015 03:32:26 GMT+0600 (OMST) 'a change event occurred:' { '0': 'create',
  '1': 'backend-theme/tmp',
  '2': 
   { dev: 64513,
     mode: 16893,
     nlink: 2,
     uid: 1000,
     gid: 1000,
     rdev: 0,
     blksize: 4096,
     ino: 828357,
     size: 4096,
     blocks: 8,
     atime: Mon Aug 10 2015 03:32:26 GMT+0600 (OMST),
     mtime: Mon Aug 10 2015 03:32:26 GMT+0600 (OMST),
     ctime: Mon Aug 10 2015 03:32:26 GMT+0600 (OMST) },
  '3': null }
Mon Aug 10 2015 03:32:28 GMT+0600 (OMST) 'a change event occurred:' { '0': 'create',
  '1': 'backend-theme/tmp/file_new',
  '2': 
   { dev: 64513,
     mode: 33204,
     nlink: 1,
     uid: 1000,
     gid: 1000,
     rdev: 0,
     blksize: 4096,
     ino: 803097,
     size: 14,
     blocks: 8,
     atime: Mon Aug 10 2015 03:32:26 GMT+0600 (OMST),
     mtime: Mon Aug 10 2015 03:32:27 GMT+0600 (OMST),
     ctime: Mon Aug 10 2015 03:32:28 GMT+0600 (OMST) },
  '3': null }
Mon Aug 10 2015 03:32:28 GMT+0600 (OMST) 'a change event occurred:' { '0': 'delete',
  '1': 'backend-theme/tmp/file_new',
  '2': null,
  '3': 
   { dev: 64513,
     mode: 33204,
     nlink: 1,
     uid: 1000,
     gid: 1000,
     rdev: 0,
     blksize: 4096,
     ino: 803097,
     size: 14,
     blocks: 8,
     atime: Mon Aug 10 2015 03:32:26 GMT+0600 (OMST),
     mtime: Mon Aug 10 2015 03:32:27 GMT+0600 (OMST),
     ctime: Mon Aug 10 2015 03:32:28 GMT+0600 (OMST) } }
Mon Aug 10 2015 03:32:29 GMT+0600 (OMST) 'a change event occurred:' { '0': 'delete',
  '1': 'backend-theme/tmp',
  '2': null,
  '3': 
   { dev: 64513,
     mode: 16893,
     nlink: 2,
     uid: 1000,
     gid: 1000,
     rdev: 0,
     blksize: 4096,
     ino: 828357,
     size: 4096,
     blocks: 8,
     atime: Mon Aug 10 2015 03:32:28 GMT+0600 (OMST),
     mtime: Mon Aug 10 2015 03:32:28 GMT+0600 (OMST),
     ctime: Mon Aug 10 2015 03:32:28 GMT+0600 (OMST) } }
Mon Aug 10 2015 03:32:29 GMT+0600 (OMST) 'a change event occurred:' { '0': 'create',
  '1': 'backend-theme/tmp_new',
  '2': 
   { dev: 64513,
     mode: 16893,
     nlink: 2,
     uid: 1000,
     gid: 1000,
     rdev: 0,
     blksize: 4096,
     ino: 828357,
     size: 4096,
     blocks: 8,
     atime: Mon Aug 10 2015 03:32:29 GMT+0600 (OMST),
     mtime: Mon Aug 10 2015 03:32:28 GMT+0600 (OMST),
     ctime: Mon Aug 10 2015 03:32:29 GMT+0600 (OMST) },
  '3': null }
Mon Aug 10 2015 03:32:30 GMT+0600 (OMST) 'a change event occurred:' { '0': 'delete',
  '1': 'backend-theme/tmp_new/file',
  '2': null,
  '3': 
   { dev: 64513,
     mode: 33204,
     nlink: 1,
     uid: 1000,
     gid: 1000,
     rdev: 0,
     blksize: 4096,
     ino: 803097,
     size: 14,
     blocks: 8,
     atime: Mon Aug 10 2015 03:32:26 GMT+0600 (OMST),
     mtime: Mon Aug 10 2015 03:32:27 GMT+0600 (OMST),
     ctime: Mon Aug 10 2015 03:32:28 GMT+0600 (OMST) } }
Mon Aug 10 2015 03:32:30 GMT+0600 (OMST) 'a change event occurred:' { '0': 'delete',
  '1': 'backend-theme/tmp_new',
  '2': null,
  '3': 
   { dev: 64513,
     mode: 16893,
     nlink: 2,
     uid: 1000,
     gid: 1000,
     rdev: 0,
     blksize: 4096,
     ino: 828357,
     size: 4096,
     blocks: 8,
     atime: Mon Aug 10 2015 03:32:29 GMT+0600 (OMST),
     mtime: Mon Aug 10 2015 03:32:28 GMT+0600 (OMST),
     ctime: Mon Aug 10 2015 03:32:29 GMT+0600 (OMST) } }
Mon Aug 10 2015 03:32:36 GMT+0600 (OMST) 'a change event occurred:' { '0': 'create',
  '1': 'frontend-theme/tmp',
  '2': 
   { dev: 64513,
     mode: 16893,
     nlink: 2,
     uid: 1000,
     gid: 1000,
     rdev: 0,
     blksize: 4096,
     ino: 828357,
     size: 4096,
     blocks: 8,
     atime: Mon Aug 10 2015 03:32:36 GMT+0600 (OMST),
     mtime: Mon Aug 10 2015 03:32:36 GMT+0600 (OMST),
     ctime: Mon Aug 10 2015 03:32:36 GMT+0600 (OMST) },
  '3': null }
Mon Aug 10 2015 03:32:37 GMT+0600 (OMST) 'a change event occurred:' { '0': 'create',
  '1': 'frontend-theme/tmp/file',
  '2': 
   { dev: 64513,
     mode: 33204,
     nlink: 1,
     uid: 1000,
     gid: 1000,
     rdev: 0,
     blksize: 4096,
     ino: 803097,
     size: 0,
     blocks: 0,
     atime: Mon Aug 10 2015 03:32:37 GMT+0600 (OMST),
     mtime: Mon Aug 10 2015 03:32:37 GMT+0600 (OMST),
     ctime: Mon Aug 10 2015 03:32:37 GMT+0600 (OMST) },
  '3': null }
Mon Aug 10 2015 03:32:37 GMT+0600 (OMST) 'a change event occurred:' { '0': 'update',
  '1': 'frontend-theme/tmp/file',
  '2': 
   { dev: 64513,
     mode: 33204,
     nlink: 1,
     uid: 1000,
     gid: 1000,
     rdev: 0,
     blksize: 4096,
     ino: 803097,
     size: 10,
     blocks: 8,
     atime: Mon Aug 10 2015 03:32:37 GMT+0600 (OMST),
     mtime: Mon Aug 10 2015 03:32:37 GMT+0600 (OMST),
     ctime: Mon Aug 10 2015 03:32:37 GMT+0600 (OMST) },
  '3': 
   { dev: 64513,
     mode: 33204,
     nlink: 1,
     uid: 1000,
     gid: 1000,
     rdev: 0,
     blksize: 4096,
     ino: 803097,
     size: 0,
     blocks: 0,
     atime: Mon Aug 10 2015 03:32:37 GMT+0600 (OMST),
     mtime: Mon Aug 10 2015 03:32:37 GMT+0600 (OMST),
     ctime: Mon Aug 10 2015 03:32:37 GMT+0600 (OMST) } }
Mon Aug 10 2015 03:32:38 GMT+0600 (OMST) 'a change event occurred:' { '0': 'update',
  '1': 'frontend-theme/tmp/file',
  '2': 
   { dev: 64513,
     mode: 33204,
     nlink: 1,
     uid: 1000,
     gid: 1000,
     rdev: 0,
     blksize: 4096,
     ino: 803097,
     size: 14,
     blocks: 8,
     atime: Mon Aug 10 2015 03:32:37 GMT+0600 (OMST),
     mtime: Mon Aug 10 2015 03:32:38 GMT+0600 (OMST),
     ctime: Mon Aug 10 2015 03:32:38 GMT+0600 (OMST) },
  '3': 
   { dev: 64513,
     mode: 33204,
     nlink: 1,
     uid: 1000,
     gid: 1000,
     rdev: 0,
     blksize: 4096,
     ino: 803097,
     size: 10,
     blocks: 8,
     atime: Mon Aug 10 2015 03:32:37 GMT+0600 (OMST),
     mtime: Mon Aug 10 2015 03:32:37 GMT+0600 (OMST),
     ctime: Mon Aug 10 2015 03:32:37 GMT+0600 (OMST) } }
Mon Aug 10 2015 03:32:38 GMT+0600 (OMST) 'a change event occurred:' { '0': 'delete',
  '1': 'frontend-theme/tmp/file',
  '2': null,
  '3': 
   { dev: 64513,
     mode: 33204,
     nlink: 1,
     uid: 1000,
     gid: 1000,
     rdev: 0,
     blksize: 4096,
     ino: 803097,
     size: 14,
     blocks: 8,
     atime: Mon Aug 10 2015 03:32:37 GMT+0600 (OMST),
     mtime: Mon Aug 10 2015 03:32:38 GMT+0600 (OMST),
     ctime: Mon Aug 10 2015 03:32:38 GMT+0600 (OMST) } }
Mon Aug 10 2015 03:32:38 GMT+0600 (OMST) 'a change event occurred:' { '0': 'create',
  '1': 'frontend-theme/tmp/file_new',
  '2': 
   { dev: 64513,
     mode: 33204,
     nlink: 1,
     uid: 1000,
     gid: 1000,
     rdev: 0,
     blksize: 4096,
     ino: 803097,
     size: 14,
     blocks: 8,
     atime: Mon Aug 10 2015 03:32:37 GMT+0600 (OMST),
     mtime: Mon Aug 10 2015 03:32:38 GMT+0600 (OMST),
     ctime: Mon Aug 10 2015 03:32:38 GMT+0600 (OMST) },
  '3': null }
Mon Aug 10 2015 03:32:39 GMT+0600 (OMST) 'a change event occurred:' { '0': 'delete',
  '1': 'frontend-theme/tmp/file_new',
  '2': null,
  '3': 
   { dev: 64513,
     mode: 33204,
     nlink: 1,
     uid: 1000,
     gid: 1000,
     rdev: 0,
     blksize: 4096,
     ino: 803097,
     size: 14,
     blocks: 8,
     atime: Mon Aug 10 2015 03:32:37 GMT+0600 (OMST),
     mtime: Mon Aug 10 2015 03:32:38 GMT+0600 (OMST),
     ctime: Mon Aug 10 2015 03:32:38 GMT+0600 (OMST) } }
Mon Aug 10 2015 03:32:39 GMT+0600 (OMST) 'a change event occurred:' { '0': 'create',
  '1': 'frontend-theme/tmp/file',
  '2': 
   { dev: 64513,
     mode: 33204,
     nlink: 1,
     uid: 1000,
     gid: 1000,
     rdev: 0,
     blksize: 4096,
     ino: 803097,
     size: 14,
     blocks: 8,
     atime: Mon Aug 10 2015 03:32:37 GMT+0600 (OMST),
     mtime: Mon Aug 10 2015 03:32:38 GMT+0600 (OMST),
     ctime: Mon Aug 10 2015 03:32:39 GMT+0600 (OMST) },
  '3': null }
Mon Aug 10 2015 03:32:39 GMT+0600 (OMST) 'a change event occurred:' { '0': 'delete',
  '1': 'frontend-theme/tmp/file',
  '2': null,
  '3': 
   { dev: 64513,
     mode: 33204,
     nlink: 1,
     uid: 1000,
     gid: 1000,
     rdev: 0,
     blksize: 4096,
     ino: 803097,
     size: 14,
     blocks: 8,
     atime: Mon Aug 10 2015 03:32:37 GMT+0600 (OMST),
     mtime: Mon Aug 10 2015 03:32:38 GMT+0600 (OMST),
     ctime: Mon Aug 10 2015 03:32:39 GMT+0600 (OMST) } }
Mon Aug 10 2015 03:32:39 GMT+0600 (OMST) 'a change event occurred:' { '0': 'delete',
  '1': 'frontend-theme/tmp',
  '2': null,
  '3': 
   { dev: 64513,
     mode: 16893,
     nlink: 2,
     uid: 1000,
     gid: 1000,
     rdev: 0,
     blksize: 4096,
     ino: 828357,
     size: 4096,
     blocks: 8,
     atime: Mon Aug 10 2015 03:32:38 GMT+0600 (OMST),
     mtime: Mon Aug 10 2015 03:32:39 GMT+0600 (OMST),
     ctime: Mon Aug 10 2015 03:32:39 GMT+0600 (OMST) } }
Mon Aug 10 2015 03:32:39 GMT+0600 (OMST) 'a change event occurred:' { '0': 'create',
  '1': 'frontend-theme/tmp_new',
  '2': 
   { dev: 64513,
     mode: 16893,
     nlink: 2,
     uid: 1000,
     gid: 1000,
     rdev: 0,
     blksize: 4096,
     ino: 828357,
     size: 4096,
     blocks: 8,
     atime: Mon Aug 10 2015 03:32:39 GMT+0600 (OMST),
     mtime: Mon Aug 10 2015 03:32:39 GMT+0600 (OMST),
     ctime: Mon Aug 10 2015 03:32:39 GMT+0600 (OMST) },
  '3': null }
Mon Aug 10 2015 03:32:40 GMT+0600 (OMST) 'a change event occurred:' { '0': 'delete',
  '1': 'frontend-theme/tmp_new/file',
  '2': null,
  '3': 
   { dev: 64513,
     mode: 33204,
     nlink: 1,
     uid: 1000,
     gid: 1000,
     rdev: 0,
     blksize: 4096,
     ino: 803097,
     size: 14,
     blocks: 8,
     atime: Mon Aug 10 2015 03:32:37 GMT+0600 (OMST),
     mtime: Mon Aug 10 2015 03:32:38 GMT+0600 (OMST),
     ctime: Mon Aug 10 2015 03:32:39 GMT+0600 (OMST) } }
Mon Aug 10 2015 03:32:40 GMT+0600 (OMST) 'a change event occurred:' { '0': 'delete',
  '1': 'frontend-theme/tmp_new',
  '2': null,
  '3': 
   { dev: 64513,
     mode: 16893,
     nlink: 2,
     uid: 1000,
     gid: 1000,
     rdev: 0,
     blksize: 4096,
     ino: 828357,
     size: 4096,
     blocks: 8,
     atime: Mon Aug 10 2015 03:32:39 GMT+0600 (OMST),
     mtime: Mon Aug 10 2015 03:32:39 GMT+0600 (OMST),
     ctime: Mon Aug 10 2015 03:32:39 GMT+0600 (OMST) } }
Mon Aug 10 2015 03:32:40 GMT+0600 (OMST) 'a change event occurred:' { '0': 'create',
  '1': 'frontend-theme/tmp',
  '2': 
   { dev: 64513,
     mode: 16893,
     nlink: 2,
     uid: 1000,
     gid: 1000,
     rdev: 0,
     blksize: 4096,
     ino: 828357,
     size: 4096,
     blocks: 8,
     atime: Mon Aug 10 2015 03:32:40 GMT+0600 (OMST),
     mtime: Mon Aug 10 2015 03:32:39 GMT+0600 (OMST),
     ctime: Mon Aug 10 2015 03:32:40 GMT+0600 (OMST) },
  '3': null }
Mon Aug 10 2015 03:32:40 GMT+0600 (OMST) 'a change event occurred:' { '0': 'delete',
  '1': 'frontend-theme/tmp/file',
  '2': null,
  '3': 
   { dev: 64513,
     mode: 33204,
     nlink: 1,
     uid: 1000,
     gid: 1000,
     rdev: 0,
     blksize: 4096,
     ino: 803097,
     size: 14,
     blocks: 8,
     atime: Mon Aug 10 2015 03:32:37 GMT+0600 (OMST),
     mtime: Mon Aug 10 2015 03:32:38 GMT+0600 (OMST),
     ctime: Mon Aug 10 2015 03:32:39 GMT+0600 (OMST) } }
Mon Aug 10 2015 03:32:41 GMT+0600 (OMST) 'a change event occurred:' { '0': 'delete',
  '1': 'frontend-theme/tmp',
  '2': null,
  '3': 
   { dev: 64513,
     mode: 16893,
     nlink: 2,
     uid: 1000,
     gid: 1000,
     rdev: 0,
     blksize: 4096,
     ino: 828357,
     size: 4096,
     blocks: 8,
     atime: Mon Aug 10 2015 03:32:40 GMT+0600 (OMST),
     mtime: Mon Aug 10 2015 03:32:40 GMT+0600 (OMST),
     ctime: Mon Aug 10 2015 03:32:40 GMT+0600 (OMST) } }
------------------------------------------------------------------------------------------------------------------------
Mon Aug 10 2015 03:32:48 GMT+0600 (OMST) 'a change event occurred:' { '0': 'create',
  '1': 'backend-theme/tmp',
  '2': 
   { dev: 64513,
     mode: 16893,
     nlink: 2,
     uid: 1000,
     gid: 1000,
     rdev: 0,
     blksize: 4096,
     ino: 828357,
     size: 4096,
     blocks: 8,
     atime: Mon Aug 10 2015 03:32:48 GMT+0600 (OMST),
     mtime: Mon Aug 10 2015 03:32:48 GMT+0600 (OMST),
     ctime: Mon Aug 10 2015 03:32:48 GMT+0600 (OMST) },
  '3': null }
Mon Aug 10 2015 03:32:50 GMT+0600 (OMST) 'a change event occurred:' { '0': 'create',
  '1': 'backend-theme/tmp/file_new',
  '2': 
   { dev: 64513,
     mode: 33204,
     nlink: 1,
     uid: 1000,
     gid: 1000,
     rdev: 0,
     blksize: 4096,
     ino: 803097,
     size: 14,
     blocks: 8,
     atime: Mon Aug 10 2015 03:32:48 GMT+0600 (OMST),
     mtime: Mon Aug 10 2015 03:32:49 GMT+0600 (OMST),
     ctime: Mon Aug 10 2015 03:32:50 GMT+0600 (OMST) },
  '3': null }
Mon Aug 10 2015 03:32:50 GMT+0600 (OMST) 'a change event occurred:' { '0': 'delete',
  '1': 'backend-theme/tmp/file_new',
  '2': null,
  '3': 
   { dev: 64513,
     mode: 33204,
     nlink: 1,
     uid: 1000,
     gid: 1000,
     rdev: 0,
     blksize: 4096,
     ino: 803097,
     size: 14,
     blocks: 8,
     atime: Mon Aug 10 2015 03:32:48 GMT+0600 (OMST),
     mtime: Mon Aug 10 2015 03:32:49 GMT+0600 (OMST),
     ctime: Mon Aug 10 2015 03:32:50 GMT+0600 (OMST) } }
Mon Aug 10 2015 03:32:51 GMT+0600 (OMST) 'a change event occurred:' { '0': 'delete',
  '1': 'backend-theme/tmp',
  '2': null,
  '3': 
   { dev: 64513,
     mode: 16893,
     nlink: 2,
     uid: 1000,
     gid: 1000,
     rdev: 0,
     blksize: 4096,
     ino: 828357,
     size: 4096,
     blocks: 8,
     atime: Mon Aug 10 2015 03:32:50 GMT+0600 (OMST),
     mtime: Mon Aug 10 2015 03:32:50 GMT+0600 (OMST),
     ctime: Mon Aug 10 2015 03:32:50 GMT+0600 (OMST) } }
Mon Aug 10 2015 03:32:51 GMT+0600 (OMST) 'a change event occurred:' { '0': 'create',
  '1': 'backend-theme/tmp_new',
  '2': 
   { dev: 64513,
     mode: 16893,
     nlink: 2,
     uid: 1000,
     gid: 1000,
     rdev: 0,
     blksize: 4096,
     ino: 828357,
     size: 4096,
     blocks: 8,
     atime: Mon Aug 10 2015 03:32:51 GMT+0600 (OMST),
     mtime: Mon Aug 10 2015 03:32:50 GMT+0600 (OMST),
     ctime: Mon Aug 10 2015 03:32:51 GMT+0600 (OMST) },
  '3': null }
Mon Aug 10 2015 03:32:51 GMT+0600 (OMST) 'a change event occurred:' { '0': 'delete',
  '1': 'backend-theme/tmp_new/file',
  '2': null,
  '3': 
   { dev: 64513,
     mode: 33204,
     nlink: 1,
     uid: 1000,
     gid: 1000,
     rdev: 0,
     blksize: 4096,
     ino: 803097,
     size: 14,
     blocks: 8,
     atime: Mon Aug 10 2015 03:32:48 GMT+0600 (OMST),
     mtime: Mon Aug 10 2015 03:32:49 GMT+0600 (OMST),
     ctime: Mon Aug 10 2015 03:32:50 GMT+0600 (OMST) } }
Mon Aug 10 2015 03:32:51 GMT+0600 (OMST) 'a change event occurred:' { '0': 'delete',
  '1': 'backend-theme/tmp_new',
  '2': null,
  '3': 
   { dev: 64513,
     mode: 16893,
     nlink: 2,
     uid: 1000,
     gid: 1000,
     rdev: 0,
     blksize: 4096,
     ino: 828357,
     size: 4096,
     blocks: 8,
     atime: Mon Aug 10 2015 03:32:51 GMT+0600 (OMST),
     mtime: Mon Aug 10 2015 03:32:50 GMT+0600 (OMST),
     ctime: Mon Aug 10 2015 03:32:51 GMT+0600 (OMST) } }
Mon Aug 10 2015 03:32:58 GMT+0600 (OMST) 'a change event occurred:' { '0': 'create',
  '1': 'frontend-theme/tmp',
  '2': 
   { dev: 64513,
     mode: 16893,
     nlink: 2,
     uid: 1000,
     gid: 1000,
     rdev: 0,
     blksize: 4096,
     ino: 828357,
     size: 4096,
     blocks: 8,
     atime: Mon Aug 10 2015 03:32:58 GMT+0600 (OMST),
     mtime: Mon Aug 10 2015 03:32:58 GMT+0600 (OMST),
     ctime: Mon Aug 10 2015 03:32:58 GMT+0600 (OMST) },
  '3': null }
Mon Aug 10 2015 03:33:00 GMT+0600 (OMST) 'a change event occurred:' { '0': 'create',
  '1': 'frontend-theme/tmp/file_new',
  '2': 
   { dev: 64513,
     mode: 33204,
     nlink: 1,
     uid: 1000,
     gid: 1000,
     rdev: 0,
     blksize: 4096,
     ino: 803097,
     size: 14,
     blocks: 8,
     atime: Mon Aug 10 2015 03:32:58 GMT+0600 (OMST),
     mtime: Mon Aug 10 2015 03:32:59 GMT+0600 (OMST),
     ctime: Mon Aug 10 2015 03:33:00 GMT+0600 (OMST) },
  '3': null }
Mon Aug 10 2015 03:33:00 GMT+0600 (OMST) 'a change event occurred:' { '0': 'delete',
  '1': 'frontend-theme/tmp/file_new',
  '2': null,
  '3': 
   { dev: 64513,
     mode: 33204,
     nlink: 1,
     uid: 1000,
     gid: 1000,
     rdev: 0,
     blksize: 4096,
     ino: 803097,
     size: 14,
     blocks: 8,
     atime: Mon Aug 10 2015 03:32:58 GMT+0600 (OMST),
     mtime: Mon Aug 10 2015 03:32:59 GMT+0600 (OMST),
     ctime: Mon Aug 10 2015 03:33:00 GMT+0600 (OMST) } }
Mon Aug 10 2015 03:33:01 GMT+0600 (OMST) 'a change event occurred:' { '0': 'delete',
  '1': 'frontend-theme/tmp',
  '2': null,
  '3': 
   { dev: 64513,
     mode: 16893,
     nlink: 2,
     uid: 1000,
     gid: 1000,
     rdev: 0,
     blksize: 4096,
     ino: 828357,
     size: 4096,
     blocks: 8,
     atime: Mon Aug 10 2015 03:33:00 GMT+0600 (OMST),
     mtime: Mon Aug 10 2015 03:33:00 GMT+0600 (OMST),
     ctime: Mon Aug 10 2015 03:33:00 GMT+0600 (OMST) } }
Mon Aug 10 2015 03:33:01 GMT+0600 (OMST) 'a change event occurred:' { '0': 'create',
  '1': 'frontend-theme/tmp_new',
  '2': 
   { dev: 64513,
     mode: 16893,
     nlink: 2,
     uid: 1000,
     gid: 1000,
     rdev: 0,
     blksize: 4096,
     ino: 828357,
     size: 4096,
     blocks: 8,
     atime: Mon Aug 10 2015 03:33:01 GMT+0600 (OMST),
     mtime: Mon Aug 10 2015 03:33:00 GMT+0600 (OMST),
     ctime: Mon Aug 10 2015 03:33:01 GMT+0600 (OMST) },
  '3': null }
Mon Aug 10 2015 03:33:01 GMT+0600 (OMST) 'a change event occurred:' { '0': 'delete',
  '1': 'frontend-theme/tmp_new/file',
  '2': null,
  '3': 
   { dev: 64513,
     mode: 33204,
     nlink: 1,
     uid: 1000,
     gid: 1000,
     rdev: 0,
     blksize: 4096,
     ino: 803097,
     size: 14,
     blocks: 8,
     atime: Mon Aug 10 2015 03:32:58 GMT+0600 (OMST),
     mtime: Mon Aug 10 2015 03:32:59 GMT+0600 (OMST),
     ctime: Mon Aug 10 2015 03:33:00 GMT+0600 (OMST) } }
Mon Aug 10 2015 03:33:01 GMT+0600 (OMST) 'a change event occurred:' { '0': 'delete',
  '1': 'frontend-theme/tmp_new',
  '2': null,
  '3': 
   { dev: 64513,
     mode: 16893,
     nlink: 2,
     uid: 1000,
     gid: 1000,
     rdev: 0,
     blksize: 4096,
     ino: 828357,
     size: 4096,
     blocks: 8,
     atime: Mon Aug 10 2015 03:33:01 GMT+0600 (OMST),
     mtime: Mon Aug 10 2015 03:33:00 GMT+0600 (OMST),
     ctime: Mon Aug 10 2015 03:33:01 GMT+0600 (OMST) } }
