Mon Aug 10 2015 03:23:25 GMT+0600 (OMST) 'a change event occurred:' { '0': 'create',
  '1': 'backend-theme/tmp',
  '2': 
   { dev: 64513,
     mode: 16893,
     nlink: 2,
     uid: 1000,
     gid: 1000,
     rdev: 0,
     blksize: 4096,
     ino: 828356,
     size: 4096,
     blocks: 8,
     atime: Mon Aug 10 2015 03:23:23 GMT+0600 (OMST),
     mtime: Mon Aug 10 2015 03:23:25 GMT+0600 (OMST),
     ctime: Mon Aug 10 2015 03:23:25 GMT+0600 (OMST) },
  '3': null }
Mon Aug 10 2015 03:23:29 GMT+0600 (OMST) 'a change event occurred:' { '0': 'delete',
  '1': 'backend-theme/tmp/file_new',
  '2': null,
  '3': 
   { dev: 64513,
     mode: 33204,
     nlink: 1,
     uid: 1000,
     gid: 1000,
     rdev: 0,
     blksize: 4096,
     ino: 788212,
     size: 14,
     blocks: 8,
     atime: Mon Aug 10 2015 03:23:24 GMT+0600 (OMST),
     mtime: Mon Aug 10 2015 03:23:25 GMT+0600 (OMST),
     ctime: Mon Aug 10 2015 03:23:25 GMT+0600 (OMST) } }
Mon Aug 10 2015 03:23:30 GMT+0600 (OMST) 'a change event occurred:' { '0': 'delete',
  '1': 'backend-theme/tmp',
  '2': null,
  '3': 
   { dev: 64513,
     mode: 16893,
     nlink: 2,
     uid: 1000,
     gid: 1000,
     rdev: 0,
     blksize: 4096,
     ino: 828356,
     size: 4096,
     blocks: 8,
     atime: Mon Aug 10 2015 03:23:23 GMT+0600 (OMST),
     mtime: Mon Aug 10 2015 03:23:25 GMT+0600 (OMST),
     ctime: Mon Aug 10 2015 03:23:25 GMT+0600 (OMST) } }
Mon Aug 10 2015 03:23:36 GMT+0600 (OMST) 'a change event occurred:' { '0': 'create',
  '1': 'frontend-theme/tmp',
  '2': 
   { dev: 64513,
     mode: 16893,
     nlink: 2,
     uid: 1000,
     gid: 1000,
     rdev: 0,
     blksize: 4096,
     ino: 828356,
     size: 4096,
     blocks: 8,
     atime: Mon Aug 10 2015 03:23:34 GMT+0600 (OMST),
     mtime: Mon Aug 10 2015 03:23:34 GMT+0600 (OMST),
     ctime: Mon Aug 10 2015 03:23:34 GMT+0600 (OMST) },
  '3': null }
Mon Aug 10 2015 03:23:40 GMT+0600 (OMST) 'a change event occurred:' { '0': 'delete',
  '1': 'frontend-theme/tmp/file',
  '2': null,
  '3': 
   { dev: 64513,
     mode: 33204,
     nlink: 1,
     uid: 1000,
     gid: 1000,
     rdev: 0,
     blksize: 4096,
     ino: 788212,
     size: 14,
     blocks: 8,
     atime: Mon Aug 10 2015 03:23:34 GMT+0600 (OMST),
     mtime: Mon Aug 10 2015 03:23:35 GMT+0600 (OMST),
     ctime: Mon Aug 10 2015 03:23:35 GMT+0600 (OMST) } }
Mon Aug 10 2015 03:23:40 GMT+0600 (OMST) 'a change event occurred:' { '0': 'delete',
  '1': 'frontend-theme/tmp',
  '2': null,
  '3': 
   { dev: 64513,
     mode: 16893,
     nlink: 2,
     uid: 1000,
     gid: 1000,
     rdev: 0,
     blksize: 4096,
     ino: 828356,
     size: 4096,
     blocks: 8,
     atime: Mon Aug 10 2015 03:23:34 GMT+0600 (OMST),
     mtime: Mon Aug 10 2015 03:23:34 GMT+0600 (OMST),
     ctime: Mon Aug 10 2015 03:23:34 GMT+0600 (OMST) } }
------------------------------------------------------------------------------------------------------------------------
Mon Aug 10 2015 03:23:46 GMT+0600 (OMST) 'a change event occurred:' { '0': 'create',
  '1': 'backend-theme/tmp',
  '2': 
   { dev: 64513,
     mode: 16893,
     nlink: 2,
     uid: 1000,
     gid: 1000,
     rdev: 0,
     blksize: 4096,
     ino: 828356,
     size: 4096,
     blocks: 8,
     atime: Mon Aug 10 2015 03:23:44 GMT+0600 (OMST),
     mtime: Mon Aug 10 2015 03:23:45 GMT+0600 (OMST),
     ctime: Mon Aug 10 2015 03:23:45 GMT+0600 (OMST) },
  '3': null }
Mon Aug 10 2015 03:23:50 GMT+0600 (OMST) 'a change event occurred:' { '0': 'delete',
  '1': 'backend-theme/tmp/file',
  '2': null,
  '3': 
   { dev: 64513,
     mode: 33204,
     nlink: 1,
     uid: 1000,
     gid: 1000,
     rdev: 0,
     blksize: 4096,
     ino: 788212,
     size: 14,
     blocks: 8,
     atime: Mon Aug 10 2015 03:23:45 GMT+0600 (OMST),
     mtime: Mon Aug 10 2015 03:23:46 GMT+0600 (OMST),
     ctime: Mon Aug 10 2015 03:23:46 GMT+0600 (OMST) } }
Mon Aug 10 2015 03:23:51 GMT+0600 (OMST) 'a change event occurred:' { '0': 'delete',
  '1': 'backend-theme/tmp',
  '2': null,
  '3': 
   { dev: 64513,
     mode: 16893,
     nlink: 2,
     uid: 1000,
     gid: 1000,
     rdev: 0,
     blksize: 4096,
     ino: 828356,
     size: 4096,
     blocks: 8,
     atime: Mon Aug 10 2015 03:23:44 GMT+0600 (OMST),
     mtime: Mon Aug 10 2015 03:23:45 GMT+0600 (OMST),
     ctime: Mon Aug 10 2015 03:23:45 GMT+0600 (OMST) } }
Mon Aug 10 2015 03:23:56 GMT+0600 (OMST) 'a change event occurred:' { '0': 'create',
  '1': 'frontend-theme/tmp',
  '2': 
   { dev: 64513,
     mode: 16893,
     nlink: 2,
     uid: 1000,
     gid: 1000,
     rdev: 0,
     blksize: 4096,
     ino: 828356,
     size: 4096,
     blocks: 8,
     atime: Mon Aug 10 2015 03:23:54 GMT+0600 (OMST),
     mtime: Mon Aug 10 2015 03:23:55 GMT+0600 (OMST),
     ctime: Mon Aug 10 2015 03:23:55 GMT+0600 (OMST) },
  '3': null }
Mon Aug 10 2015 03:24:00 GMT+0600 (OMST) 'a change event occurred:' { '0': 'delete',
  '1': 'frontend-theme/tmp/file',
  '2': null,
  '3': 
   { dev: 64513,
     mode: 33204,
     nlink: 1,
     uid: 1000,
     gid: 1000,
     rdev: 0,
     blksize: 4096,
     ino: 788212,
     size: 14,
     blocks: 8,
     atime: Mon Aug 10 2015 03:23:55 GMT+0600 (OMST),
     mtime: Mon Aug 10 2015 03:23:56 GMT+0600 (OMST),
     ctime: Mon Aug 10 2015 03:23:56 GMT+0600 (OMST) } }
Mon Aug 10 2015 03:24:01 GMT+0600 (OMST) 'a change event occurred:' { '0': 'delete',
  '1': 'frontend-theme/tmp',
  '2': null,
  '3': 
   { dev: 64513,
     mode: 16893,
     nlink: 2,
     uid: 1000,
     gid: 1000,
     rdev: 0,
     blksize: 4096,
     ino: 828356,
     size: 4096,
     blocks: 8,
     atime: Mon Aug 10 2015 03:23:54 GMT+0600 (OMST),
     mtime: Mon Aug 10 2015 03:23:55 GMT+0600 (OMST),
     ctime: Mon Aug 10 2015 03:23:55 GMT+0600 (OMST) } }
