Mon Aug 10 2015 03:38:42 GMT+0600 (OMST) 'a change event occurred:' { '0': 'create',
  '1': 'backend-theme/tmp',
  '2': 
   { dev: 64513,
     mode: 16893,
     nlink: 2,
     uid: 1000,
     gid: 1000,
     rdev: 0,
     blksize: 4096,
     ino: 828358,
     size: 4096,
     blocks: 8,
     atime: Mon Aug 10 2015 03:38:42 GMT+0600 (OMST),
     mtime: Mon Aug 10 2015 03:38:42 GMT+0600 (OMST),
     ctime: Mon Aug 10 2015 03:38:42 GMT+0600 (OMST) },
  '3': null }
Mon Aug 10 2015 03:38:43 GMT+0600 (OMST) 'a change event occurred:' { '0': 'create',
  '1': 'backend-theme/tmp/file',
  '2': 
   { dev: 64513,
     mode: 33204,
     nlink: 1,
     uid: 1000,
     gid: 1000,
     rdev: 0,
     blksize: 4096,
     ino: 803115,
     size: 0,
     blocks: 0,
     atime: Mon Aug 10 2015 03:38:43 GMT+0600 (OMST),
     mtime: Mon Aug 10 2015 03:38:43 GMT+0600 (OMST),
     ctime: Mon Aug 10 2015 03:38:43 GMT+0600 (OMST) },
  '3': null }
Mon Aug 10 2015 03:38:43 GMT+0600 (OMST) 'a change event occurred:' { '0': 'update',
  '1': 'backend-theme/tmp/file',
  '2': 
   { dev: 64513,
     mode: 33204,
     nlink: 1,
     uid: 1000,
     gid: 1000,
     rdev: 0,
     blksize: 4096,
     ino: 803115,
     size: 10,
     blocks: 8,
     atime: Mon Aug 10 2015 03:38:43 GMT+0600 (OMST),
     mtime: Mon Aug 10 2015 03:38:43 GMT+0600 (OMST),
     ctime: Mon Aug 10 2015 03:38:43 GMT+0600 (OMST) },
  '3': 
   { dev: 64513,
     mode: 33204,
     nlink: 1,
     uid: 1000,
     gid: 1000,
     rdev: 0,
     blksize: 4096,
     ino: 803115,
     size: 0,
     blocks: 0,
     atime: Mon Aug 10 2015 03:38:43 GMT+0600 (OMST),
     mtime: Mon Aug 10 2015 03:38:43 GMT+0600 (OMST),
     ctime: Mon Aug 10 2015 03:38:43 GMT+0600 (OMST) } }
Mon Aug 10 2015 03:38:44 GMT+0600 (OMST) 'a change event occurred:' { '0': 'update',
  '1': 'backend-theme/tmp/file',
  '2': 
   { dev: 64513,
     mode: 33204,
     nlink: 1,
     uid: 1000,
     gid: 1000,
     rdev: 0,
     blksize: 4096,
     ino: 803115,
     size: 14,
     blocks: 8,
     atime: Mon Aug 10 2015 03:38:43 GMT+0600 (OMST),
     mtime: Mon Aug 10 2015 03:38:44 GMT+0600 (OMST),
     ctime: Mon Aug 10 2015 03:38:44 GMT+0600 (OMST) },
  '3': 
   { dev: 64513,
     mode: 33204,
     nlink: 1,
     uid: 1000,
     gid: 1000,
     rdev: 0,
     blksize: 4096,
     ino: 803115,
     size: 10,
     blocks: 8,
     atime: Mon Aug 10 2015 03:38:43 GMT+0600 (OMST),
     mtime: Mon Aug 10 2015 03:38:43 GMT+0600 (OMST),
     ctime: Mon Aug 10 2015 03:38:43 GMT+0600 (OMST) } }
Mon Aug 10 2015 03:38:44 GMT+0600 (OMST) 'a change event occurred:' { '0': 'delete',
  '1': 'backend-theme/tmp/file',
  '2': null,
  '3': 
   { dev: 64513,
     mode: 33204,
     nlink: 1,
     uid: 1000,
     gid: 1000,
     rdev: 0,
     blksize: 4096,
     ino: 803115,
     size: 14,
     blocks: 8,
     atime: Mon Aug 10 2015 03:38:43 GMT+0600 (OMST),
     mtime: Mon Aug 10 2015 03:38:44 GMT+0600 (OMST),
     ctime: Mon Aug 10 2015 03:38:44 GMT+0600 (OMST) } }
Mon Aug 10 2015 03:38:44 GMT+0600 (OMST) 'a change event occurred:' { '0': 'create',
  '1': 'backend-theme/tmp/file_new',
  '2': 
   { dev: 64513,
     mode: 33204,
     nlink: 1,
     uid: 1000,
     gid: 1000,
     rdev: 0,
     blksize: 4096,
     ino: 803115,
     size: 14,
     blocks: 8,
     atime: Mon Aug 10 2015 03:38:43 GMT+0600 (OMST),
     mtime: Mon Aug 10 2015 03:38:44 GMT+0600 (OMST),
     ctime: Mon Aug 10 2015 03:38:44 GMT+0600 (OMST) },
  '3': null }
Mon Aug 10 2015 03:38:45 GMT+0600 (OMST) 'a change event occurred:' { '0': 'delete',
  '1': 'backend-theme/tmp/file_new',
  '2': null,
  '3': 
   { dev: 64513,
     mode: 33204,
     nlink: 1,
     uid: 1000,
     gid: 1000,
     rdev: 0,
     blksize: 4096,
     ino: 803115,
     size: 14,
     blocks: 8,
     atime: Mon Aug 10 2015 03:38:43 GMT+0600 (OMST),
     mtime: Mon Aug 10 2015 03:38:44 GMT+0600 (OMST),
     ctime: Mon Aug 10 2015 03:38:44 GMT+0600 (OMST) } }
Mon Aug 10 2015 03:38:45 GMT+0600 (OMST) 'a change event occurred:' { '0': 'create',
  '1': 'backend-theme/tmp/file',
  '2': 
   { dev: 64513,
     mode: 33204,
     nlink: 1,
     uid: 1000,
     gid: 1000,
     rdev: 0,
     blksize: 4096,
     ino: 803115,
     size: 14,
     blocks: 8,
     atime: Mon Aug 10 2015 03:38:43 GMT+0600 (OMST),
     mtime: Mon Aug 10 2015 03:38:44 GMT+0600 (OMST),
     ctime: Mon Aug 10 2015 03:38:45 GMT+0600 (OMST) },
  '3': null }
Mon Aug 10 2015 03:38:45 GMT+0600 (OMST) 'a change event occurred:' { '0': 'delete',
  '1': 'backend-theme/tmp/file',
  '2': null,
  '3': 
   { dev: 64513,
     mode: 33204,
     nlink: 1,
     uid: 1000,
     gid: 1000,
     rdev: 0,
     blksize: 4096,
     ino: 803115,
     size: 14,
     blocks: 8,
     atime: Mon Aug 10 2015 03:38:43 GMT+0600 (OMST),
     mtime: Mon Aug 10 2015 03:38:44 GMT+0600 (OMST),
     ctime: Mon Aug 10 2015 03:38:45 GMT+0600 (OMST) } }
Mon Aug 10 2015 03:38:45 GMT+0600 (OMST) 'a change event occurred:' { '0': 'delete',
  '1': 'backend-theme/tmp',
  '2': null,
  '3': 
   { dev: 64513,
     mode: 16893,
     nlink: 2,
     uid: 1000,
     gid: 1000,
     rdev: 0,
     blksize: 4096,
     ino: 828358,
     size: 4096,
     blocks: 8,
     atime: Mon Aug 10 2015 03:38:44 GMT+0600 (OMST),
     mtime: Mon Aug 10 2015 03:38:45 GMT+0600 (OMST),
     ctime: Mon Aug 10 2015 03:38:45 GMT+0600 (OMST) } }
Mon Aug 10 2015 03:38:45 GMT+0600 (OMST) 'a change event occurred:' { '0': 'create',
  '1': 'backend-theme/tmp_new',
  '2': 
   { dev: 64513,
     mode: 16893,
     nlink: 2,
     uid: 1000,
     gid: 1000,
     rdev: 0,
     blksize: 4096,
     ino: 828358,
     size: 4096,
     blocks: 8,
     atime: Mon Aug 10 2015 03:38:45 GMT+0600 (OMST),
     mtime: Mon Aug 10 2015 03:38:45 GMT+0600 (OMST),
     ctime: Mon Aug 10 2015 03:38:45 GMT+0600 (OMST) },
  '3': null }
Mon Aug 10 2015 03:38:46 GMT+0600 (OMST) 'a change event occurred:' { '0': 'delete',
  '1': 'backend-theme/tmp_new/file',
  '2': null,
  '3': 
   { dev: 64513,
     mode: 33204,
     nlink: 1,
     uid: 1000,
     gid: 1000,
     rdev: 0,
     blksize: 4096,
     ino: 803115,
     size: 14,
     blocks: 8,
     atime: Mon Aug 10 2015 03:38:43 GMT+0600 (OMST),
     mtime: Mon Aug 10 2015 03:38:44 GMT+0600 (OMST),
     ctime: Mon Aug 10 2015 03:38:45 GMT+0600 (OMST) } }
Mon Aug 10 2015 03:38:46 GMT+0600 (OMST) 'a change event occurred:' { '0': 'delete',
  '1': 'backend-theme/tmp_new',
  '2': null,
  '3': 
   { dev: 64513,
     mode: 16893,
     nlink: 2,
     uid: 1000,
     gid: 1000,
     rdev: 0,
     blksize: 4096,
     ino: 828358,
     size: 4096,
     blocks: 8,
     atime: Mon Aug 10 2015 03:38:45 GMT+0600 (OMST),
     mtime: Mon Aug 10 2015 03:38:45 GMT+0600 (OMST),
     ctime: Mon Aug 10 2015 03:38:45 GMT+0600 (OMST) } }
Mon Aug 10 2015 03:38:46 GMT+0600 (OMST) 'a change event occurred:' { '0': 'create',
  '1': 'backend-theme/tmp',
  '2': 
   { dev: 64513,
     mode: 16893,
     nlink: 2,
     uid: 1000,
     gid: 1000,
     rdev: 0,
     blksize: 4096,
     ino: 828358,
     size: 4096,
     blocks: 8,
     atime: Mon Aug 10 2015 03:38:46 GMT+0600 (OMST),
     mtime: Mon Aug 10 2015 03:38:45 GMT+0600 (OMST),
     ctime: Mon Aug 10 2015 03:38:46 GMT+0600 (OMST) },
  '3': null }
Mon Aug 10 2015 03:38:47 GMT+0600 (OMST) 'a change event occurred:' { '0': 'delete',
  '1': 'backend-theme/tmp/file',
  '2': null,
  '3': 
   { dev: 64513,
     mode: 33204,
     nlink: 1,
     uid: 1000,
     gid: 1000,
     rdev: 0,
     blksize: 4096,
     ino: 803115,
     size: 14,
     blocks: 8,
     atime: Mon Aug 10 2015 03:38:43 GMT+0600 (OMST),
     mtime: Mon Aug 10 2015 03:38:44 GMT+0600 (OMST),
     ctime: Mon Aug 10 2015 03:38:45 GMT+0600 (OMST) } }
Mon Aug 10 2015 03:38:47 GMT+0600 (OMST) 'a change event occurred:' { '0': 'delete',
  '1': 'backend-theme/tmp',
  '2': null,
  '3': 
   { dev: 64513,
     mode: 16893,
     nlink: 2,
     uid: 1000,
     gid: 1000,
     rdev: 0,
     blksize: 4096,
     ino: 828358,
     size: 4096,
     blocks: 8,
     atime: Mon Aug 10 2015 03:38:46 GMT+0600 (OMST),
     mtime: Mon Aug 10 2015 03:38:46 GMT+0600 (OMST),
     ctime: Mon Aug 10 2015 03:38:46 GMT+0600 (OMST) } }
Mon Aug 10 2015 03:38:53 GMT+0600 (OMST) 'a change event occurred:' { '0': 'create',
  '1': 'frontend-theme/tmp',
  '2': 
   { dev: 64513,
     mode: 16893,
     nlink: 2,
     uid: 1000,
     gid: 1000,
     rdev: 0,
     blksize: 4096,
     ino: 828358,
     size: 4096,
     blocks: 8,
     atime: Mon Aug 10 2015 03:38:53 GMT+0600 (OMST),
     mtime: Mon Aug 10 2015 03:38:53 GMT+0600 (OMST),
     ctime: Mon Aug 10 2015 03:38:53 GMT+0600 (OMST) },
  '3': null }
Mon Aug 10 2015 03:38:55 GMT+0600 (OMST) 'a change event occurred:' { '0': 'create',
  '1': 'frontend-theme/tmp/file_new',
  '2': 
   { dev: 64513,
     mode: 33204,
     nlink: 1,
     uid: 1000,
     gid: 1000,
     rdev: 0,
     blksize: 4096,
     ino: 803115,
     size: 14,
     blocks: 8,
     atime: Mon Aug 10 2015 03:38:53 GMT+0600 (OMST),
     mtime: Mon Aug 10 2015 03:38:54 GMT+0600 (OMST),
     ctime: Mon Aug 10 2015 03:38:55 GMT+0600 (OMST) },
  '3': null }
Mon Aug 10 2015 03:38:55 GMT+0600 (OMST) 'a change event occurred:' { '0': 'delete',
  '1': 'frontend-theme/tmp/file_new',
  '2': null,
  '3': 
   { dev: 64513,
     mode: 33204,
     nlink: 1,
     uid: 1000,
     gid: 1000,
     rdev: 0,
     blksize: 4096,
     ino: 803115,
     size: 14,
     blocks: 8,
     atime: Mon Aug 10 2015 03:38:53 GMT+0600 (OMST),
     mtime: Mon Aug 10 2015 03:38:54 GMT+0600 (OMST),
     ctime: Mon Aug 10 2015 03:38:55 GMT+0600 (OMST) } }
Mon Aug 10 2015 03:38:56 GMT+0600 (OMST) 'a change event occurred:' { '0': 'delete',
  '1': 'frontend-theme/tmp',
  '2': null,
  '3': 
   { dev: 64513,
     mode: 16893,
     nlink: 2,
     uid: 1000,
     gid: 1000,
     rdev: 0,
     blksize: 4096,
     ino: 828358,
     size: 4096,
     blocks: 8,
     atime: Mon Aug 10 2015 03:38:55 GMT+0600 (OMST),
     mtime: Mon Aug 10 2015 03:38:55 GMT+0600 (OMST),
     ctime: Mon Aug 10 2015 03:38:55 GMT+0600 (OMST) } }
Mon Aug 10 2015 03:38:56 GMT+0600 (OMST) 'a change event occurred:' { '0': 'create',
  '1': 'frontend-theme/tmp_new',
  '2': 
   { dev: 64513,
     mode: 16893,
     nlink: 2,
     uid: 1000,
     gid: 1000,
     rdev: 0,
     blksize: 4096,
     ino: 828358,
     size: 4096,
     blocks: 8,
     atime: Mon Aug 10 2015 03:38:56 GMT+0600 (OMST),
     mtime: Mon Aug 10 2015 03:38:55 GMT+0600 (OMST),
     ctime: Mon Aug 10 2015 03:38:56 GMT+0600 (OMST) },
  '3': null }
Mon Aug 10 2015 03:38:56 GMT+0600 (OMST) 'a change event occurred:' { '0': 'delete',
  '1': 'frontend-theme/tmp_new/file',
  '2': null,
  '3': 
   { dev: 64513,
     mode: 33204,
     nlink: 1,
     uid: 1000,
     gid: 1000,
     rdev: 0,
     blksize: 4096,
     ino: 803115,
     size: 14,
     blocks: 8,
     atime: Mon Aug 10 2015 03:38:53 GMT+0600 (OMST),
     mtime: Mon Aug 10 2015 03:38:54 GMT+0600 (OMST),
     ctime: Mon Aug 10 2015 03:38:55 GMT+0600 (OMST) } }
Mon Aug 10 2015 03:38:56 GMT+0600 (OMST) 'a change event occurred:' { '0': 'delete',
  '1': 'frontend-theme/tmp_new',
  '2': null,
  '3': 
   { dev: 64513,
     mode: 16893,
     nlink: 2,
     uid: 1000,
     gid: 1000,
     rdev: 0,
     blksize: 4096,
     ino: 828358,
     size: 4096,
     blocks: 8,
     atime: Mon Aug 10 2015 03:38:56 GMT+0600 (OMST),
     mtime: Mon Aug 10 2015 03:38:55 GMT+0600 (OMST),
     ctime: Mon Aug 10 2015 03:38:56 GMT+0600 (OMST) } }
------------------------------------------------------------------------------------------------------------------------
Mon Aug 10 2015 03:39:02 GMT+0600 (OMST) 'a change event occurred:' { '0': 'create',
  '1': 'backend-theme/tmp',
  '2': 
   { dev: 64513,
     mode: 16893,
     nlink: 2,
     uid: 1000,
     gid: 1000,
     rdev: 0,
     blksize: 4096,
     ino: 828358,
     size: 4096,
     blocks: 8,
     atime: Mon Aug 10 2015 03:39:02 GMT+0600 (OMST),
     mtime: Mon Aug 10 2015 03:39:02 GMT+0600 (OMST),
     ctime: Mon Aug 10 2015 03:39:02 GMT+0600 (OMST) },
  '3': null }
Mon Aug 10 2015 03:39:03 GMT+0600 (OMST) 'a change event occurred:' { '0': 'create',
  '1': 'backend-theme/tmp/file',
  '2': 
   { dev: 64513,
     mode: 33204,
     nlink: 1,
     uid: 1000,
     gid: 1000,
     rdev: 0,
     blksize: 4096,
     ino: 803115,
     size: 0,
     blocks: 0,
     atime: Mon Aug 10 2015 03:39:03 GMT+0600 (OMST),
     mtime: Mon Aug 10 2015 03:39:03 GMT+0600 (OMST),
     ctime: Mon Aug 10 2015 03:39:03 GMT+0600 (OMST) },
  '3': null }
Mon Aug 10 2015 03:39:03 GMT+0600 (OMST) 'a change event occurred:' { '0': 'update',
  '1': 'backend-theme/tmp/file',
  '2': 
   { dev: 64513,
     mode: 33204,
     nlink: 1,
     uid: 1000,
     gid: 1000,
     rdev: 0,
     blksize: 4096,
     ino: 803115,
     size: 10,
     blocks: 8,
     atime: Mon Aug 10 2015 03:39:03 GMT+0600 (OMST),
     mtime: Mon Aug 10 2015 03:39:03 GMT+0600 (OMST),
     ctime: Mon Aug 10 2015 03:39:03 GMT+0600 (OMST) },
  '3': 
   { dev: 64513,
     mode: 33204,
     nlink: 1,
     uid: 1000,
     gid: 1000,
     rdev: 0,
     blksize: 4096,
     ino: 803115,
     size: 0,
     blocks: 0,
     atime: Mon Aug 10 2015 03:39:03 GMT+0600 (OMST),
     mtime: Mon Aug 10 2015 03:39:03 GMT+0600 (OMST),
     ctime: Mon Aug 10 2015 03:39:03 GMT+0600 (OMST) } }
Mon Aug 10 2015 03:39:04 GMT+0600 (OMST) 'a change event occurred:' { '0': 'update',
  '1': 'backend-theme/tmp/file',
  '2': 
   { dev: 64513,
     mode: 33204,
     nlink: 1,
     uid: 1000,
     gid: 1000,
     rdev: 0,
     blksize: 4096,
     ino: 803115,
     size: 14,
     blocks: 8,
     atime: Mon Aug 10 2015 03:39:03 GMT+0600 (OMST),
     mtime: Mon Aug 10 2015 03:39:04 GMT+0600 (OMST),
     ctime: Mon Aug 10 2015 03:39:04 GMT+0600 (OMST) },
  '3': 
   { dev: 64513,
     mode: 33204,
     nlink: 1,
     uid: 1000,
     gid: 1000,
     rdev: 0,
     blksize: 4096,
     ino: 803115,
     size: 10,
     blocks: 8,
     atime: Mon Aug 10 2015 03:39:03 GMT+0600 (OMST),
     mtime: Mon Aug 10 2015 03:39:03 GMT+0600 (OMST),
     ctime: Mon Aug 10 2015 03:39:03 GMT+0600 (OMST) } }
Mon Aug 10 2015 03:39:04 GMT+0600 (OMST) 'a change event occurred:' { '0': 'delete',
  '1': 'backend-theme/tmp/file',
  '2': null,
  '3': 
   { dev: 64513,
     mode: 33204,
     nlink: 1,
     uid: 1000,
     gid: 1000,
     rdev: 0,
     blksize: 4096,
     ino: 803115,
     size: 14,
     blocks: 8,
     atime: Mon Aug 10 2015 03:39:03 GMT+0600 (OMST),
     mtime: Mon Aug 10 2015 03:39:04 GMT+0600 (OMST),
     ctime: Mon Aug 10 2015 03:39:04 GMT+0600 (OMST) } }
Mon Aug 10 2015 03:39:04 GMT+0600 (OMST) 'a change event occurred:' { '0': 'create',
  '1': 'backend-theme/tmp/file_new',
  '2': 
   { dev: 64513,
     mode: 33204,
     nlink: 1,
     uid: 1000,
     gid: 1000,
     rdev: 0,
     blksize: 4096,
     ino: 803115,
     size: 14,
     blocks: 8,
     atime: Mon Aug 10 2015 03:39:03 GMT+0600 (OMST),
     mtime: Mon Aug 10 2015 03:39:04 GMT+0600 (OMST),
     ctime: Mon Aug 10 2015 03:39:04 GMT+0600 (OMST) },
  '3': null }
Mon Aug 10 2015 03:39:05 GMT+0600 (OMST) 'a change event occurred:' { '0': 'delete',
  '1': 'backend-theme/tmp/file_new',
  '2': null,
  '3': 
   { dev: 64513,
     mode: 33204,
     nlink: 1,
     uid: 1000,
     gid: 1000,
     rdev: 0,
     blksize: 4096,
     ino: 803115,
     size: 14,
     blocks: 8,
     atime: Mon Aug 10 2015 03:39:03 GMT+0600 (OMST),
     mtime: Mon Aug 10 2015 03:39:04 GMT+0600 (OMST),
     ctime: Mon Aug 10 2015 03:39:04 GMT+0600 (OMST) } }
Mon Aug 10 2015 03:39:05 GMT+0600 (OMST) 'a change event occurred:' { '0': 'create',
  '1': 'backend-theme/tmp/file',
  '2': 
   { dev: 64513,
     mode: 33204,
     nlink: 1,
     uid: 1000,
     gid: 1000,
     rdev: 0,
     blksize: 4096,
     ino: 803115,
     size: 14,
     blocks: 8,
     atime: Mon Aug 10 2015 03:39:03 GMT+0600 (OMST),
     mtime: Mon Aug 10 2015 03:39:04 GMT+0600 (OMST),
     ctime: Mon Aug 10 2015 03:39:05 GMT+0600 (OMST) },
  '3': null }
Mon Aug 10 2015 03:39:05 GMT+0600 (OMST) 'a change event occurred:' { '0': 'delete',
  '1': 'backend-theme/tmp/file',
  '2': null,
  '3': 
   { dev: 64513,
     mode: 33204,
     nlink: 1,
     uid: 1000,
     gid: 1000,
     rdev: 0,
     blksize: 4096,
     ino: 803115,
     size: 14,
     blocks: 8,
     atime: Mon Aug 10 2015 03:39:03 GMT+0600 (OMST),
     mtime: Mon Aug 10 2015 03:39:04 GMT+0600 (OMST),
     ctime: Mon Aug 10 2015 03:39:05 GMT+0600 (OMST) } }
Mon Aug 10 2015 03:39:05 GMT+0600 (OMST) 'a change event occurred:' { '0': 'delete',
  '1': 'backend-theme/tmp',
  '2': null,
  '3': 
   { dev: 64513,
     mode: 16893,
     nlink: 2,
     uid: 1000,
     gid: 1000,
     rdev: 0,
     blksize: 4096,
     ino: 828358,
     size: 4096,
     blocks: 8,
     atime: Mon Aug 10 2015 03:39:04 GMT+0600 (OMST),
     mtime: Mon Aug 10 2015 03:39:05 GMT+0600 (OMST),
     ctime: Mon Aug 10 2015 03:39:05 GMT+0600 (OMST) } }
Mon Aug 10 2015 03:39:05 GMT+0600 (OMST) 'a change event occurred:' { '0': 'create',
  '1': 'backend-theme/tmp_new',
  '2': 
   { dev: 64513,
     mode: 16893,
     nlink: 2,
     uid: 1000,
     gid: 1000,
     rdev: 0,
     blksize: 4096,
     ino: 828358,
     size: 4096,
     blocks: 8,
     atime: Mon Aug 10 2015 03:39:05 GMT+0600 (OMST),
     mtime: Mon Aug 10 2015 03:39:05 GMT+0600 (OMST),
     ctime: Mon Aug 10 2015 03:39:05 GMT+0600 (OMST) },
  '3': null }
Mon Aug 10 2015 03:39:06 GMT+0600 (OMST) 'a change event occurred:' { '0': 'delete',
  '1': 'backend-theme/tmp_new/file',
  '2': null,
  '3': 
   { dev: 64513,
     mode: 33204,
     nlink: 1,
     uid: 1000,
     gid: 1000,
     rdev: 0,
     blksize: 4096,
     ino: 803115,
     size: 14,
     blocks: 8,
     atime: Mon Aug 10 2015 03:39:03 GMT+0600 (OMST),
     mtime: Mon Aug 10 2015 03:39:04 GMT+0600 (OMST),
     ctime: Mon Aug 10 2015 03:39:05 GMT+0600 (OMST) } }
Mon Aug 10 2015 03:39:06 GMT+0600 (OMST) 'a change event occurred:' { '0': 'delete',
  '1': 'backend-theme/tmp_new',
  '2': null,
  '3': 
   { dev: 64513,
     mode: 16893,
     nlink: 2,
     uid: 1000,
     gid: 1000,
     rdev: 0,
     blksize: 4096,
     ino: 828358,
     size: 4096,
     blocks: 8,
     atime: Mon Aug 10 2015 03:39:05 GMT+0600 (OMST),
     mtime: Mon Aug 10 2015 03:39:05 GMT+0600 (OMST),
     ctime: Mon Aug 10 2015 03:39:05 GMT+0600 (OMST) } }
Mon Aug 10 2015 03:39:06 GMT+0600 (OMST) 'a change event occurred:' { '0': 'create',
  '1': 'backend-theme/tmp',
  '2': 
   { dev: 64513,
     mode: 16893,
     nlink: 2,
     uid: 1000,
     gid: 1000,
     rdev: 0,
     blksize: 4096,
     ino: 828358,
     size: 4096,
     blocks: 8,
     atime: Mon Aug 10 2015 03:39:06 GMT+0600 (OMST),
     mtime: Mon Aug 10 2015 03:39:05 GMT+0600 (OMST),
     ctime: Mon Aug 10 2015 03:39:06 GMT+0600 (OMST) },
  '3': null }
Mon Aug 10 2015 03:39:06 GMT+0600 (OMST) 'a change event occurred:' { '0': 'delete',
  '1': 'backend-theme/tmp/file',
  '2': null,
  '3': 
   { dev: 64513,
     mode: 33204,
     nlink: 1,
     uid: 1000,
     gid: 1000,
     rdev: 0,
     blksize: 4096,
     ino: 803115,
     size: 14,
     blocks: 8,
     atime: Mon Aug 10 2015 03:39:03 GMT+0600 (OMST),
     mtime: Mon Aug 10 2015 03:39:04 GMT+0600 (OMST),
     ctime: Mon Aug 10 2015 03:39:05 GMT+0600 (OMST) } }
Mon Aug 10 2015 03:39:07 GMT+0600 (OMST) 'a change event occurred:' { '0': 'delete',
  '1': 'backend-theme/tmp',
  '2': null,
  '3': 
   { dev: 64513,
     mode: 16893,
     nlink: 2,
     uid: 1000,
     gid: 1000,
     rdev: 0,
     blksize: 4096,
     ino: 828358,
     size: 4096,
     blocks: 8,
     atime: Mon Aug 10 2015 03:39:06 GMT+0600 (OMST),
     mtime: Mon Aug 10 2015 03:39:06 GMT+0600 (OMST),
     ctime: Mon Aug 10 2015 03:39:06 GMT+0600 (OMST) } }
Mon Aug 10 2015 03:39:12 GMT+0600 (OMST) 'a change event occurred:' { '0': 'create',
  '1': 'frontend-theme/tmp',
  '2': 
   { dev: 64513,
     mode: 16893,
     nlink: 2,
     uid: 1000,
     gid: 1000,
     rdev: 0,
     blksize: 4096,
     ino: 828358,
     size: 4096,
     blocks: 8,
     atime: Mon Aug 10 2015 03:39:12 GMT+0600 (OMST),
     mtime: Mon Aug 10 2015 03:39:12 GMT+0600 (OMST),
     ctime: Mon Aug 10 2015 03:39:12 GMT+0600 (OMST) },
  '3': null }
Mon Aug 10 2015 03:39:13 GMT+0600 (OMST) 'a change event occurred:' { '0': 'create',
  '1': 'frontend-theme/tmp/file',
  '2': 
   { dev: 64513,
     mode: 33204,
     nlink: 1,
     uid: 1000,
     gid: 1000,
     rdev: 0,
     blksize: 4096,
     ino: 803115,
     size: 0,
     blocks: 0,
     atime: Mon Aug 10 2015 03:39:13 GMT+0600 (OMST),
     mtime: Mon Aug 10 2015 03:39:13 GMT+0600 (OMST),
     ctime: Mon Aug 10 2015 03:39:13 GMT+0600 (OMST) },
  '3': null }
Mon Aug 10 2015 03:39:13 GMT+0600 (OMST) 'a change event occurred:' { '0': 'update',
  '1': 'frontend-theme/tmp/file',
  '2': 
   { dev: 64513,
     mode: 33204,
     nlink: 1,
     uid: 1000,
     gid: 1000,
     rdev: 0,
     blksize: 4096,
     ino: 803115,
     size: 10,
     blocks: 8,
     atime: Mon Aug 10 2015 03:39:13 GMT+0600 (OMST),
     mtime: Mon Aug 10 2015 03:39:13 GMT+0600 (OMST),
     ctime: Mon Aug 10 2015 03:39:13 GMT+0600 (OMST) },
  '3': 
   { dev: 64513,
     mode: 33204,
     nlink: 1,
     uid: 1000,
     gid: 1000,
     rdev: 0,
     blksize: 4096,
     ino: 803115,
     size: 0,
     blocks: 0,
     atime: Mon Aug 10 2015 03:39:13 GMT+0600 (OMST),
     mtime: Mon Aug 10 2015 03:39:13 GMT+0600 (OMST),
     ctime: Mon Aug 10 2015 03:39:13 GMT+0600 (OMST) } }
Mon Aug 10 2015 03:39:14 GMT+0600 (OMST) 'a change event occurred:' { '0': 'update',
  '1': 'frontend-theme/tmp/file',
  '2': 
   { dev: 64513,
     mode: 33204,
     nlink: 1,
     uid: 1000,
     gid: 1000,
     rdev: 0,
     blksize: 4096,
     ino: 803115,
     size: 14,
     blocks: 8,
     atime: Mon Aug 10 2015 03:39:13 GMT+0600 (OMST),
     mtime: Mon Aug 10 2015 03:39:14 GMT+0600 (OMST),
     ctime: Mon Aug 10 2015 03:39:14 GMT+0600 (OMST) },
  '3': 
   { dev: 64513,
     mode: 33204,
     nlink: 1,
     uid: 1000,
     gid: 1000,
     rdev: 0,
     blksize: 4096,
     ino: 803115,
     size: 10,
     blocks: 8,
     atime: Mon Aug 10 2015 03:39:13 GMT+0600 (OMST),
     mtime: Mon Aug 10 2015 03:39:13 GMT+0600 (OMST),
     ctime: Mon Aug 10 2015 03:39:13 GMT+0600 (OMST) } }
Mon Aug 10 2015 03:39:14 GMT+0600 (OMST) 'a change event occurred:' { '0': 'delete',
  '1': 'frontend-theme/tmp/file',
  '2': null,
  '3': 
   { dev: 64513,
     mode: 33204,
     nlink: 1,
     uid: 1000,
     gid: 1000,
     rdev: 0,
     blksize: 4096,
     ino: 803115,
     size: 14,
     blocks: 8,
     atime: Mon Aug 10 2015 03:39:13 GMT+0600 (OMST),
     mtime: Mon Aug 10 2015 03:39:14 GMT+0600 (OMST),
     ctime: Mon Aug 10 2015 03:39:14 GMT+0600 (OMST) } }
Mon Aug 10 2015 03:39:14 GMT+0600 (OMST) 'a change event occurred:' { '0': 'create',
  '1': 'frontend-theme/tmp/file_new',
  '2': 
   { dev: 64513,
     mode: 33204,
     nlink: 1,
     uid: 1000,
     gid: 1000,
     rdev: 0,
     blksize: 4096,
     ino: 803115,
     size: 14,
     blocks: 8,
     atime: Mon Aug 10 2015 03:39:13 GMT+0600 (OMST),
     mtime: Mon Aug 10 2015 03:39:14 GMT+0600 (OMST),
     ctime: Mon Aug 10 2015 03:39:14 GMT+0600 (OMST) },
  '3': null }
Mon Aug 10 2015 03:39:15 GMT+0600 (OMST) 'a change event occurred:' { '0': 'delete',
  '1': 'frontend-theme/tmp/file_new',
  '2': null,
  '3': 
   { dev: 64513,
     mode: 33204,
     nlink: 1,
     uid: 1000,
     gid: 1000,
     rdev: 0,
     blksize: 4096,
     ino: 803115,
     size: 14,
     blocks: 8,
     atime: Mon Aug 10 2015 03:39:13 GMT+0600 (OMST),
     mtime: Mon Aug 10 2015 03:39:14 GMT+0600 (OMST),
     ctime: Mon Aug 10 2015 03:39:14 GMT+0600 (OMST) } }
Mon Aug 10 2015 03:39:15 GMT+0600 (OMST) 'a change event occurred:' { '0': 'create',
  '1': 'frontend-theme/tmp/file',
  '2': 
   { dev: 64513,
     mode: 33204,
     nlink: 1,
     uid: 1000,
     gid: 1000,
     rdev: 0,
     blksize: 4096,
     ino: 803115,
     size: 14,
     blocks: 8,
     atime: Mon Aug 10 2015 03:39:13 GMT+0600 (OMST),
     mtime: Mon Aug 10 2015 03:39:14 GMT+0600 (OMST),
     ctime: Mon Aug 10 2015 03:39:15 GMT+0600 (OMST) },
  '3': null }
Mon Aug 10 2015 03:39:15 GMT+0600 (OMST) 'a change event occurred:' { '0': 'delete',
  '1': 'frontend-theme/tmp/file',
  '2': null,
  '3': 
   { dev: 64513,
     mode: 33204,
     nlink: 1,
     uid: 1000,
     gid: 1000,
     rdev: 0,
     blksize: 4096,
     ino: 803115,
     size: 14,
     blocks: 8,
     atime: Mon Aug 10 2015 03:39:13 GMT+0600 (OMST),
     mtime: Mon Aug 10 2015 03:39:14 GMT+0600 (OMST),
     ctime: Mon Aug 10 2015 03:39:15 GMT+0600 (OMST) } }
Mon Aug 10 2015 03:39:15 GMT+0600 (OMST) 'a change event occurred:' { '0': 'delete',
  '1': 'frontend-theme/tmp',
  '2': null,
  '3': 
   { dev: 64513,
     mode: 16893,
     nlink: 2,
     uid: 1000,
     gid: 1000,
     rdev: 0,
     blksize: 4096,
     ino: 828358,
     size: 4096,
     blocks: 8,
     atime: Mon Aug 10 2015 03:39:14 GMT+0600 (OMST),
     mtime: Mon Aug 10 2015 03:39:15 GMT+0600 (OMST),
     ctime: Mon Aug 10 2015 03:39:15 GMT+0600 (OMST) } }
Mon Aug 10 2015 03:39:15 GMT+0600 (OMST) 'a change event occurred:' { '0': 'create',
  '1': 'frontend-theme/tmp_new',
  '2': 
   { dev: 64513,
     mode: 16893,
     nlink: 2,
     uid: 1000,
     gid: 1000,
     rdev: 0,
     blksize: 4096,
     ino: 828358,
     size: 4096,
     blocks: 8,
     atime: Mon Aug 10 2015 03:39:15 GMT+0600 (OMST),
     mtime: Mon Aug 10 2015 03:39:15 GMT+0600 (OMST),
     ctime: Mon Aug 10 2015 03:39:15 GMT+0600 (OMST) },
  '3': null }
Mon Aug 10 2015 03:39:16 GMT+0600 (OMST) 'a change event occurred:' { '0': 'delete',
  '1': 'frontend-theme/tmp_new/file',
  '2': null,
  '3': 
   { dev: 64513,
     mode: 33204,
     nlink: 1,
     uid: 1000,
     gid: 1000,
     rdev: 0,
     blksize: 4096,
     ino: 803115,
     size: 14,
     blocks: 8,
     atime: Mon Aug 10 2015 03:39:13 GMT+0600 (OMST),
     mtime: Mon Aug 10 2015 03:39:14 GMT+0600 (OMST),
     ctime: Mon Aug 10 2015 03:39:15 GMT+0600 (OMST) } }
Mon Aug 10 2015 03:39:16 GMT+0600 (OMST) 'a change event occurred:' { '0': 'delete',
  '1': 'frontend-theme/tmp_new',
  '2': null,
  '3': 
   { dev: 64513,
     mode: 16893,
     nlink: 2,
     uid: 1000,
     gid: 1000,
     rdev: 0,
     blksize: 4096,
     ino: 828358,
     size: 4096,
     blocks: 8,
     atime: Mon Aug 10 2015 03:39:15 GMT+0600 (OMST),
     mtime: Mon Aug 10 2015 03:39:15 GMT+0600 (OMST),
     ctime: Mon Aug 10 2015 03:39:15 GMT+0600 (OMST) } }
Mon Aug 10 2015 03:39:16 GMT+0600 (OMST) 'a change event occurred:' { '0': 'create',
  '1': 'frontend-theme/tmp',
  '2': 
   { dev: 64513,
     mode: 16893,
     nlink: 2,
     uid: 1000,
     gid: 1000,
     rdev: 0,
     blksize: 4096,
     ino: 828358,
     size: 4096,
     blocks: 8,
     atime: Mon Aug 10 2015 03:39:16 GMT+0600 (OMST),
     mtime: Mon Aug 10 2015 03:39:15 GMT+0600 (OMST),
     ctime: Mon Aug 10 2015 03:39:16 GMT+0600 (OMST) },
  '3': null }
Mon Aug 10 2015 03:39:16 GMT+0600 (OMST) 'a change event occurred:' { '0': 'delete',
  '1': 'frontend-theme/tmp/file',
  '2': null,
  '3': 
   { dev: 64513,
     mode: 33204,
     nlink: 1,
     uid: 1000,
     gid: 1000,
     rdev: 0,
     blksize: 4096,
     ino: 803115,
     size: 14,
     blocks: 8,
     atime: Mon Aug 10 2015 03:39:13 GMT+0600 (OMST),
     mtime: Mon Aug 10 2015 03:39:14 GMT+0600 (OMST),
     ctime: Mon Aug 10 2015 03:39:15 GMT+0600 (OMST) } }
Mon Aug 10 2015 03:39:17 GMT+0600 (OMST) 'a change event occurred:' { '0': 'delete',
  '1': 'frontend-theme/tmp',
  '2': null,
  '3': 
   { dev: 64513,
     mode: 16893,
     nlink: 2,
     uid: 1000,
     gid: 1000,
     rdev: 0,
     blksize: 4096,
     ino: 828358,
     size: 4096,
     blocks: 8,
     atime: Mon Aug 10 2015 03:39:16 GMT+0600 (OMST),
     mtime: Mon Aug 10 2015 03:39:16 GMT+0600 (OMST),
     ctime: Mon Aug 10 2015 03:39:16 GMT+0600 (OMST) } }
