Mon Aug 10 2015 03:29:24 GMT+0600 (OMST) 'a change event occurred:' { '0': 'create',
  '1': 'backend-theme/tmp',
  '2': 
   { dev: 64513,
     mode: 16893,
     nlink: 2,
     uid: 1000,
     gid: 1000,
     rdev: 0,
     blksize: 4096,
     ino: 828357,
     size: 4096,
     blocks: 8,
     atime: Mon Aug 10 2015 03:29:22 GMT+0600 (OMST),
     mtime: Mon Aug 10 2015 03:29:24 GMT+0600 (OMST),
     ctime: Mon Aug 10 2015 03:29:24 GMT+0600 (OMST) },
  '3': null }
Mon Aug 10 2015 03:29:28 GMT+0600 (OMST) 'a change event occurred:' { '0': 'delete',
  '1': 'backend-theme/tmp/file_new',
  '2': null,
  '3': 
   { dev: 64513,
     mode: 33204,
     nlink: 1,
     uid: 1000,
     gid: 1000,
     rdev: 0,
     blksize: 4096,
     ino: 803097,
     size: 14,
     blocks: 8,
     atime: Mon Aug 10 2015 03:29:23 GMT+0600 (OMST),
     mtime: Mon Aug 10 2015 03:29:24 GMT+0600 (OMST),
     ctime: Mon Aug 10 2015 03:29:24 GMT+0600 (OMST) } }
Mon Aug 10 2015 03:29:29 GMT+0600 (OMST) 'a change event occurred:' { '0': 'delete',
  '1': 'backend-theme/tmp',
  '2': null,
  '3': 
   { dev: 64513,
     mode: 16893,
     nlink: 2,
     uid: 1000,
     gid: 1000,
     rdev: 0,
     blksize: 4096,
     ino: 828357,
     size: 4096,
     blocks: 8,
     atime: Mon Aug 10 2015 03:29:22 GMT+0600 (OMST),
     mtime: Mon Aug 10 2015 03:29:24 GMT+0600 (OMST),
     ctime: Mon Aug 10 2015 03:29:24 GMT+0600 (OMST) } }
Mon Aug 10 2015 03:29:34 GMT+0600 (OMST) 'a change event occurred:' { '0': 'create',
  '1': 'frontend-theme/tmp',
  '2': 
   { dev: 64513,
     mode: 16893,
     nlink: 2,
     uid: 1000,
     gid: 1000,
     rdev: 0,
     blksize: 4096,
     ino: 828357,
     size: 4096,
     blocks: 8,
     atime: Mon Aug 10 2015 03:29:32 GMT+0600 (OMST),
     mtime: Mon Aug 10 2015 03:29:33 GMT+0600 (OMST),
     ctime: Mon Aug 10 2015 03:29:33 GMT+0600 (OMST) },
  '3': null }
Mon Aug 10 2015 03:29:38 GMT+0600 (OMST) 'a change event occurred:' { '0': 'delete',
  '1': 'frontend-theme/tmp/file',
  '2': null,
  '3': 
   { dev: 64513,
     mode: 33204,
     nlink: 1,
     uid: 1000,
     gid: 1000,
     rdev: 0,
     blksize: 4096,
     ino: 803097,
     size: 14,
     blocks: 8,
     atime: Mon Aug 10 2015 03:29:33 GMT+0600 (OMST),
     mtime: Mon Aug 10 2015 03:29:34 GMT+0600 (OMST),
     ctime: Mon Aug 10 2015 03:29:34 GMT+0600 (OMST) } }
Mon Aug 10 2015 03:29:39 GMT+0600 (OMST) 'a change event occurred:' { '0': 'delete',
  '1': 'frontend-theme/tmp',
  '2': null,
  '3': 
   { dev: 64513,
     mode: 16893,
     nlink: 2,
     uid: 1000,
     gid: 1000,
     rdev: 0,
     blksize: 4096,
     ino: 828357,
     size: 4096,
     blocks: 8,
     atime: Mon Aug 10 2015 03:29:32 GMT+0600 (OMST),
     mtime: Mon Aug 10 2015 03:29:33 GMT+0600 (OMST),
     ctime: Mon Aug 10 2015 03:29:33 GMT+0600 (OMST) } }
------------------------------------------------------------------------------------------------------------------------
Mon Aug 10 2015 03:29:46 GMT+0600 (OMST) 'a change event occurred:' { '0': 'create',
  '1': 'backend-theme/tmp',
  '2': 
   { dev: 64513,
     mode: 16893,
     nlink: 2,
     uid: 1000,
     gid: 1000,
     rdev: 0,
     blksize: 4096,
     ino: 828357,
     size: 4096,
     blocks: 8,
     atime: Mon Aug 10 2015 03:29:44 GMT+0600 (OMST),
     mtime: Mon Aug 10 2015 03:29:44 GMT+0600 (OMST),
     ctime: Mon Aug 10 2015 03:29:44 GMT+0600 (OMST) },
  '3': null }
Mon Aug 10 2015 03:29:50 GMT+0600 (OMST) 'a change event occurred:' { '0': 'delete',
  '1': 'backend-theme/tmp/file',
  '2': null,
  '3': 
   { dev: 64513,
     mode: 33204,
     nlink: 1,
     uid: 1000,
     gid: 1000,
     rdev: 0,
     blksize: 4096,
     ino: 803097,
     size: 14,
     blocks: 8,
     atime: Mon Aug 10 2015 03:29:44 GMT+0600 (OMST),
     mtime: Mon Aug 10 2015 03:29:45 GMT+0600 (OMST),
     ctime: Mon Aug 10 2015 03:29:45 GMT+0600 (OMST) } }
Mon Aug 10 2015 03:29:50 GMT+0600 (OMST) 'a change event occurred:' { '0': 'delete',
  '1': 'backend-theme/tmp',
  '2': null,
  '3': 
   { dev: 64513,
     mode: 16893,
     nlink: 2,
     uid: 1000,
     gid: 1000,
     rdev: 0,
     blksize: 4096,
     ino: 828357,
     size: 4096,
     blocks: 8,
     atime: Mon Aug 10 2015 03:29:44 GMT+0600 (OMST),
     mtime: Mon Aug 10 2015 03:29:44 GMT+0600 (OMST),
     ctime: Mon Aug 10 2015 03:29:44 GMT+0600 (OMST) } }
Mon Aug 10 2015 03:29:56 GMT+0600 (OMST) 'a change event occurred:' { '0': 'create',
  '1': 'frontend-theme/tmp',
  '2': 
   { dev: 64513,
     mode: 16893,
     nlink: 2,
     uid: 1000,
     gid: 1000,
     rdev: 0,
     blksize: 4096,
     ino: 828357,
     size: 4096,
     blocks: 8,
     atime: Mon Aug 10 2015 03:29:54 GMT+0600 (OMST),
     mtime: Mon Aug 10 2015 03:29:54 GMT+0600 (OMST),
     ctime: Mon Aug 10 2015 03:29:54 GMT+0600 (OMST) },
  '3': null }
Mon Aug 10 2015 03:30:00 GMT+0600 (OMST) 'a change event occurred:' { '0': 'delete',
  '1': 'frontend-theme/tmp/file',
  '2': null,
  '3': 
   { dev: 64513,
     mode: 33204,
     nlink: 1,
     uid: 1000,
     gid: 1000,
     rdev: 0,
     blksize: 4096,
     ino: 803097,
     size: 14,
     blocks: 8,
     atime: Mon Aug 10 2015 03:29:54 GMT+0600 (OMST),
     mtime: Mon Aug 10 2015 03:29:55 GMT+0600 (OMST),
     ctime: Mon Aug 10 2015 03:29:55 GMT+0600 (OMST) } }
Mon Aug 10 2015 03:30:00 GMT+0600 (OMST) 'a change event occurred:' { '0': 'delete',
  '1': 'frontend-theme/tmp',
  '2': null,
  '3': 
   { dev: 64513,
     mode: 16893,
     nlink: 2,
     uid: 1000,
     gid: 1000,
     rdev: 0,
     blksize: 4096,
     ino: 828357,
     size: 4096,
     blocks: 8,
     atime: Mon Aug 10 2015 03:29:54 GMT+0600 (OMST),
     mtime: Mon Aug 10 2015 03:29:54 GMT+0600 (OMST),
     ctime: Mon Aug 10 2015 03:29:54 GMT+0600 (OMST) } }
