Mon Aug 10 2015 03:46:30 GMT+0600 (OMST) 'a log message occurred:' { '0': 'debug',
  '1': 'added a listener: on backend-theme for event log' }
Mon Aug 10 2015 03:46:30 GMT+0600 (OMST) 'a log message occurred:' { '0': 'debug',
  '1': 'added a listener: on backend-theme for event change' }
Mon Aug 10 2015 03:46:30 GMT+0600 (OMST) 'a log message occurred:' { '0': 'debug', '1': 'watch: backend-theme' }
Mon Aug 10 2015 03:46:30 GMT+0600 (OMST) 'a log message occurred:' { '0': 'debug',
  '1': 'added a listener: on frontend-theme for event log' }
Mon Aug 10 2015 03:46:30 GMT+0600 (OMST) 'a log message occurred:' { '0': 'debug',
  '1': 'added a listener: on frontend-theme for event change' }
Mon Aug 10 2015 03:46:30 GMT+0600 (OMST) 'a log message occurred:' { '0': 'debug', '1': 'watch: frontend-theme' }
Mon Aug 10 2015 03:46:35 GMT+0600 (OMST) 'a log message occurred:' { '0': 'debug', '1': 'Watch triggered on: backend-theme' }
Mon Aug 10 2015 03:46:35 GMT+0600 (OMST) 'a log message occurred:' { '0': 'debug',
  '1': 'Watch followed through on: backend-theme' }
Mon Aug 10 2015 03:46:35 GMT+0600 (OMST) 'a log message occurred:' { '0': 'debug', '1': 'ignore: backend-theme/tmp no' }
Mon Aug 10 2015 03:46:35 GMT+0600 (OMST) 'a log message occurred:' { '0': 'debug',
  '1': 'Determined create: backend-theme/tmp via: backend-theme' }
Mon Aug 10 2015 03:46:35 GMT+0600 (OMST) 'a log message occurred:' { '0': 'debug',
  '1': 'added a listener: on backend-theme/tmp for event log' }
Mon Aug 10 2015 03:46:35 GMT+0600 (OMST) 'a log message occurred:' { '0': 'debug',
  '1': 'added a listener: on backend-theme/tmp for event change' }
Mon Aug 10 2015 03:46:35 GMT+0600 (OMST) 'a log message occurred:' { '0': 'debug',
  '1': 'added a listener: on backend-theme/tmp for event error' }
Mon Aug 10 2015 03:46:35 GMT+0600 (OMST) 'a log message occurred:' { '0': 'debug', '1': 'watch: backend-theme/tmp' }
Mon Aug 10 2015 03:46:35 GMT+0600 (OMST) 'a change event occurred:' { '0': 'create',
  '1': 'backend-theme/tmp',
  '2': 
   { dev: 64513,
     mode: 16893,
     nlink: 2,
     uid: 1000,
     gid: 1000,
     rdev: 0,
     blksize: 4096,
     ino: 828359,
     size: 4096,
     blocks: 8,
     atime: Mon Aug 10 2015 03:46:35 GMT+0600 (OMST),
     mtime: Mon Aug 10 2015 03:46:35 GMT+0600 (OMST),
     ctime: Mon Aug 10 2015 03:46:35 GMT+0600 (OMST) },
  '3': null }
Mon Aug 10 2015 03:46:35 GMT+0600 (OMST) 'a log message occurred:' { '0': 'debug', '1': 'Watch triggered on: backend-theme/tmp' }
Mon Aug 10 2015 03:46:35 GMT+0600 (OMST) 'a log message occurred:' { '0': 'debug', '1': 'Watch triggered on: backend-theme/tmp' }
Mon Aug 10 2015 03:46:35 GMT+0600 (OMST) 'a log message occurred:' { '0': 'debug',
  '1': 'Watch followed through on: backend-theme/tmp' }
Mon Aug 10 2015 03:46:35 GMT+0600 (OMST) 'a log message occurred:' { '0': 'debug',
  '1': 'Determined same: backend-theme/tmp',
  '2': 
   { dev: 64513,
     mode: 16893,
     nlink: 2,
     uid: 1000,
     gid: 1000,
     rdev: 0,
     blksize: 4096,
     ino: 828359,
     size: 4096,
     blocks: 8,
     atime: Mon Aug 10 2015 03:46:35 GMT+0600 (OMST),
     mtime: Mon Aug 10 2015 03:46:35 GMT+0600 (OMST),
     ctime: Mon Aug 10 2015 03:46:35 GMT+0600 (OMST) },
  '3': 
   { dev: 64513,
     mode: 16893,
     nlink: 2,
     uid: 1000,
     gid: 1000,
     rdev: 0,
     blksize: 4096,
     ino: 828359,
     size: 4096,
     blocks: 8,
     atime: Mon Aug 10 2015 03:46:35 GMT+0600 (OMST),
     mtime: Mon Aug 10 2015 03:46:35 GMT+0600 (OMST),
     ctime: Mon Aug 10 2015 03:46:35 GMT+0600 (OMST) } }
Mon Aug 10 2015 03:46:36 GMT+0600 (OMST) 'a log message occurred:' { '0': 'debug', '1': 'Watch triggered on: backend-theme/tmp' }
Mon Aug 10 2015 03:46:36 GMT+0600 (OMST) 'a log message occurred:' { '0': 'debug', '1': 'Watch triggered on: backend-theme/tmp' }
Mon Aug 10 2015 03:46:36 GMT+0600 (OMST) 'a log message occurred:' { '0': 'debug',
  '1': 'Watch followed through on: backend-theme/tmp' }
Mon Aug 10 2015 03:46:36 GMT+0600 (OMST) 'a log message occurred:' { '0': 'debug',
  '1': 'Determined same: backend-theme/tmp',
  '2': 
   { dev: 64513,
     mode: 16893,
     nlink: 2,
     uid: 1000,
     gid: 1000,
     rdev: 0,
     blksize: 4096,
     ino: 828359,
     size: 4096,
     blocks: 8,
     atime: Mon Aug 10 2015 03:46:35 GMT+0600 (OMST),
     mtime: Mon Aug 10 2015 03:46:35 GMT+0600 (OMST),
     ctime: Mon Aug 10 2015 03:46:35 GMT+0600 (OMST) },
  '3': 
   { dev: 64513,
     mode: 16893,
     nlink: 2,
     uid: 1000,
     gid: 1000,
     rdev: 0,
     blksize: 4096,
     ino: 828359,
     size: 4096,
     blocks: 8,
     atime: Mon Aug 10 2015 03:46:35 GMT+0600 (OMST),
     mtime: Mon Aug 10 2015 03:46:35 GMT+0600 (OMST),
     ctime: Mon Aug 10 2015 03:46:35 GMT+0600 (OMST) } }
Mon Aug 10 2015 03:46:36 GMT+0600 (OMST) 'a log message occurred:' { '0': 'debug', '1': 'Watch triggered on: backend-theme/tmp' }
Mon Aug 10 2015 03:46:36 GMT+0600 (OMST) 'a log message occurred:' { '0': 'debug', '1': 'Watch triggered on: backend-theme/tmp' }
Mon Aug 10 2015 03:46:36 GMT+0600 (OMST) 'a log message occurred:' { '0': 'debug',
  '1': 'Watch followed through on: backend-theme/tmp' }
Mon Aug 10 2015 03:46:36 GMT+0600 (OMST) 'a log message occurred:' { '0': 'debug',
  '1': 'Determined same: backend-theme/tmp',
  '2': 
   { dev: 64513,
     mode: 16893,
     nlink: 2,
     uid: 1000,
     gid: 1000,
     rdev: 0,
     blksize: 4096,
     ino: 828359,
     size: 4096,
     blocks: 8,
     atime: Mon Aug 10 2015 03:46:35 GMT+0600 (OMST),
     mtime: Mon Aug 10 2015 03:46:35 GMT+0600 (OMST),
     ctime: Mon Aug 10 2015 03:46:35 GMT+0600 (OMST) },
  '3': 
   { dev: 64513,
     mode: 16893,
     nlink: 2,
     uid: 1000,
     gid: 1000,
     rdev: 0,
     blksize: 4096,
     ino: 828359,
     size: 4096,
     blocks: 8,
     atime: Mon Aug 10 2015 03:46:35 GMT+0600 (OMST),
     mtime: Mon Aug 10 2015 03:46:35 GMT+0600 (OMST),
     ctime: Mon Aug 10 2015 03:46:35 GMT+0600 (OMST) } }
Mon Aug 10 2015 03:46:37 GMT+0600 (OMST) 'a log message occurred:' { '0': 'debug', '1': 'Watch triggered on: backend-theme/tmp' }
Mon Aug 10 2015 03:46:37 GMT+0600 (OMST) 'a log message occurred:' { '0': 'debug', '1': 'Watch triggered on: backend-theme/tmp' }
Mon Aug 10 2015 03:46:37 GMT+0600 (OMST) 'a log message occurred:' { '0': 'debug',
  '1': 'Watch followed through on: backend-theme/tmp' }
Mon Aug 10 2015 03:46:37 GMT+0600 (OMST) 'a log message occurred:' { '0': 'debug', '1': 'ignore: backend-theme/tmp/file_new no' }
Mon Aug 10 2015 03:46:37 GMT+0600 (OMST) 'a log message occurred:' { '0': 'debug',
  '1': 'Determined create: backend-theme/tmp/file_new via: backend-theme/tmp' }
Mon Aug 10 2015 03:46:37 GMT+0600 (OMST) 'a log message occurred:' { '0': 'debug',
  '1': 'added a listener: on backend-theme/tmp/file_new for event log' }
Mon Aug 10 2015 03:46:37 GMT+0600 (OMST) 'a log message occurred:' { '0': 'debug',
  '1': 'added a listener: on backend-theme/tmp/file_new for event change' }
Mon Aug 10 2015 03:46:37 GMT+0600 (OMST) 'a log message occurred:' { '0': 'debug',
  '1': 'added a listener: on backend-theme/tmp/file_new for event error' }
Mon Aug 10 2015 03:46:37 GMT+0600 (OMST) 'a log message occurred:' { '0': 'debug', '1': 'watch: backend-theme/tmp/file_new' }
Mon Aug 10 2015 03:46:37 GMT+0600 (OMST) 'a change event occurred:' { '0': 'create',
  '1': 'backend-theme/tmp/file_new',
  '2': 
   { dev: 64513,
     mode: 33204,
     nlink: 1,
     uid: 1000,
     gid: 1000,
     rdev: 0,
     blksize: 4096,
     ino: 788205,
     size: 14,
     blocks: 8,
     atime: Mon Aug 10 2015 03:46:35 GMT+0600 (OMST),
     mtime: Mon Aug 10 2015 03:46:36 GMT+0600 (OMST),
     ctime: Mon Aug 10 2015 03:46:37 GMT+0600 (OMST) },
  '3': null }
Mon Aug 10 2015 03:46:37 GMT+0600 (OMST) 'a log message occurred:' { '0': 'debug', '1': 'Watch triggered on: backend-theme/tmp' }
Mon Aug 10 2015 03:46:37 GMT+0600 (OMST) 'a log message occurred:' { '0': 'debug', '1': 'Watch triggered on: backend-theme/tmp' }
Mon Aug 10 2015 03:46:37 GMT+0600 (OMST) 'a log message occurred:' { '0': 'debug',
  '1': 'Watch triggered on: backend-theme/tmp/file_new' }
Mon Aug 10 2015 03:46:37 GMT+0600 (OMST) 'a log message occurred:' { '0': 'debug',
  '1': 'Watch followed through on: backend-theme/tmp' }
Mon Aug 10 2015 03:46:37 GMT+0600 (OMST) 'a log message occurred:' { '0': 'debug',
  '1': 'Watch followed through on: backend-theme/tmp/file_new' }
Mon Aug 10 2015 03:46:37 GMT+0600 (OMST) 'a log message occurred:' { '0': 'debug',
  '1': 'Determined delete: backend-theme/tmp/file_new' }
Mon Aug 10 2015 03:46:37 GMT+0600 (OMST) 'a log message occurred:' { '0': 'debug', '1': 'close: backend-theme/tmp/file_new' }
Mon Aug 10 2015 03:46:37 GMT+0600 (OMST) 'a change event occurred:' { '0': 'delete',
  '1': 'backend-theme/tmp/file_new',
  '2': null,
  '3': 
   { dev: 64513,
     mode: 33204,
     nlink: 1,
     uid: 1000,
     gid: 1000,
     rdev: 0,
     blksize: 4096,
     ino: 788205,
     size: 14,
     blocks: 8,
     atime: Mon Aug 10 2015 03:46:35 GMT+0600 (OMST),
     mtime: Mon Aug 10 2015 03:46:36 GMT+0600 (OMST),
     ctime: Mon Aug 10 2015 03:46:37 GMT+0600 (OMST) } }
Mon Aug 10 2015 03:46:37 GMT+0600 (OMST) 'a log message occurred:' { '0': 'debug',
  '1': 'Determined same: backend-theme/tmp',
  '2': 
   { dev: 64513,
     mode: 16893,
     nlink: 2,
     uid: 1000,
     gid: 1000,
     rdev: 0,
     blksize: 4096,
     ino: 828359,
     size: 4096,
     blocks: 8,
     atime: Mon Aug 10 2015 03:46:35 GMT+0600 (OMST),
     mtime: Mon Aug 10 2015 03:46:37 GMT+0600 (OMST),
     ctime: Mon Aug 10 2015 03:46:37 GMT+0600 (OMST) },
  '3': 
   { dev: 64513,
     mode: 16893,
     nlink: 2,
     uid: 1000,
     gid: 1000,
     rdev: 0,
     blksize: 4096,
     ino: 828359,
     size: 4096,
     blocks: 8,
     atime: Mon Aug 10 2015 03:46:37 GMT+0600 (OMST),
     mtime: Mon Aug 10 2015 03:46:37 GMT+0600 (OMST),
     ctime: Mon Aug 10 2015 03:46:37 GMT+0600 (OMST) } }
Mon Aug 10 2015 03:46:38 GMT+0600 (OMST) 'a log message occurred:' { '0': 'debug', '1': 'Watch triggered on: backend-theme' }
Mon Aug 10 2015 03:46:38 GMT+0600 (OMST) 'a log message occurred:' { '0': 'debug', '1': 'Watch triggered on: backend-theme' }
Mon Aug 10 2015 03:46:38 GMT+0600 (OMST) 'a log message occurred:' { '0': 'debug', '1': 'Watch triggered on: backend-theme/tmp' }
Mon Aug 10 2015 03:46:38 GMT+0600 (OMST) 'a log message occurred:' { '0': 'debug',
  '1': 'Watch followed through on: backend-theme' }
Mon Aug 10 2015 03:46:38 GMT+0600 (OMST) 'a log message occurred:' { '0': 'debug',
  '1': 'Watch followed through on: backend-theme/tmp' }
Mon Aug 10 2015 03:46:38 GMT+0600 (OMST) 'a log message occurred:' { '0': 'debug', '1': 'Determined delete: backend-theme/tmp' }
Mon Aug 10 2015 03:46:38 GMT+0600 (OMST) 'a log message occurred:' { '0': 'debug', '1': 'close: backend-theme/tmp' }
Mon Aug 10 2015 03:46:38 GMT+0600 (OMST) 'a change event occurred:' { '0': 'delete',
  '1': 'backend-theme/tmp',
  '2': null,
  '3': 
   { dev: 64513,
     mode: 16893,
     nlink: 2,
     uid: 1000,
     gid: 1000,
     rdev: 0,
     blksize: 4096,
     ino: 828359,
     size: 4096,
     blocks: 8,
     atime: Mon Aug 10 2015 03:46:37 GMT+0600 (OMST),
     mtime: Mon Aug 10 2015 03:46:37 GMT+0600 (OMST),
     ctime: Mon Aug 10 2015 03:46:37 GMT+0600 (OMST) } }
Mon Aug 10 2015 03:46:38 GMT+0600 (OMST) 'a log message occurred:' { '0': 'debug', '1': 'ignore: backend-theme/tmp_new no' }
Mon Aug 10 2015 03:46:38 GMT+0600 (OMST) 'a log message occurred:' { '0': 'debug',
  '1': 'Determined create: backend-theme/tmp_new via: backend-theme' }
Mon Aug 10 2015 03:46:38 GMT+0600 (OMST) 'a log message occurred:' { '0': 'debug',
  '1': 'added a listener: on backend-theme/tmp_new for event log' }
Mon Aug 10 2015 03:46:38 GMT+0600 (OMST) 'a log message occurred:' { '0': 'debug',
  '1': 'added a listener: on backend-theme/tmp_new for event change' }
Mon Aug 10 2015 03:46:38 GMT+0600 (OMST) 'a log message occurred:' { '0': 'debug',
  '1': 'added a listener: on backend-theme/tmp_new for event error' }
Mon Aug 10 2015 03:46:38 GMT+0600 (OMST) 'a log message occurred:' { '0': 'debug', '1': 'watch: backend-theme/tmp_new' }
Mon Aug 10 2015 03:46:38 GMT+0600 (OMST) 'a log message occurred:' { '0': 'debug',
  '1': 'added a listener: on backend-theme/tmp_new/file for event log' }
Mon Aug 10 2015 03:46:38 GMT+0600 (OMST) 'a log message occurred:' { '0': 'debug',
  '1': 'added a listener: on backend-theme/tmp_new/file for event change' }
Mon Aug 10 2015 03:46:38 GMT+0600 (OMST) 'a log message occurred:' { '0': 'debug',
  '1': 'added a listener: on backend-theme/tmp_new/file for event error' }
Mon Aug 10 2015 03:46:38 GMT+0600 (OMST) 'a log message occurred:' { '0': 'debug', '1': 'watch: backend-theme/tmp_new/file' }
Mon Aug 10 2015 03:46:38 GMT+0600 (OMST) 'a change event occurred:' { '0': 'create',
  '1': 'backend-theme/tmp_new',
  '2': 
   { dev: 64513,
     mode: 16893,
     nlink: 2,
     uid: 1000,
     gid: 1000,
     rdev: 0,
     blksize: 4096,
     ino: 828359,
     size: 4096,
     blocks: 8,
     atime: Mon Aug 10 2015 03:46:38 GMT+0600 (OMST),
     mtime: Mon Aug 10 2015 03:46:37 GMT+0600 (OMST),
     ctime: Mon Aug 10 2015 03:46:38 GMT+0600 (OMST) },
  '3': null }
Mon Aug 10 2015 03:46:38 GMT+0600 (OMST) 'a log message occurred:' { '0': 'debug', '1': 'Watch triggered on: backend-theme' }
Mon Aug 10 2015 03:46:38 GMT+0600 (OMST) 'a log message occurred:' { '0': 'debug', '1': 'Watch triggered on: backend-theme' }
Mon Aug 10 2015 03:46:38 GMT+0600 (OMST) 'a log message occurred:' { '0': 'debug',
  '1': 'Watch triggered on: backend-theme/tmp_new' }
Mon Aug 10 2015 03:46:38 GMT+0600 (OMST) 'a log message occurred:' { '0': 'debug',
  '1': 'Watch followed through on: backend-theme' }
Mon Aug 10 2015 03:46:38 GMT+0600 (OMST) 'a log message occurred:' { '0': 'debug',
  '1': 'Watch followed through on: backend-theme/tmp_new' }
Mon Aug 10 2015 03:46:38 GMT+0600 (OMST) 'a log message occurred:' { '0': 'debug',
  '1': 'Determined delete: backend-theme/tmp_new' }
Mon Aug 10 2015 03:46:38 GMT+0600 (OMST) 'a log message occurred:' { '0': 'debug', '1': 'close: backend-theme/tmp_new' }
Mon Aug 10 2015 03:46:38 GMT+0600 (OMST) 'a log message occurred:' { '0': 'debug', '1': 'close: backend-theme/tmp_new/file' }
Mon Aug 10 2015 03:46:38 GMT+0600 (OMST) 'a change event occurred:' { '0': 'delete',
  '1': 'backend-theme/tmp_new/file',
  '2': null,
  '3': 
   { dev: 64513,
     mode: 33204,
     nlink: 1,
     uid: 1000,
     gid: 1000,
     rdev: 0,
     blksize: 4096,
     ino: 788205,
     size: 14,
     blocks: 8,
     atime: Mon Aug 10 2015 03:46:35 GMT+0600 (OMST),
     mtime: Mon Aug 10 2015 03:46:36 GMT+0600 (OMST),
     ctime: Mon Aug 10 2015 03:46:37 GMT+0600 (OMST) } }
Mon Aug 10 2015 03:46:38 GMT+0600 (OMST) 'a change event occurred:' { '0': 'delete',
  '1': 'backend-theme/tmp_new',
  '2': null,
  '3': 
   { dev: 64513,
     mode: 16893,
     nlink: 2,
     uid: 1000,
     gid: 1000,
     rdev: 0,
     blksize: 4096,
     ino: 828359,
     size: 4096,
     blocks: 8,
     atime: Mon Aug 10 2015 03:46:38 GMT+0600 (OMST),
     mtime: Mon Aug 10 2015 03:46:37 GMT+0600 (OMST),
     ctime: Mon Aug 10 2015 03:46:38 GMT+0600 (OMST) } }
Mon Aug 10 2015 03:46:38 GMT+0600 (OMST) 'a log message occurred:' { '0': 'debug',
  '1': 'Determined same: backend-theme',
  '2': 
   { dev: 64513,
     mode: 16893,
     nlink: 3,
     uid: 1000,
     gid: 1000,
     rdev: 0,
     blksize: 4096,
     ino: 827410,
     size: 4096,
     blocks: 8,
     atime: Mon Aug 10 2015 03:46:35 GMT+0600 (OMST),
     mtime: Mon Aug 10 2015 03:46:38 GMT+0600 (OMST),
     ctime: Mon Aug 10 2015 03:46:38 GMT+0600 (OMST) },
  '3': 
   { dev: 64513,
     mode: 16893,
     nlink: 3,
     uid: 1000,
     gid: 1000,
     rdev: 0,
     blksize: 4096,
     ino: 827410,
     size: 4096,
     blocks: 8,
     atime: Mon Aug 10 2015 03:46:38 GMT+0600 (OMST),
     mtime: Mon Aug 10 2015 03:46:38 GMT+0600 (OMST),
     ctime: Mon Aug 10 2015 03:46:38 GMT+0600 (OMST) } }
Mon Aug 10 2015 03:46:39 GMT+0600 (OMST) 'a log message occurred:' { '0': 'debug', '1': 'Watch triggered on: backend-theme' }
Mon Aug 10 2015 03:46:39 GMT+0600 (OMST) 'a log message occurred:' { '0': 'debug',
  '1': 'Watch followed through on: backend-theme' }
Mon Aug 10 2015 03:46:45 GMT+0600 (OMST) 'a log message occurred:' { '0': 'debug', '1': 'Watch triggered on: frontend-theme' }
Mon Aug 10 2015 03:46:45 GMT+0600 (OMST) 'a log message occurred:' { '0': 'debug',
  '1': 'Watch followed through on: frontend-theme' }
Mon Aug 10 2015 03:46:45 GMT+0600 (OMST) 'a log message occurred:' { '0': 'debug', '1': 'ignore: frontend-theme/tmp no' }
Mon Aug 10 2015 03:46:45 GMT+0600 (OMST) 'a log message occurred:' { '0': 'debug',
  '1': 'Determined create: frontend-theme/tmp via: frontend-theme' }
Mon Aug 10 2015 03:46:45 GMT+0600 (OMST) 'a log message occurred:' { '0': 'debug',
  '1': 'added a listener: on frontend-theme/tmp for event log' }
Mon Aug 10 2015 03:46:45 GMT+0600 (OMST) 'a log message occurred:' { '0': 'debug',
  '1': 'added a listener: on frontend-theme/tmp for event change' }
Mon Aug 10 2015 03:46:45 GMT+0600 (OMST) 'a log message occurred:' { '0': 'debug',
  '1': 'added a listener: on frontend-theme/tmp for event error' }
Mon Aug 10 2015 03:46:45 GMT+0600 (OMST) 'a log message occurred:' { '0': 'debug', '1': 'watch: frontend-theme/tmp' }
Mon Aug 10 2015 03:46:45 GMT+0600 (OMST) 'a change event occurred:' { '0': 'create',
  '1': 'frontend-theme/tmp',
  '2': 
   { dev: 64513,
     mode: 16893,
     nlink: 2,
     uid: 1000,
     gid: 1000,
     rdev: 0,
     blksize: 4096,
     ino: 828359,
     size: 4096,
     blocks: 8,
     atime: Mon Aug 10 2015 03:46:45 GMT+0600 (OMST),
     mtime: Mon Aug 10 2015 03:46:45 GMT+0600 (OMST),
     ctime: Mon Aug 10 2015 03:46:45 GMT+0600 (OMST) },
  '3': null }
Mon Aug 10 2015 03:46:46 GMT+0600 (OMST) 'a log message occurred:' { '0': 'debug', '1': 'Watch triggered on: frontend-theme/tmp' }
Mon Aug 10 2015 03:46:46 GMT+0600 (OMST) 'a log message occurred:' { '0': 'debug', '1': 'Watch triggered on: frontend-theme/tmp' }
Mon Aug 10 2015 03:46:46 GMT+0600 (OMST) 'a log message occurred:' { '0': 'debug',
  '1': 'Watch followed through on: frontend-theme/tmp' }
Mon Aug 10 2015 03:46:46 GMT+0600 (OMST) 'a log message occurred:' { '0': 'debug',
  '1': 'Determined same: frontend-theme/tmp',
  '2': 
   { dev: 64513,
     mode: 16893,
     nlink: 2,
     uid: 1000,
     gid: 1000,
     rdev: 0,
     blksize: 4096,
     ino: 828359,
     size: 4096,
     blocks: 8,
     atime: Mon Aug 10 2015 03:46:45 GMT+0600 (OMST),
     mtime: Mon Aug 10 2015 03:46:45 GMT+0600 (OMST),
     ctime: Mon Aug 10 2015 03:46:45 GMT+0600 (OMST) },
  '3': 
   { dev: 64513,
     mode: 16893,
     nlink: 2,
     uid: 1000,
     gid: 1000,
     rdev: 0,
     blksize: 4096,
     ino: 828359,
     size: 4096,
     blocks: 8,
     atime: Mon Aug 10 2015 03:46:45 GMT+0600 (OMST),
     mtime: Mon Aug 10 2015 03:46:45 GMT+0600 (OMST),
     ctime: Mon Aug 10 2015 03:46:45 GMT+0600 (OMST) } }
Mon Aug 10 2015 03:46:46 GMT+0600 (OMST) 'a log message occurred:' { '0': 'debug', '1': 'Watch triggered on: frontend-theme/tmp' }
Mon Aug 10 2015 03:46:46 GMT+0600 (OMST) 'a log message occurred:' { '0': 'debug', '1': 'Watch triggered on: frontend-theme/tmp' }
Mon Aug 10 2015 03:46:46 GMT+0600 (OMST) 'a log message occurred:' { '0': 'debug',
  '1': 'Watch followed through on: frontend-theme/tmp' }
Mon Aug 10 2015 03:46:46 GMT+0600 (OMST) 'a log message occurred:' { '0': 'debug',
  '1': 'Determined same: frontend-theme/tmp',
  '2': 
   { dev: 64513,
     mode: 16893,
     nlink: 2,
     uid: 1000,
     gid: 1000,
     rdev: 0,
     blksize: 4096,
     ino: 828359,
     size: 4096,
     blocks: 8,
     atime: Mon Aug 10 2015 03:46:45 GMT+0600 (OMST),
     mtime: Mon Aug 10 2015 03:46:45 GMT+0600 (OMST),
     ctime: Mon Aug 10 2015 03:46:45 GMT+0600 (OMST) },
  '3': 
   { dev: 64513,
     mode: 16893,
     nlink: 2,
     uid: 1000,
     gid: 1000,
     rdev: 0,
     blksize: 4096,
     ino: 828359,
     size: 4096,
     blocks: 8,
     atime: Mon Aug 10 2015 03:46:45 GMT+0600 (OMST),
     mtime: Mon Aug 10 2015 03:46:45 GMT+0600 (OMST),
     ctime: Mon Aug 10 2015 03:46:45 GMT+0600 (OMST) } }
Mon Aug 10 2015 03:46:47 GMT+0600 (OMST) 'a log message occurred:' { '0': 'debug', '1': 'Watch triggered on: frontend-theme/tmp' }
Mon Aug 10 2015 03:46:47 GMT+0600 (OMST) 'a log message occurred:' { '0': 'debug', '1': 'Watch triggered on: frontend-theme/tmp' }
Mon Aug 10 2015 03:46:47 GMT+0600 (OMST) 'a log message occurred:' { '0': 'debug',
  '1': 'Watch followed through on: frontend-theme/tmp' }
Mon Aug 10 2015 03:46:47 GMT+0600 (OMST) 'a log message occurred:' { '0': 'debug',
  '1': 'Determined same: frontend-theme/tmp',
  '2': 
   { dev: 64513,
     mode: 16893,
     nlink: 2,
     uid: 1000,
     gid: 1000,
     rdev: 0,
     blksize: 4096,
     ino: 828359,
     size: 4096,
     blocks: 8,
     atime: Mon Aug 10 2015 03:46:45 GMT+0600 (OMST),
     mtime: Mon Aug 10 2015 03:46:45 GMT+0600 (OMST),
     ctime: Mon Aug 10 2015 03:46:45 GMT+0600 (OMST) },
  '3': 
   { dev: 64513,
     mode: 16893,
     nlink: 2,
     uid: 1000,
     gid: 1000,
     rdev: 0,
     blksize: 4096,
     ino: 828359,
     size: 4096,
     blocks: 8,
     atime: Mon Aug 10 2015 03:46:45 GMT+0600 (OMST),
     mtime: Mon Aug 10 2015 03:46:45 GMT+0600 (OMST),
     ctime: Mon Aug 10 2015 03:46:45 GMT+0600 (OMST) } }
Mon Aug 10 2015 03:46:47 GMT+0600 (OMST) 'a log message occurred:' { '0': 'debug', '1': 'Watch triggered on: frontend-theme/tmp' }
Mon Aug 10 2015 03:46:47 GMT+0600 (OMST) 'a log message occurred:' { '0': 'debug', '1': 'Watch triggered on: frontend-theme/tmp' }
Mon Aug 10 2015 03:46:47 GMT+0600 (OMST) 'a log message occurred:' { '0': 'debug',
  '1': 'Watch followed through on: frontend-theme/tmp' }
Mon Aug 10 2015 03:46:47 GMT+0600 (OMST) 'a log message occurred:' { '0': 'debug', '1': 'ignore: frontend-theme/tmp/file_new no' }
Mon Aug 10 2015 03:46:47 GMT+0600 (OMST) 'a log message occurred:' { '0': 'debug',
  '1': 'Determined create: frontend-theme/tmp/file_new via: frontend-theme/tmp' }
Mon Aug 10 2015 03:46:47 GMT+0600 (OMST) 'a log message occurred:' { '0': 'debug',
  '1': 'added a listener: on frontend-theme/tmp/file_new for event log' }
Mon Aug 10 2015 03:46:47 GMT+0600 (OMST) 'a log message occurred:' { '0': 'debug',
  '1': 'added a listener: on frontend-theme/tmp/file_new for event change' }
Mon Aug 10 2015 03:46:47 GMT+0600 (OMST) 'a log message occurred:' { '0': 'debug',
  '1': 'added a listener: on frontend-theme/tmp/file_new for event error' }
Mon Aug 10 2015 03:46:47 GMT+0600 (OMST) 'a log message occurred:' { '0': 'debug', '1': 'watch: frontend-theme/tmp/file_new' }
Mon Aug 10 2015 03:46:47 GMT+0600 (OMST) 'a change event occurred:' { '0': 'create',
  '1': 'frontend-theme/tmp/file_new',
  '2': 
   { dev: 64513,
     mode: 33204,
     nlink: 1,
     uid: 1000,
     gid: 1000,
     rdev: 0,
     blksize: 4096,
     ino: 788205,
     size: 14,
     blocks: 8,
     atime: Mon Aug 10 2015 03:46:45 GMT+0600 (OMST),
     mtime: Mon Aug 10 2015 03:46:47 GMT+0600 (OMST),
     ctime: Mon Aug 10 2015 03:46:47 GMT+0600 (OMST) },
  '3': null }
Mon Aug 10 2015 03:46:48 GMT+0600 (OMST) 'a log message occurred:' { '0': 'debug', '1': 'Watch triggered on: frontend-theme/tmp' }
Mon Aug 10 2015 03:46:48 GMT+0600 (OMST) 'a log message occurred:' { '0': 'debug', '1': 'Watch triggered on: frontend-theme/tmp' }
Mon Aug 10 2015 03:46:48 GMT+0600 (OMST) 'a log message occurred:' { '0': 'debug',
  '1': 'Watch triggered on: frontend-theme/tmp/file_new' }
Mon Aug 10 2015 03:46:48 GMT+0600 (OMST) 'a log message occurred:' { '0': 'debug',
  '1': 'Watch followed through on: frontend-theme/tmp' }
Mon Aug 10 2015 03:46:48 GMT+0600 (OMST) 'a log message occurred:' { '0': 'debug',
  '1': 'Watch followed through on: frontend-theme/tmp/file_new' }
Mon Aug 10 2015 03:46:48 GMT+0600 (OMST) 'a log message occurred:' { '0': 'debug',
  '1': 'Determined delete: frontend-theme/tmp/file_new' }
Mon Aug 10 2015 03:46:48 GMT+0600 (OMST) 'a log message occurred:' { '0': 'debug', '1': 'close: frontend-theme/tmp/file_new' }
Mon Aug 10 2015 03:46:48 GMT+0600 (OMST) 'a change event occurred:' { '0': 'delete',
  '1': 'frontend-theme/tmp/file_new',
  '2': null,
  '3': 
   { dev: 64513,
     mode: 33204,
     nlink: 1,
     uid: 1000,
     gid: 1000,
     rdev: 0,
     blksize: 4096,
     ino: 788205,
     size: 14,
     blocks: 8,
     atime: Mon Aug 10 2015 03:46:45 GMT+0600 (OMST),
     mtime: Mon Aug 10 2015 03:46:47 GMT+0600 (OMST),
     ctime: Mon Aug 10 2015 03:46:47 GMT+0600 (OMST) } }
Mon Aug 10 2015 03:46:48 GMT+0600 (OMST) 'a log message occurred:' { '0': 'debug', '1': 'ignore: frontend-theme/tmp/file no' }
Mon Aug 10 2015 03:46:48 GMT+0600 (OMST) 'a log message occurred:' { '0': 'debug',
  '1': 'Determined create: frontend-theme/tmp/file via: frontend-theme/tmp' }
Mon Aug 10 2015 03:46:48 GMT+0600 (OMST) 'a log message occurred:' { '0': 'debug',
  '1': 'added a listener: on frontend-theme/tmp/file for event log' }
Mon Aug 10 2015 03:46:48 GMT+0600 (OMST) 'a log message occurred:' { '0': 'debug',
  '1': 'added a listener: on frontend-theme/tmp/file for event change' }
Mon Aug 10 2015 03:46:48 GMT+0600 (OMST) 'a log message occurred:' { '0': 'debug',
  '1': 'added a listener: on frontend-theme/tmp/file for event error' }
Mon Aug 10 2015 03:46:48 GMT+0600 (OMST) 'a log message occurred:' { '0': 'debug', '1': 'watch: frontend-theme/tmp/file' }
Mon Aug 10 2015 03:46:48 GMT+0600 (OMST) 'a change event occurred:' { '0': 'create',
  '1': 'frontend-theme/tmp/file',
  '2': 
   { dev: 64513,
     mode: 33204,
     nlink: 1,
     uid: 1000,
     gid: 1000,
     rdev: 0,
     blksize: 4096,
     ino: 788205,
     size: 14,
     blocks: 8,
     atime: Mon Aug 10 2015 03:46:45 GMT+0600 (OMST),
     mtime: Mon Aug 10 2015 03:46:47 GMT+0600 (OMST),
     ctime: Mon Aug 10 2015 03:46:48 GMT+0600 (OMST) },
  '3': null }
Mon Aug 10 2015 03:46:48 GMT+0600 (OMST) 'a log message occurred:' { '0': 'debug', '1': 'Watch triggered on: frontend-theme' }
Mon Aug 10 2015 03:46:48 GMT+0600 (OMST) 'a log message occurred:' { '0': 'debug', '1': 'Watch triggered on: frontend-theme' }
Mon Aug 10 2015 03:46:48 GMT+0600 (OMST) 'a log message occurred:' { '0': 'debug', '1': 'Watch triggered on: frontend-theme/tmp' }
Mon Aug 10 2015 03:46:48 GMT+0600 (OMST) 'a log message occurred:' { '0': 'debug',
  '1': 'Watch followed through on: frontend-theme' }
Mon Aug 10 2015 03:46:48 GMT+0600 (OMST) 'a log message occurred:' { '0': 'debug',
  '1': 'Watch followed through on: frontend-theme/tmp' }
Mon Aug 10 2015 03:46:48 GMT+0600 (OMST) 'a log message occurred:' { '0': 'debug', '1': 'Determined delete: frontend-theme/tmp' }
Mon Aug 10 2015 03:46:48 GMT+0600 (OMST) 'a log message occurred:' { '0': 'debug', '1': 'close: frontend-theme/tmp' }
Mon Aug 10 2015 03:46:48 GMT+0600 (OMST) 'a log message occurred:' { '0': 'debug', '1': 'close: frontend-theme/tmp/file' }
Mon Aug 10 2015 03:46:48 GMT+0600 (OMST) 'a change event occurred:' { '0': 'delete',
  '1': 'frontend-theme/tmp/file',
  '2': null,
  '3': 
   { dev: 64513,
     mode: 33204,
     nlink: 1,
     uid: 1000,
     gid: 1000,
     rdev: 0,
     blksize: 4096,
     ino: 788205,
     size: 14,
     blocks: 8,
     atime: Mon Aug 10 2015 03:46:45 GMT+0600 (OMST),
     mtime: Mon Aug 10 2015 03:46:47 GMT+0600 (OMST),
     ctime: Mon Aug 10 2015 03:46:48 GMT+0600 (OMST) } }
Mon Aug 10 2015 03:46:48 GMT+0600 (OMST) 'a change event occurred:' { '0': 'delete',
  '1': 'frontend-theme/tmp',
  '2': null,
  '3': 
   { dev: 64513,
     mode: 16893,
     nlink: 2,
     uid: 1000,
     gid: 1000,
     rdev: 0,
     blksize: 4096,
     ino: 828359,
     size: 4096,
     blocks: 8,
     atime: Mon Aug 10 2015 03:46:47 GMT+0600 (OMST),
     mtime: Mon Aug 10 2015 03:46:48 GMT+0600 (OMST),
     ctime: Mon Aug 10 2015 03:46:48 GMT+0600 (OMST) } }
Mon Aug 10 2015 03:46:48 GMT+0600 (OMST) 'a log message occurred:' { '0': 'debug', '1': 'ignore: frontend-theme/tmp_new no' }
Mon Aug 10 2015 03:46:48 GMT+0600 (OMST) 'a log message occurred:' { '0': 'debug',
  '1': 'Determined create: frontend-theme/tmp_new via: frontend-theme' }
Mon Aug 10 2015 03:46:48 GMT+0600 (OMST) 'a log message occurred:' { '0': 'debug',
  '1': 'added a listener: on frontend-theme/tmp_new for event log' }
Mon Aug 10 2015 03:46:48 GMT+0600 (OMST) 'a log message occurred:' { '0': 'debug',
  '1': 'added a listener: on frontend-theme/tmp_new for event change' }
Mon Aug 10 2015 03:46:48 GMT+0600 (OMST) 'a log message occurred:' { '0': 'debug',
  '1': 'added a listener: on frontend-theme/tmp_new for event error' }
Mon Aug 10 2015 03:46:48 GMT+0600 (OMST) 'a log message occurred:' { '0': 'debug', '1': 'watch: frontend-theme/tmp_new' }
Mon Aug 10 2015 03:46:48 GMT+0600 (OMST) 'a log message occurred:' { '0': 'debug',
  '1': 'added a listener: on frontend-theme/tmp_new/file for event log' }
Mon Aug 10 2015 03:46:48 GMT+0600 (OMST) 'a log message occurred:' { '0': 'debug',
  '1': 'added a listener: on frontend-theme/tmp_new/file for event change' }
Mon Aug 10 2015 03:46:48 GMT+0600 (OMST) 'a log message occurred:' { '0': 'debug',
  '1': 'added a listener: on frontend-theme/tmp_new/file for event error' }
Mon Aug 10 2015 03:46:48 GMT+0600 (OMST) 'a log message occurred:' { '0': 'debug', '1': 'watch: frontend-theme/tmp_new/file' }
Mon Aug 10 2015 03:46:48 GMT+0600 (OMST) 'a change event occurred:' { '0': 'create',
  '1': 'frontend-theme/tmp_new',
  '2': 
   { dev: 64513,
     mode: 16893,
     nlink: 2,
     uid: 1000,
     gid: 1000,
     rdev: 0,
     blksize: 4096,
     ino: 828359,
     size: 4096,
     blocks: 8,
     atime: Mon Aug 10 2015 03:46:48 GMT+0600 (OMST),
     mtime: Mon Aug 10 2015 03:46:48 GMT+0600 (OMST),
     ctime: Mon Aug 10 2015 03:46:48 GMT+0600 (OMST) },
  '3': null }
Mon Aug 10 2015 03:46:49 GMT+0600 (OMST) 'a log message occurred:' { '0': 'debug', '1': 'Watch triggered on: frontend-theme' }
Mon Aug 10 2015 03:46:49 GMT+0600 (OMST) 'a log message occurred:' { '0': 'debug', '1': 'Watch triggered on: frontend-theme' }
Mon Aug 10 2015 03:46:49 GMT+0600 (OMST) 'a log message occurred:' { '0': 'debug',
  '1': 'Watch triggered on: frontend-theme/tmp_new' }
Mon Aug 10 2015 03:46:49 GMT+0600 (OMST) 'a log message occurred:' { '0': 'debug',
  '1': 'Watch followed through on: frontend-theme' }
Mon Aug 10 2015 03:46:49 GMT+0600 (OMST) 'a log message occurred:' { '0': 'debug',
  '1': 'Watch followed through on: frontend-theme/tmp_new' }
Mon Aug 10 2015 03:46:49 GMT+0600 (OMST) 'a log message occurred:' { '0': 'debug',
  '1': 'Determined delete: frontend-theme/tmp_new' }
Mon Aug 10 2015 03:46:49 GMT+0600 (OMST) 'a log message occurred:' { '0': 'debug', '1': 'close: frontend-theme/tmp_new' }
Mon Aug 10 2015 03:46:49 GMT+0600 (OMST) 'a log message occurred:' { '0': 'debug', '1': 'close: frontend-theme/tmp_new/file' }
Mon Aug 10 2015 03:46:49 GMT+0600 (OMST) 'a change event occurred:' { '0': 'delete',
  '1': 'frontend-theme/tmp_new/file',
  '2': null,
  '3': 
   { dev: 64513,
     mode: 33204,
     nlink: 1,
     uid: 1000,
     gid: 1000,
     rdev: 0,
     blksize: 4096,
     ino: 788205,
     size: 14,
     blocks: 8,
     atime: Mon Aug 10 2015 03:46:45 GMT+0600 (OMST),
     mtime: Mon Aug 10 2015 03:46:47 GMT+0600 (OMST),
     ctime: Mon Aug 10 2015 03:46:48 GMT+0600 (OMST) } }
Mon Aug 10 2015 03:46:49 GMT+0600 (OMST) 'a change event occurred:' { '0': 'delete',
  '1': 'frontend-theme/tmp_new',
  '2': null,
  '3': 
   { dev: 64513,
     mode: 16893,
     nlink: 2,
     uid: 1000,
     gid: 1000,
     rdev: 0,
     blksize: 4096,
     ino: 828359,
     size: 4096,
     blocks: 8,
     atime: Mon Aug 10 2015 03:46:48 GMT+0600 (OMST),
     mtime: Mon Aug 10 2015 03:46:48 GMT+0600 (OMST),
     ctime: Mon Aug 10 2015 03:46:48 GMT+0600 (OMST) } }
Mon Aug 10 2015 03:46:49 GMT+0600 (OMST) 'a log message occurred:' { '0': 'debug', '1': 'ignore: frontend-theme/tmp no' }
Mon Aug 10 2015 03:46:49 GMT+0600 (OMST) 'a log message occurred:' { '0': 'debug',
  '1': 'Determined create: frontend-theme/tmp via: frontend-theme' }
Mon Aug 10 2015 03:46:49 GMT+0600 (OMST) 'a log message occurred:' { '0': 'debug',
  '1': 'added a listener: on frontend-theme/tmp for event log' }
Mon Aug 10 2015 03:46:49 GMT+0600 (OMST) 'a log message occurred:' { '0': 'debug',
  '1': 'added a listener: on frontend-theme/tmp for event change' }
Mon Aug 10 2015 03:46:49 GMT+0600 (OMST) 'a log message occurred:' { '0': 'debug',
  '1': 'added a listener: on frontend-theme/tmp for event error' }
Mon Aug 10 2015 03:46:49 GMT+0600 (OMST) 'a log message occurred:' { '0': 'debug', '1': 'watch: frontend-theme/tmp' }
Mon Aug 10 2015 03:46:49 GMT+0600 (OMST) 'a log message occurred:' { '0': 'debug',
  '1': 'added a listener: on frontend-theme/tmp/file for event log' }
Mon Aug 10 2015 03:46:49 GMT+0600 (OMST) 'a log message occurred:' { '0': 'debug',
  '1': 'added a listener: on frontend-theme/tmp/file for event change' }
Mon Aug 10 2015 03:46:49 GMT+0600 (OMST) 'a log message occurred:' { '0': 'debug',
  '1': 'added a listener: on frontend-theme/tmp/file for event error' }
Mon Aug 10 2015 03:46:49 GMT+0600 (OMST) 'a log message occurred:' { '0': 'debug', '1': 'watch: frontend-theme/tmp/file' }
Mon Aug 10 2015 03:46:49 GMT+0600 (OMST) 'a change event occurred:' { '0': 'create',
  '1': 'frontend-theme/tmp',
  '2': 
   { dev: 64513,
     mode: 16893,
     nlink: 2,
     uid: 1000,
     gid: 1000,
     rdev: 0,
     blksize: 4096,
     ino: 828359,
     size: 4096,
     blocks: 8,
     atime: Mon Aug 10 2015 03:46:49 GMT+0600 (OMST),
     mtime: Mon Aug 10 2015 03:46:48 GMT+0600 (OMST),
     ctime: Mon Aug 10 2015 03:46:49 GMT+0600 (OMST) },
  '3': null }
Mon Aug 10 2015 03:46:49 GMT+0600 (OMST) 'a log message occurred:' { '0': 'debug',
  '1': 'Watch triggered on: frontend-theme/tmp/file' }
Mon Aug 10 2015 03:46:49 GMT+0600 (OMST) 'a log message occurred:' { '0': 'debug',
  '1': 'Watch triggered on: frontend-theme/tmp/file' }
Mon Aug 10 2015 03:46:49 GMT+0600 (OMST) 'a log message occurred:' { '0': 'debug',
  '1': 'Watch triggered on: frontend-theme/tmp/file' }
Mon Aug 10 2015 03:46:49 GMT+0600 (OMST) 'a log message occurred:' { '0': 'debug', '1': 'Watch triggered on: frontend-theme/tmp' }
Mon Aug 10 2015 03:46:49 GMT+0600 (OMST) 'a log message occurred:' { '0': 'debug',
  '1': 'Watch followed through on: frontend-theme/tmp/file' }
Mon Aug 10 2015 03:46:49 GMT+0600 (OMST) 'a log message occurred:' { '0': 'debug',
  '1': 'Watch followed through on: frontend-theme/tmp' }
Mon Aug 10 2015 03:46:49 GMT+0600 (OMST) 'a log message occurred:' { '0': 'debug',
  '1': 'Determined delete: frontend-theme/tmp/file' }
Mon Aug 10 2015 03:46:49 GMT+0600 (OMST) 'a log message occurred:' { '0': 'debug', '1': 'close: frontend-theme/tmp/file' }
Mon Aug 10 2015 03:46:49 GMT+0600 (OMST) 'a change event occurred:' { '0': 'delete',
  '1': 'frontend-theme/tmp/file',
  '2': null,
  '3': 
   { dev: 64513,
     mode: 33204,
     nlink: 1,
     uid: 1000,
     gid: 1000,
     rdev: 0,
     blksize: 4096,
     ino: 788205,
     size: 14,
     blocks: 8,
     atime: Mon Aug 10 2015 03:46:45 GMT+0600 (OMST),
     mtime: Mon Aug 10 2015 03:46:47 GMT+0600 (OMST),
     ctime: Mon Aug 10 2015 03:46:48 GMT+0600 (OMST) } }
Mon Aug 10 2015 03:46:50 GMT+0600 (OMST) 'a log message occurred:' { '0': 'debug', '1': 'Watch triggered on: frontend-theme/tmp' }
Mon Aug 10 2015 03:46:50 GMT+0600 (OMST) 'a log message occurred:' { '0': 'debug', '1': 'Watch triggered on: frontend-theme/tmp' }
Mon Aug 10 2015 03:46:50 GMT+0600 (OMST) 'a log message occurred:' { '0': 'debug', '1': 'Watch triggered on: frontend-theme' }
Mon Aug 10 2015 03:46:50 GMT+0600 (OMST) 'a log message occurred:' { '0': 'debug',
  '1': 'Watch followed through on: frontend-theme/tmp' }
Mon Aug 10 2015 03:46:50 GMT+0600 (OMST) 'a log message occurred:' { '0': 'debug',
  '1': 'Watch followed through on: frontend-theme' }
Mon Aug 10 2015 03:46:50 GMT+0600 (OMST) 'a log message occurred:' { '0': 'debug', '1': 'Determined delete: frontend-theme/tmp' }
Mon Aug 10 2015 03:46:50 GMT+0600 (OMST) 'a log message occurred:' { '0': 'debug', '1': 'close: frontend-theme/tmp' }
Mon Aug 10 2015 03:46:50 GMT+0600 (OMST) 'a change event occurred:' { '0': 'delete',
  '1': 'frontend-theme/tmp',
  '2': null,
  '3': 
   { dev: 64513,
     mode: 16893,
     nlink: 2,
     uid: 1000,
     gid: 1000,
     rdev: 0,
     blksize: 4096,
     ino: 828359,
     size: 4096,
     blocks: 8,
     atime: Mon Aug 10 2015 03:46:49 GMT+0600 (OMST),
     mtime: Mon Aug 10 2015 03:46:49 GMT+0600 (OMST),
     ctime: Mon Aug 10 2015 03:46:49 GMT+0600 (OMST) } }
------------------------------------------------------------------------------------------------------------------------
Mon Aug 10 2015 03:47:03 GMT+0600 (OMST) 'a log message occurred:' { '0': 'debug', '1': 'Watch triggered on: backend-theme' }
Mon Aug 10 2015 03:47:03 GMT+0600 (OMST) 'a log message occurred:' { '0': 'debug',
  '1': 'Watch followed through on: backend-theme' }
Mon Aug 10 2015 03:47:03 GMT+0600 (OMST) 'a log message occurred:' { '0': 'debug', '1': 'ignore: backend-theme/tmp no' }
Mon Aug 10 2015 03:47:03 GMT+0600 (OMST) 'a log message occurred:' { '0': 'debug',
  '1': 'Determined create: backend-theme/tmp via: backend-theme' }
Mon Aug 10 2015 03:47:03 GMT+0600 (OMST) 'a log message occurred:' { '0': 'debug',
  '1': 'added a listener: on backend-theme/tmp for event log' }
Mon Aug 10 2015 03:47:03 GMT+0600 (OMST) 'a log message occurred:' { '0': 'debug',
  '1': 'added a listener: on backend-theme/tmp for event change' }
Mon Aug 10 2015 03:47:03 GMT+0600 (OMST) 'a log message occurred:' { '0': 'debug',
  '1': 'added a listener: on backend-theme/tmp for event error' }
Mon Aug 10 2015 03:47:03 GMT+0600 (OMST) 'a log message occurred:' { '0': 'debug', '1': 'watch: backend-theme/tmp' }
Mon Aug 10 2015 03:47:03 GMT+0600 (OMST) 'a change event occurred:' { '0': 'create',
  '1': 'backend-theme/tmp',
  '2': 
   { dev: 64513,
     mode: 16893,
     nlink: 2,
     uid: 1000,
     gid: 1000,
     rdev: 0,
     blksize: 4096,
     ino: 828359,
     size: 4096,
     blocks: 8,
     atime: Mon Aug 10 2015 03:47:03 GMT+0600 (OMST),
     mtime: Mon Aug 10 2015 03:47:03 GMT+0600 (OMST),
     ctime: Mon Aug 10 2015 03:47:03 GMT+0600 (OMST) },
  '3': null }
Mon Aug 10 2015 03:47:03 GMT+0600 (OMST) 'a log message occurred:' { '0': 'debug', '1': 'Watch triggered on: backend-theme/tmp' }
Mon Aug 10 2015 03:47:03 GMT+0600 (OMST) 'a log message occurred:' { '0': 'debug', '1': 'Watch triggered on: backend-theme/tmp' }
Mon Aug 10 2015 03:47:03 GMT+0600 (OMST) 'a log message occurred:' { '0': 'debug',
  '1': 'Watch followed through on: backend-theme/tmp' }
Mon Aug 10 2015 03:47:03 GMT+0600 (OMST) 'a log message occurred:' { '0': 'debug',
  '1': 'Determined same: backend-theme/tmp',
  '2': 
   { dev: 64513,
     mode: 16893,
     nlink: 2,
     uid: 1000,
     gid: 1000,
     rdev: 0,
     blksize: 4096,
     ino: 828359,
     size: 4096,
     blocks: 8,
     atime: Mon Aug 10 2015 03:47:03 GMT+0600 (OMST),
     mtime: Mon Aug 10 2015 03:47:03 GMT+0600 (OMST),
     ctime: Mon Aug 10 2015 03:47:03 GMT+0600 (OMST) },
  '3': 
   { dev: 64513,
     mode: 16893,
     nlink: 2,
     uid: 1000,
     gid: 1000,
     rdev: 0,
     blksize: 4096,
     ino: 828359,
     size: 4096,
     blocks: 8,
     atime: Mon Aug 10 2015 03:47:03 GMT+0600 (OMST),
     mtime: Mon Aug 10 2015 03:47:03 GMT+0600 (OMST),
     ctime: Mon Aug 10 2015 03:47:03 GMT+0600 (OMST) } }
Mon Aug 10 2015 03:47:04 GMT+0600 (OMST) 'a log message occurred:' { '0': 'debug', '1': 'Watch triggered on: backend-theme/tmp' }
Mon Aug 10 2015 03:47:04 GMT+0600 (OMST) 'a log message occurred:' { '0': 'debug', '1': 'Watch triggered on: backend-theme/tmp' }
Mon Aug 10 2015 03:47:04 GMT+0600 (OMST) 'a log message occurred:' { '0': 'debug',
  '1': 'Watch followed through on: backend-theme/tmp' }
Mon Aug 10 2015 03:47:04 GMT+0600 (OMST) 'a log message occurred:' { '0': 'debug',
  '1': 'Determined same: backend-theme/tmp',
  '2': 
   { dev: 64513,
     mode: 16893,
     nlink: 2,
     uid: 1000,
     gid: 1000,
     rdev: 0,
     blksize: 4096,
     ino: 828359,
     size: 4096,
     blocks: 8,
     atime: Mon Aug 10 2015 03:47:03 GMT+0600 (OMST),
     mtime: Mon Aug 10 2015 03:47:03 GMT+0600 (OMST),
     ctime: Mon Aug 10 2015 03:47:03 GMT+0600 (OMST) },
  '3': 
   { dev: 64513,
     mode: 16893,
     nlink: 2,
     uid: 1000,
     gid: 1000,
     rdev: 0,
     blksize: 4096,
     ino: 828359,
     size: 4096,
     blocks: 8,
     atime: Mon Aug 10 2015 03:47:03 GMT+0600 (OMST),
     mtime: Mon Aug 10 2015 03:47:03 GMT+0600 (OMST),
     ctime: Mon Aug 10 2015 03:47:03 GMT+0600 (OMST) } }
Mon Aug 10 2015 03:47:04 GMT+0600 (OMST) 'a log message occurred:' { '0': 'debug', '1': 'Watch triggered on: backend-theme/tmp' }
Mon Aug 10 2015 03:47:04 GMT+0600 (OMST) 'a log message occurred:' { '0': 'debug', '1': 'Watch triggered on: backend-theme/tmp' }
Mon Aug 10 2015 03:47:04 GMT+0600 (OMST) 'a log message occurred:' { '0': 'debug',
  '1': 'Watch followed through on: backend-theme/tmp' }
Mon Aug 10 2015 03:47:04 GMT+0600 (OMST) 'a log message occurred:' { '0': 'debug',
  '1': 'Determined same: backend-theme/tmp',
  '2': 
   { dev: 64513,
     mode: 16893,
     nlink: 2,
     uid: 1000,
     gid: 1000,
     rdev: 0,
     blksize: 4096,
     ino: 828359,
     size: 4096,
     blocks: 8,
     atime: Mon Aug 10 2015 03:47:03 GMT+0600 (OMST),
     mtime: Mon Aug 10 2015 03:47:03 GMT+0600 (OMST),
     ctime: Mon Aug 10 2015 03:47:03 GMT+0600 (OMST) },
  '3': 
   { dev: 64513,
     mode: 16893,
     nlink: 2,
     uid: 1000,
     gid: 1000,
     rdev: 0,
     blksize: 4096,
     ino: 828359,
     size: 4096,
     blocks: 8,
     atime: Mon Aug 10 2015 03:47:03 GMT+0600 (OMST),
     mtime: Mon Aug 10 2015 03:47:03 GMT+0600 (OMST),
     ctime: Mon Aug 10 2015 03:47:03 GMT+0600 (OMST) } }
Mon Aug 10 2015 03:47:05 GMT+0600 (OMST) 'a log message occurred:' { '0': 'debug', '1': 'Watch triggered on: backend-theme/tmp' }
Mon Aug 10 2015 03:47:05 GMT+0600 (OMST) 'a log message occurred:' { '0': 'debug', '1': 'Watch triggered on: backend-theme/tmp' }
Mon Aug 10 2015 03:47:05 GMT+0600 (OMST) 'a log message occurred:' { '0': 'debug',
  '1': 'Watch followed through on: backend-theme/tmp' }
Mon Aug 10 2015 03:47:05 GMT+0600 (OMST) 'a log message occurred:' { '0': 'debug', '1': 'ignore: backend-theme/tmp/file_new no' }
Mon Aug 10 2015 03:47:05 GMT+0600 (OMST) 'a log message occurred:' { '0': 'debug',
  '1': 'Determined create: backend-theme/tmp/file_new via: backend-theme/tmp' }
Mon Aug 10 2015 03:47:05 GMT+0600 (OMST) 'a log message occurred:' { '0': 'debug',
  '1': 'added a listener: on backend-theme/tmp/file_new for event log' }
Mon Aug 10 2015 03:47:05 GMT+0600 (OMST) 'a log message occurred:' { '0': 'debug',
  '1': 'added a listener: on backend-theme/tmp/file_new for event change' }
Mon Aug 10 2015 03:47:05 GMT+0600 (OMST) 'a log message occurred:' { '0': 'debug',
  '1': 'added a listener: on backend-theme/tmp/file_new for event error' }
Mon Aug 10 2015 03:47:05 GMT+0600 (OMST) 'a log message occurred:' { '0': 'debug', '1': 'watch: backend-theme/tmp/file_new' }
Mon Aug 10 2015 03:47:05 GMT+0600 (OMST) 'a change event occurred:' { '0': 'create',
  '1': 'backend-theme/tmp/file_new',
  '2': 
   { dev: 64513,
     mode: 33204,
     nlink: 1,
     uid: 1000,
     gid: 1000,
     rdev: 0,
     blksize: 4096,
     ino: 788205,
     size: 14,
     blocks: 8,
     atime: Mon Aug 10 2015 03:47:03 GMT+0600 (OMST),
     mtime: Mon Aug 10 2015 03:47:04 GMT+0600 (OMST),
     ctime: Mon Aug 10 2015 03:47:05 GMT+0600 (OMST) },
  '3': null }
Mon Aug 10 2015 03:47:05 GMT+0600 (OMST) 'a log message occurred:' { '0': 'debug', '1': 'Watch triggered on: backend-theme/tmp' }
Mon Aug 10 2015 03:47:05 GMT+0600 (OMST) 'a log message occurred:' { '0': 'debug', '1': 'Watch triggered on: backend-theme/tmp' }
Mon Aug 10 2015 03:47:05 GMT+0600 (OMST) 'a log message occurred:' { '0': 'debug',
  '1': 'Watch triggered on: backend-theme/tmp/file_new' }
Mon Aug 10 2015 03:47:05 GMT+0600 (OMST) 'a log message occurred:' { '0': 'debug',
  '1': 'Watch followed through on: backend-theme/tmp' }
Mon Aug 10 2015 03:47:05 GMT+0600 (OMST) 'a log message occurred:' { '0': 'debug',
  '1': 'Watch followed through on: backend-theme/tmp/file_new' }
Mon Aug 10 2015 03:47:05 GMT+0600 (OMST) 'a log message occurred:' { '0': 'debug',
  '1': 'Determined delete: backend-theme/tmp/file_new' }
Mon Aug 10 2015 03:47:05 GMT+0600 (OMST) 'a log message occurred:' { '0': 'debug', '1': 'close: backend-theme/tmp/file_new' }
Mon Aug 10 2015 03:47:05 GMT+0600 (OMST) 'a change event occurred:' { '0': 'delete',
  '1': 'backend-theme/tmp/file_new',
  '2': null,
  '3': 
   { dev: 64513,
     mode: 33204,
     nlink: 1,
     uid: 1000,
     gid: 1000,
     rdev: 0,
     blksize: 4096,
     ino: 788205,
     size: 14,
     blocks: 8,
     atime: Mon Aug 10 2015 03:47:03 GMT+0600 (OMST),
     mtime: Mon Aug 10 2015 03:47:04 GMT+0600 (OMST),
     ctime: Mon Aug 10 2015 03:47:05 GMT+0600 (OMST) } }
Mon Aug 10 2015 03:47:05 GMT+0600 (OMST) 'a log message occurred:' { '0': 'debug',
  '1': 'Determined same: backend-theme/tmp',
  '2': 
   { dev: 64513,
     mode: 16893,
     nlink: 2,
     uid: 1000,
     gid: 1000,
     rdev: 0,
     blksize: 4096,
     ino: 828359,
     size: 4096,
     blocks: 8,
     atime: Mon Aug 10 2015 03:47:03 GMT+0600 (OMST),
     mtime: Mon Aug 10 2015 03:47:05 GMT+0600 (OMST),
     ctime: Mon Aug 10 2015 03:47:05 GMT+0600 (OMST) },
  '3': 
   { dev: 64513,
     mode: 16893,
     nlink: 2,
     uid: 1000,
     gid: 1000,
     rdev: 0,
     blksize: 4096,
     ino: 828359,
     size: 4096,
     blocks: 8,
     atime: Mon Aug 10 2015 03:47:05 GMT+0600 (OMST),
     mtime: Mon Aug 10 2015 03:47:05 GMT+0600 (OMST),
     ctime: Mon Aug 10 2015 03:47:05 GMT+0600 (OMST) } }
Mon Aug 10 2015 03:47:06 GMT+0600 (OMST) 'a log message occurred:' { '0': 'debug', '1': 'Watch triggered on: backend-theme' }
Mon Aug 10 2015 03:47:06 GMT+0600 (OMST) 'a log message occurred:' { '0': 'debug', '1': 'Watch triggered on: backend-theme' }
Mon Aug 10 2015 03:47:06 GMT+0600 (OMST) 'a log message occurred:' { '0': 'debug', '1': 'Watch triggered on: backend-theme/tmp' }
Mon Aug 10 2015 03:47:06 GMT+0600 (OMST) 'a log message occurred:' { '0': 'debug',
  '1': 'Watch followed through on: backend-theme' }
Mon Aug 10 2015 03:47:06 GMT+0600 (OMST) 'a log message occurred:' { '0': 'debug',
  '1': 'Watch followed through on: backend-theme/tmp' }
Mon Aug 10 2015 03:47:06 GMT+0600 (OMST) 'a log message occurred:' { '0': 'debug', '1': 'Determined delete: backend-theme/tmp' }
Mon Aug 10 2015 03:47:06 GMT+0600 (OMST) 'a log message occurred:' { '0': 'debug', '1': 'close: backend-theme/tmp' }
Mon Aug 10 2015 03:47:06 GMT+0600 (OMST) 'a change event occurred:' { '0': 'delete',
  '1': 'backend-theme/tmp',
  '2': null,
  '3': 
   { dev: 64513,
     mode: 16893,
     nlink: 2,
     uid: 1000,
     gid: 1000,
     rdev: 0,
     blksize: 4096,
     ino: 828359,
     size: 4096,
     blocks: 8,
     atime: Mon Aug 10 2015 03:47:05 GMT+0600 (OMST),
     mtime: Mon Aug 10 2015 03:47:05 GMT+0600 (OMST),
     ctime: Mon Aug 10 2015 03:47:05 GMT+0600 (OMST) } }
Mon Aug 10 2015 03:47:06 GMT+0600 (OMST) 'a log message occurred:' { '0': 'debug', '1': 'ignore: backend-theme/tmp_new no' }
Mon Aug 10 2015 03:47:06 GMT+0600 (OMST) 'a log message occurred:' { '0': 'debug',
  '1': 'Determined create: backend-theme/tmp_new via: backend-theme' }
Mon Aug 10 2015 03:47:06 GMT+0600 (OMST) 'a log message occurred:' { '0': 'debug',
  '1': 'added a listener: on backend-theme/tmp_new for event log' }
Mon Aug 10 2015 03:47:06 GMT+0600 (OMST) 'a log message occurred:' { '0': 'debug',
  '1': 'added a listener: on backend-theme/tmp_new for event change' }
Mon Aug 10 2015 03:47:06 GMT+0600 (OMST) 'a log message occurred:' { '0': 'debug',
  '1': 'added a listener: on backend-theme/tmp_new for event error' }
Mon Aug 10 2015 03:47:06 GMT+0600 (OMST) 'a log message occurred:' { '0': 'debug', '1': 'watch: backend-theme/tmp_new' }
Mon Aug 10 2015 03:47:06 GMT+0600 (OMST) 'a log message occurred:' { '0': 'debug',
  '1': 'added a listener: on backend-theme/tmp_new/file for event log' }
Mon Aug 10 2015 03:47:06 GMT+0600 (OMST) 'a log message occurred:' { '0': 'debug',
  '1': 'added a listener: on backend-theme/tmp_new/file for event change' }
Mon Aug 10 2015 03:47:06 GMT+0600 (OMST) 'a log message occurred:' { '0': 'debug',
  '1': 'added a listener: on backend-theme/tmp_new/file for event error' }
Mon Aug 10 2015 03:47:06 GMT+0600 (OMST) 'a log message occurred:' { '0': 'debug', '1': 'watch: backend-theme/tmp_new/file' }
Mon Aug 10 2015 03:47:06 GMT+0600 (OMST) 'a change event occurred:' { '0': 'create',
  '1': 'backend-theme/tmp_new',
  '2': 
   { dev: 64513,
     mode: 16893,
     nlink: 2,
     uid: 1000,
     gid: 1000,
     rdev: 0,
     blksize: 4096,
     ino: 828359,
     size: 4096,
     blocks: 8,
     atime: Mon Aug 10 2015 03:47:06 GMT+0600 (OMST),
     mtime: Mon Aug 10 2015 03:47:05 GMT+0600 (OMST),
     ctime: Mon Aug 10 2015 03:47:06 GMT+0600 (OMST) },
  '3': null }
Mon Aug 10 2015 03:47:06 GMT+0600 (OMST) 'a log message occurred:' { '0': 'debug', '1': 'Watch triggered on: backend-theme' }
Mon Aug 10 2015 03:47:06 GMT+0600 (OMST) 'a log message occurred:' { '0': 'debug', '1': 'Watch triggered on: backend-theme' }
Mon Aug 10 2015 03:47:06 GMT+0600 (OMST) 'a log message occurred:' { '0': 'debug',
  '1': 'Watch triggered on: backend-theme/tmp_new' }
Mon Aug 10 2015 03:47:06 GMT+0600 (OMST) 'a log message occurred:' { '0': 'debug',
  '1': 'Watch followed through on: backend-theme' }
Mon Aug 10 2015 03:47:06 GMT+0600 (OMST) 'a log message occurred:' { '0': 'debug',
  '1': 'Watch followed through on: backend-theme/tmp_new' }
Mon Aug 10 2015 03:47:06 GMT+0600 (OMST) 'a log message occurred:' { '0': 'debug',
  '1': 'Determined delete: backend-theme/tmp_new' }
Mon Aug 10 2015 03:47:06 GMT+0600 (OMST) 'a log message occurred:' { '0': 'debug', '1': 'close: backend-theme/tmp_new' }
Mon Aug 10 2015 03:47:06 GMT+0600 (OMST) 'a log message occurred:' { '0': 'debug', '1': 'close: backend-theme/tmp_new/file' }
Mon Aug 10 2015 03:47:06 GMT+0600 (OMST) 'a change event occurred:' { '0': 'delete',
  '1': 'backend-theme/tmp_new/file',
  '2': null,
  '3': 
   { dev: 64513,
     mode: 33204,
     nlink: 1,
     uid: 1000,
     gid: 1000,
     rdev: 0,
     blksize: 4096,
     ino: 788205,
     size: 14,
     blocks: 8,
     atime: Mon Aug 10 2015 03:47:03 GMT+0600 (OMST),
     mtime: Mon Aug 10 2015 03:47:04 GMT+0600 (OMST),
     ctime: Mon Aug 10 2015 03:47:05 GMT+0600 (OMST) } }
Mon Aug 10 2015 03:47:06 GMT+0600 (OMST) 'a change event occurred:' { '0': 'delete',
  '1': 'backend-theme/tmp_new',
  '2': null,
  '3': 
   { dev: 64513,
     mode: 16893,
     nlink: 2,
     uid: 1000,
     gid: 1000,
     rdev: 0,
     blksize: 4096,
     ino: 828359,
     size: 4096,
     blocks: 8,
     atime: Mon Aug 10 2015 03:47:06 GMT+0600 (OMST),
     mtime: Mon Aug 10 2015 03:47:05 GMT+0600 (OMST),
     ctime: Mon Aug 10 2015 03:47:06 GMT+0600 (OMST) } }
Mon Aug 10 2015 03:47:06 GMT+0600 (OMST) 'a log message occurred:' { '0': 'debug',
  '1': 'Determined same: backend-theme',
  '2': 
   { dev: 64513,
     mode: 16893,
     nlink: 3,
     uid: 1000,
     gid: 1000,
     rdev: 0,
     blksize: 4096,
     ino: 827410,
     size: 4096,
     blocks: 8,
     atime: Mon Aug 10 2015 03:47:03 GMT+0600 (OMST),
     mtime: Mon Aug 10 2015 03:47:06 GMT+0600 (OMST),
     ctime: Mon Aug 10 2015 03:47:06 GMT+0600 (OMST) },
  '3': 
   { dev: 64513,
     mode: 16893,
     nlink: 3,
     uid: 1000,
     gid: 1000,
     rdev: 0,
     blksize: 4096,
     ino: 827410,
     size: 4096,
     blocks: 8,
     atime: Mon Aug 10 2015 03:47:06 GMT+0600 (OMST),
     mtime: Mon Aug 10 2015 03:47:06 GMT+0600 (OMST),
     ctime: Mon Aug 10 2015 03:47:06 GMT+0600 (OMST) } }
Mon Aug 10 2015 03:47:07 GMT+0600 (OMST) 'a log message occurred:' { '0': 'debug', '1': 'Watch triggered on: backend-theme' }
Mon Aug 10 2015 03:47:07 GMT+0600 (OMST) 'a log message occurred:' { '0': 'debug',
  '1': 'Watch followed through on: backend-theme' }
Mon Aug 10 2015 03:47:13 GMT+0600 (OMST) 'a log message occurred:' { '0': 'debug', '1': 'Watch triggered on: frontend-theme' }
Mon Aug 10 2015 03:47:13 GMT+0600 (OMST) 'a log message occurred:' { '0': 'debug',
  '1': 'Watch followed through on: frontend-theme' }
Mon Aug 10 2015 03:47:13 GMT+0600 (OMST) 'a log message occurred:' { '0': 'debug', '1': 'ignore: frontend-theme/tmp no' }
Mon Aug 10 2015 03:47:13 GMT+0600 (OMST) 'a log message occurred:' { '0': 'debug',
  '1': 'Determined create: frontend-theme/tmp via: frontend-theme' }
Mon Aug 10 2015 03:47:13 GMT+0600 (OMST) 'a log message occurred:' { '0': 'debug',
  '1': 'added a listener: on frontend-theme/tmp for event log' }
Mon Aug 10 2015 03:47:13 GMT+0600 (OMST) 'a log message occurred:' { '0': 'debug',
  '1': 'added a listener: on frontend-theme/tmp for event change' }
Mon Aug 10 2015 03:47:13 GMT+0600 (OMST) 'a log message occurred:' { '0': 'debug',
  '1': 'added a listener: on frontend-theme/tmp for event error' }
Mon Aug 10 2015 03:47:13 GMT+0600 (OMST) 'a log message occurred:' { '0': 'debug', '1': 'watch: frontend-theme/tmp' }
Mon Aug 10 2015 03:47:13 GMT+0600 (OMST) 'a change event occurred:' { '0': 'create',
  '1': 'frontend-theme/tmp',
  '2': 
   { dev: 64513,
     mode: 16893,
     nlink: 2,
     uid: 1000,
     gid: 1000,
     rdev: 0,
     blksize: 4096,
     ino: 828359,
     size: 4096,
     blocks: 8,
     atime: Mon Aug 10 2015 03:47:13 GMT+0600 (OMST),
     mtime: Mon Aug 10 2015 03:47:13 GMT+0600 (OMST),
     ctime: Mon Aug 10 2015 03:47:13 GMT+0600 (OMST) },
  '3': null }
Mon Aug 10 2015 03:47:13 GMT+0600 (OMST) 'a log message occurred:' { '0': 'debug', '1': 'Watch triggered on: frontend-theme/tmp' }
Mon Aug 10 2015 03:47:13 GMT+0600 (OMST) 'a log message occurred:' { '0': 'debug', '1': 'Watch triggered on: frontend-theme/tmp' }
Mon Aug 10 2015 03:47:13 GMT+0600 (OMST) 'a log message occurred:' { '0': 'debug',
  '1': 'Watch followed through on: frontend-theme/tmp' }
Mon Aug 10 2015 03:47:13 GMT+0600 (OMST) 'a log message occurred:' { '0': 'debug',
  '1': 'Determined same: frontend-theme/tmp',
  '2': 
   { dev: 64513,
     mode: 16893,
     nlink: 2,
     uid: 1000,
     gid: 1000,
     rdev: 0,
     blksize: 4096,
     ino: 828359,
     size: 4096,
     blocks: 8,
     atime: Mon Aug 10 2015 03:47:13 GMT+0600 (OMST),
     mtime: Mon Aug 10 2015 03:47:13 GMT+0600 (OMST),
     ctime: Mon Aug 10 2015 03:47:13 GMT+0600 (OMST) },
  '3': 
   { dev: 64513,
     mode: 16893,
     nlink: 2,
     uid: 1000,
     gid: 1000,
     rdev: 0,
     blksize: 4096,
     ino: 828359,
     size: 4096,
     blocks: 8,
     atime: Mon Aug 10 2015 03:47:13 GMT+0600 (OMST),
     mtime: Mon Aug 10 2015 03:47:13 GMT+0600 (OMST),
     ctime: Mon Aug 10 2015 03:47:13 GMT+0600 (OMST) } }
Mon Aug 10 2015 03:47:14 GMT+0600 (OMST) 'a log message occurred:' { '0': 'debug', '1': 'Watch triggered on: frontend-theme/tmp' }
Mon Aug 10 2015 03:47:14 GMT+0600 (OMST) 'a log message occurred:' { '0': 'debug', '1': 'Watch triggered on: frontend-theme/tmp' }
Mon Aug 10 2015 03:47:14 GMT+0600 (OMST) 'a log message occurred:' { '0': 'debug',
  '1': 'Watch followed through on: frontend-theme/tmp' }
Mon Aug 10 2015 03:47:14 GMT+0600 (OMST) 'a log message occurred:' { '0': 'debug',
  '1': 'Determined same: frontend-theme/tmp',
  '2': 
   { dev: 64513,
     mode: 16893,
     nlink: 2,
     uid: 1000,
     gid: 1000,
     rdev: 0,
     blksize: 4096,
     ino: 828359,
     size: 4096,
     blocks: 8,
     atime: Mon Aug 10 2015 03:47:13 GMT+0600 (OMST),
     mtime: Mon Aug 10 2015 03:47:13 GMT+0600 (OMST),
     ctime: Mon Aug 10 2015 03:47:13 GMT+0600 (OMST) },
  '3': 
   { dev: 64513,
     mode: 16893,
     nlink: 2,
     uid: 1000,
     gid: 1000,
     rdev: 0,
     blksize: 4096,
     ino: 828359,
     size: 4096,
     blocks: 8,
     atime: Mon Aug 10 2015 03:47:13 GMT+0600 (OMST),
     mtime: Mon Aug 10 2015 03:47:13 GMT+0600 (OMST),
     ctime: Mon Aug 10 2015 03:47:13 GMT+0600 (OMST) } }
Mon Aug 10 2015 03:47:14 GMT+0600 (OMST) 'a log message occurred:' { '0': 'debug', '1': 'Watch triggered on: frontend-theme/tmp' }
Mon Aug 10 2015 03:47:14 GMT+0600 (OMST) 'a log message occurred:' { '0': 'debug', '1': 'Watch triggered on: frontend-theme/tmp' }
Mon Aug 10 2015 03:47:14 GMT+0600 (OMST) 'a log message occurred:' { '0': 'debug',
  '1': 'Watch followed through on: frontend-theme/tmp' }
Mon Aug 10 2015 03:47:14 GMT+0600 (OMST) 'a log message occurred:' { '0': 'debug',
  '1': 'Determined same: frontend-theme/tmp',
  '2': 
   { dev: 64513,
     mode: 16893,
     nlink: 2,
     uid: 1000,
     gid: 1000,
     rdev: 0,
     blksize: 4096,
     ino: 828359,
     size: 4096,
     blocks: 8,
     atime: Mon Aug 10 2015 03:47:13 GMT+0600 (OMST),
     mtime: Mon Aug 10 2015 03:47:13 GMT+0600 (OMST),
     ctime: Mon Aug 10 2015 03:47:13 GMT+0600 (OMST) },
  '3': 
   { dev: 64513,
     mode: 16893,
     nlink: 2,
     uid: 1000,
     gid: 1000,
     rdev: 0,
     blksize: 4096,
     ino: 828359,
     size: 4096,
     blocks: 8,
     atime: Mon Aug 10 2015 03:47:13 GMT+0600 (OMST),
     mtime: Mon Aug 10 2015 03:47:13 GMT+0600 (OMST),
     ctime: Mon Aug 10 2015 03:47:13 GMT+0600 (OMST) } }
Mon Aug 10 2015 03:47:15 GMT+0600 (OMST) 'a log message occurred:' { '0': 'debug', '1': 'Watch triggered on: frontend-theme/tmp' }
Mon Aug 10 2015 03:47:15 GMT+0600 (OMST) 'a log message occurred:' { '0': 'debug', '1': 'Watch triggered on: frontend-theme/tmp' }
Mon Aug 10 2015 03:47:15 GMT+0600 (OMST) 'a log message occurred:' { '0': 'debug',
  '1': 'Watch followed through on: frontend-theme/tmp' }
Mon Aug 10 2015 03:47:15 GMT+0600 (OMST) 'a log message occurred:' { '0': 'debug', '1': 'ignore: frontend-theme/tmp/file_new no' }
Mon Aug 10 2015 03:47:15 GMT+0600 (OMST) 'a log message occurred:' { '0': 'debug',
  '1': 'Determined create: frontend-theme/tmp/file_new via: frontend-theme/tmp' }
Mon Aug 10 2015 03:47:15 GMT+0600 (OMST) 'a log message occurred:' { '0': 'debug',
  '1': 'added a listener: on frontend-theme/tmp/file_new for event log' }
Mon Aug 10 2015 03:47:15 GMT+0600 (OMST) 'a log message occurred:' { '0': 'debug',
  '1': 'added a listener: on frontend-theme/tmp/file_new for event change' }
Mon Aug 10 2015 03:47:15 GMT+0600 (OMST) 'a log message occurred:' { '0': 'debug',
  '1': 'added a listener: on frontend-theme/tmp/file_new for event error' }
Mon Aug 10 2015 03:47:15 GMT+0600 (OMST) 'a log message occurred:' { '0': 'debug', '1': 'watch: frontend-theme/tmp/file_new' }
Mon Aug 10 2015 03:47:15 GMT+0600 (OMST) 'a change event occurred:' { '0': 'create',
  '1': 'frontend-theme/tmp/file_new',
  '2': 
   { dev: 64513,
     mode: 33204,
     nlink: 1,
     uid: 1000,
     gid: 1000,
     rdev: 0,
     blksize: 4096,
     ino: 788205,
     size: 14,
     blocks: 8,
     atime: Mon Aug 10 2015 03:47:13 GMT+0600 (OMST),
     mtime: Mon Aug 10 2015 03:47:14 GMT+0600 (OMST),
     ctime: Mon Aug 10 2015 03:47:15 GMT+0600 (OMST) },
  '3': null }
Mon Aug 10 2015 03:47:15 GMT+0600 (OMST) 'a log message occurred:' { '0': 'debug', '1': 'Watch triggered on: frontend-theme/tmp' }
Mon Aug 10 2015 03:47:15 GMT+0600 (OMST) 'a log message occurred:' { '0': 'debug', '1': 'Watch triggered on: frontend-theme/tmp' }
Mon Aug 10 2015 03:47:15 GMT+0600 (OMST) 'a log message occurred:' { '0': 'debug',
  '1': 'Watch triggered on: frontend-theme/tmp/file_new' }
Mon Aug 10 2015 03:47:15 GMT+0600 (OMST) 'a log message occurred:' { '0': 'debug',
  '1': 'Watch followed through on: frontend-theme/tmp' }
Mon Aug 10 2015 03:47:15 GMT+0600 (OMST) 'a log message occurred:' { '0': 'debug',
  '1': 'Watch followed through on: frontend-theme/tmp/file_new' }
Mon Aug 10 2015 03:47:15 GMT+0600 (OMST) 'a log message occurred:' { '0': 'debug',
  '1': 'Determined delete: frontend-theme/tmp/file_new' }
Mon Aug 10 2015 03:47:15 GMT+0600 (OMST) 'a log message occurred:' { '0': 'debug', '1': 'close: frontend-theme/tmp/file_new' }
Mon Aug 10 2015 03:47:15 GMT+0600 (OMST) 'a change event occurred:' { '0': 'delete',
  '1': 'frontend-theme/tmp/file_new',
  '2': null,
  '3': 
   { dev: 64513,
     mode: 33204,
     nlink: 1,
     uid: 1000,
     gid: 1000,
     rdev: 0,
     blksize: 4096,
     ino: 788205,
     size: 14,
     blocks: 8,
     atime: Mon Aug 10 2015 03:47:13 GMT+0600 (OMST),
     mtime: Mon Aug 10 2015 03:47:14 GMT+0600 (OMST),
     ctime: Mon Aug 10 2015 03:47:15 GMT+0600 (OMST) } }
Mon Aug 10 2015 03:47:15 GMT+0600 (OMST) 'a log message occurred:' { '0': 'debug',
  '1': 'Determined same: frontend-theme/tmp',
  '2': 
   { dev: 64513,
     mode: 16893,
     nlink: 2,
     uid: 1000,
     gid: 1000,
     rdev: 0,
     blksize: 4096,
     ino: 828359,
     size: 4096,
     blocks: 8,
     atime: Mon Aug 10 2015 03:47:13 GMT+0600 (OMST),
     mtime: Mon Aug 10 2015 03:47:15 GMT+0600 (OMST),
     ctime: Mon Aug 10 2015 03:47:15 GMT+0600 (OMST) },
  '3': 
   { dev: 64513,
     mode: 16893,
     nlink: 2,
     uid: 1000,
     gid: 1000,
     rdev: 0,
     blksize: 4096,
     ino: 828359,
     size: 4096,
     blocks: 8,
     atime: Mon Aug 10 2015 03:47:15 GMT+0600 (OMST),
     mtime: Mon Aug 10 2015 03:47:15 GMT+0600 (OMST),
     ctime: Mon Aug 10 2015 03:47:15 GMT+0600 (OMST) } }
Mon Aug 10 2015 03:47:16 GMT+0600 (OMST) 'a log message occurred:' { '0': 'debug', '1': 'Watch triggered on: frontend-theme' }
Mon Aug 10 2015 03:47:16 GMT+0600 (OMST) 'a log message occurred:' { '0': 'debug', '1': 'Watch triggered on: frontend-theme' }
Mon Aug 10 2015 03:47:16 GMT+0600 (OMST) 'a log message occurred:' { '0': 'debug', '1': 'Watch triggered on: frontend-theme/tmp' }
Mon Aug 10 2015 03:47:16 GMT+0600 (OMST) 'a log message occurred:' { '0': 'debug',
  '1': 'Watch followed through on: frontend-theme' }
Mon Aug 10 2015 03:47:16 GMT+0600 (OMST) 'a log message occurred:' { '0': 'debug',
  '1': 'Watch followed through on: frontend-theme/tmp' }
Mon Aug 10 2015 03:47:16 GMT+0600 (OMST) 'a log message occurred:' { '0': 'debug', '1': 'Determined delete: frontend-theme/tmp' }
Mon Aug 10 2015 03:47:16 GMT+0600 (OMST) 'a log message occurred:' { '0': 'debug', '1': 'close: frontend-theme/tmp' }
Mon Aug 10 2015 03:47:16 GMT+0600 (OMST) 'a change event occurred:' { '0': 'delete',
  '1': 'frontend-theme/tmp',
  '2': null,
  '3': 
   { dev: 64513,
     mode: 16893,
     nlink: 2,
     uid: 1000,
     gid: 1000,
     rdev: 0,
     blksize: 4096,
     ino: 828359,
     size: 4096,
     blocks: 8,
     atime: Mon Aug 10 2015 03:47:15 GMT+0600 (OMST),
     mtime: Mon Aug 10 2015 03:47:15 GMT+0600 (OMST),
     ctime: Mon Aug 10 2015 03:47:15 GMT+0600 (OMST) } }
Mon Aug 10 2015 03:47:16 GMT+0600 (OMST) 'a log message occurred:' { '0': 'debug', '1': 'ignore: frontend-theme/tmp_new no' }
Mon Aug 10 2015 03:47:16 GMT+0600 (OMST) 'a log message occurred:' { '0': 'debug',
  '1': 'Determined create: frontend-theme/tmp_new via: frontend-theme' }
Mon Aug 10 2015 03:47:16 GMT+0600 (OMST) 'a log message occurred:' { '0': 'debug',
  '1': 'added a listener: on frontend-theme/tmp_new for event log' }
Mon Aug 10 2015 03:47:16 GMT+0600 (OMST) 'a log message occurred:' { '0': 'debug',
  '1': 'added a listener: on frontend-theme/tmp_new for event change' }
Mon Aug 10 2015 03:47:16 GMT+0600 (OMST) 'a log message occurred:' { '0': 'debug',
  '1': 'added a listener: on frontend-theme/tmp_new for event error' }
Mon Aug 10 2015 03:47:16 GMT+0600 (OMST) 'a log message occurred:' { '0': 'debug', '1': 'watch: frontend-theme/tmp_new' }
Mon Aug 10 2015 03:47:16 GMT+0600 (OMST) 'a log message occurred:' { '0': 'debug',
  '1': 'added a listener: on frontend-theme/tmp_new/file for event log' }
Mon Aug 10 2015 03:47:16 GMT+0600 (OMST) 'a log message occurred:' { '0': 'debug',
  '1': 'added a listener: on frontend-theme/tmp_new/file for event change' }
Mon Aug 10 2015 03:47:16 GMT+0600 (OMST) 'a log message occurred:' { '0': 'debug',
  '1': 'added a listener: on frontend-theme/tmp_new/file for event error' }
Mon Aug 10 2015 03:47:16 GMT+0600 (OMST) 'a log message occurred:' { '0': 'debug', '1': 'watch: frontend-theme/tmp_new/file' }
Mon Aug 10 2015 03:47:16 GMT+0600 (OMST) 'a change event occurred:' { '0': 'create',
  '1': 'frontend-theme/tmp_new',
  '2': 
   { dev: 64513,
     mode: 16893,
     nlink: 2,
     uid: 1000,
     gid: 1000,
     rdev: 0,
     blksize: 4096,
     ino: 828359,
     size: 4096,
     blocks: 8,
     atime: Mon Aug 10 2015 03:47:16 GMT+0600 (OMST),
     mtime: Mon Aug 10 2015 03:47:15 GMT+0600 (OMST),
     ctime: Mon Aug 10 2015 03:47:16 GMT+0600 (OMST) },
  '3': null }
Mon Aug 10 2015 03:47:16 GMT+0600 (OMST) 'a log message occurred:' { '0': 'debug', '1': 'Watch triggered on: frontend-theme' }
Mon Aug 10 2015 03:47:16 GMT+0600 (OMST) 'a log message occurred:' { '0': 'debug', '1': 'Watch triggered on: frontend-theme' }
Mon Aug 10 2015 03:47:16 GMT+0600 (OMST) 'a log message occurred:' { '0': 'debug',
  '1': 'Watch triggered on: frontend-theme/tmp_new' }
Mon Aug 10 2015 03:47:16 GMT+0600 (OMST) 'a log message occurred:' { '0': 'debug',
  '1': 'Watch followed through on: frontend-theme' }
Mon Aug 10 2015 03:47:16 GMT+0600 (OMST) 'a log message occurred:' { '0': 'debug',
  '1': 'Watch followed through on: frontend-theme/tmp_new' }
Mon Aug 10 2015 03:47:16 GMT+0600 (OMST) 'a log message occurred:' { '0': 'debug',
  '1': 'Determined delete: frontend-theme/tmp_new' }
Mon Aug 10 2015 03:47:16 GMT+0600 (OMST) 'a log message occurred:' { '0': 'debug', '1': 'close: frontend-theme/tmp_new' }
Mon Aug 10 2015 03:47:16 GMT+0600 (OMST) 'a log message occurred:' { '0': 'debug', '1': 'close: frontend-theme/tmp_new/file' }
Mon Aug 10 2015 03:47:16 GMT+0600 (OMST) 'a change event occurred:' { '0': 'delete',
  '1': 'frontend-theme/tmp_new/file',
  '2': null,
  '3': 
   { dev: 64513,
     mode: 33204,
     nlink: 1,
     uid: 1000,
     gid: 1000,
     rdev: 0,
     blksize: 4096,
     ino: 788205,
     size: 14,
     blocks: 8,
     atime: Mon Aug 10 2015 03:47:13 GMT+0600 (OMST),
     mtime: Mon Aug 10 2015 03:47:14 GMT+0600 (OMST),
     ctime: Mon Aug 10 2015 03:47:15 GMT+0600 (OMST) } }
Mon Aug 10 2015 03:47:16 GMT+0600 (OMST) 'a change event occurred:' { '0': 'delete',
  '1': 'frontend-theme/tmp_new',
  '2': null,
  '3': 
   { dev: 64513,
     mode: 16893,
     nlink: 2,
     uid: 1000,
     gid: 1000,
     rdev: 0,
     blksize: 4096,
     ino: 828359,
     size: 4096,
     blocks: 8,
     atime: Mon Aug 10 2015 03:47:16 GMT+0600 (OMST),
     mtime: Mon Aug 10 2015 03:47:15 GMT+0600 (OMST),
     ctime: Mon Aug 10 2015 03:47:16 GMT+0600 (OMST) } }
Mon Aug 10 2015 03:47:16 GMT+0600 (OMST) 'a log message occurred:' { '0': 'debug',
  '1': 'Determined same: frontend-theme',
  '2': 
   { dev: 64513,
     mode: 16893,
     nlink: 3,
     uid: 1000,
     gid: 1000,
     rdev: 0,
     blksize: 4096,
     ino: 827409,
     size: 4096,
     blocks: 8,
     atime: Mon Aug 10 2015 03:47:13 GMT+0600 (OMST),
     mtime: Mon Aug 10 2015 03:47:16 GMT+0600 (OMST),
     ctime: Mon Aug 10 2015 03:47:16 GMT+0600 (OMST) },
  '3': 
   { dev: 64513,
     mode: 16893,
     nlink: 3,
     uid: 1000,
     gid: 1000,
     rdev: 0,
     blksize: 4096,
     ino: 827409,
     size: 4096,
     blocks: 8,
     atime: Mon Aug 10 2015 03:47:16 GMT+0600 (OMST),
     mtime: Mon Aug 10 2015 03:47:16 GMT+0600 (OMST),
     ctime: Mon Aug 10 2015 03:47:16 GMT+0600 (OMST) } }
Mon Aug 10 2015 03:47:17 GMT+0600 (OMST) 'a log message occurred:' { '0': 'debug', '1': 'Watch triggered on: frontend-theme' }
Mon Aug 10 2015 03:47:17 GMT+0600 (OMST) 'a log message occurred:' { '0': 'debug',
  '1': 'Watch followed through on: frontend-theme' }
