Tue Aug 18 2015 14:31:10 GMT+0600 (OMST) 'add' 'backend-theme' [ 'tmp' ]
Tue Aug 18 2015 14:31:40 GMT+0600 (OMST) 'add' 'backend-theme' [ 'tmp_new' ]
Tue Aug 18 2015 14:31:40 GMT+0600 (OMST) 'delete' 'backend-theme' [ 'tmp' ]
Tue Aug 18 2015 14:31:45 GMT+0600 (OMST) 'add' 'backend-theme' [ 'tmp_new' ]
Tue Aug 18 2015 14:31:45 GMT+0600 (OMST) 'change' 'backend-theme' [ 'tmp' ]
Tue Aug 18 2015 14:31:55 GMT+0600 (OMST) 'delete' 'backend-theme' [ 'tmp' ]
Tue Aug 18 2015 14:32:50 GMT+0600 (OMST) 'add' 'frontend-theme' [ 'tmp' ]
Tue Aug 18 2015 14:33:20 GMT+0600 (OMST) 'add' 'frontend-theme' [ 'tmp_new' ]
Tue Aug 18 2015 14:33:20 GMT+0600 (OMST) 'delete' 'frontend-theme' [ 'tmp' ]
Tue Aug 18 2015 14:33:25 GMT+0600 (OMST) 'add' 'frontend-theme' [ 'tmp_new' ]
Tue Aug 18 2015 14:33:25 GMT+0600 (OMST) 'change' 'frontend-theme' [ 'tmp' ]
Tue Aug 18 2015 14:33:35 GMT+0600 (OMST) 'delete' 'frontend-theme' [ 'tmp' ]
------------------------------------------------------------------------------------------------------------------------
Tue Aug 18 2015 14:35:10 GMT+0600 (OMST) 'change' 'backend-theme' [ 'tmp' ]
Tue Aug 18 2015 14:35:40 GMT+0600 (OMST) 'add' 'backend-theme' [ 'tmp_new' ]
Tue Aug 18 2015 14:35:40 GMT+0600 (OMST) 'delete' 'backend-theme' [ 'tmp' ]
Tue Aug 18 2015 14:35:45 GMT+0600 (OMST) 'add' 'backend-theme' [ 'tmp_new' ]
Tue Aug 18 2015 14:35:45 GMT+0600 (OMST) 'change' 'backend-theme' [ 'tmp' ]
Tue Aug 18 2015 14:35:55 GMT+0600 (OMST) 'delete' 'backend-theme' [ 'tmp' ]
Tue Aug 18 2015 14:36:50 GMT+0600 (OMST) 'change' 'frontend-theme' [ 'tmp' ]
Tue Aug 18 2015 14:37:20 GMT+0600 (OMST) 'add' 'frontend-theme' [ 'tmp_new' ]
Tue Aug 18 2015 14:37:20 GMT+0600 (OMST) 'delete' 'frontend-theme' [ 'tmp' ]
Tue Aug 18 2015 14:37:25 GMT+0600 (OMST) 'add' 'frontend-theme' [ 'tmp_new' ]
Tue Aug 18 2015 14:37:25 GMT+0600 (OMST) 'change' 'frontend-theme' [ 'tmp' ]
Tue Aug 18 2015 14:37:35 GMT+0600 (OMST) 'delete' 'frontend-theme' [ 'tmp' ]
