Tue Aug 18 2015 13:46:53 GMT+0600 (OMST) 'backend-theme/tmp added'
Tue Aug 18 2015 13:46:54 GMT+0600 (OMST) 'backend-theme/tmp/file added'
Tue Aug 18 2015 13:46:54 GMT+0600 (OMST) 'backend-theme/tmp/file changed'
Tue Aug 18 2015 13:46:55 GMT+0600 (OMST) 'backend-theme/tmp/file_new added'
Tue Aug 18 2015 13:46:55 GMT+0600 (OMST) 'backend-theme/tmp/file removed'
Tue Aug 18 2015 13:46:56 GMT+0600 (OMST) 'backend-theme/tmp/file added'
Tue Aug 18 2015 13:46:56 GMT+0600 (OMST) 'backend-theme/tmp/file_new removed'
Tue Aug 18 2015 13:46:56 GMT+0600 (OMST) 'backend-theme/tmp_new added'
Tue Aug 18 2015 13:46:56 GMT+0600 (OMST) 'backend-theme/tmp_new/file added'
Tue Aug 18 2015 13:46:56 GMT+0600 (OMST) 'backend-theme/tmp/file removed'
Tue Aug 18 2015 13:46:56 GMT+0600 (OMST) 'backend-theme/tmp removed'
Tue Aug 18 2015 13:46:57 GMT+0600 (OMST) 'backend-theme/tmp added'
Tue Aug 18 2015 13:46:57 GMT+0600 (OMST) 'backend-theme/tmp/file added'
Tue Aug 18 2015 13:46:57 GMT+0600 (OMST) 'backend-theme/tmp_new/file removed'
Tue Aug 18 2015 13:46:57 GMT+0600 (OMST) 'backend-theme/tmp_new removed'
Tue Aug 18 2015 13:46:57 GMT+0600 (OMST) 'backend-theme/tmp/file removed'
Tue Aug 18 2015 13:46:58 GMT+0600 (OMST) 'backend-theme/tmp removed'
Tue Aug 18 2015 13:47:03 GMT+0600 (OMST) 'frontend-theme/tmp added'
Tue Aug 18 2015 13:47:04 GMT+0600 (OMST) 'frontend-theme/tmp/file added'
Tue Aug 18 2015 13:47:04 GMT+0600 (OMST) 'frontend-theme/tmp/file changed'
Tue Aug 18 2015 13:47:05 GMT+0600 (OMST) 'frontend-theme/tmp/file_new added'
Tue Aug 18 2015 13:47:05 GMT+0600 (OMST) 'frontend-theme/tmp/file removed'
Tue Aug 18 2015 13:47:06 GMT+0600 (OMST) 'frontend-theme/tmp/file added'
Tue Aug 18 2015 13:47:06 GMT+0600 (OMST) 'frontend-theme/tmp/file_new removed'
Tue Aug 18 2015 13:47:06 GMT+0600 (OMST) 'frontend-theme/tmp_new added'
Tue Aug 18 2015 13:47:06 GMT+0600 (OMST) 'frontend-theme/tmp_new/file added'
Tue Aug 18 2015 13:47:06 GMT+0600 (OMST) 'frontend-theme/tmp/file removed'
Tue Aug 18 2015 13:47:06 GMT+0600 (OMST) 'frontend-theme/tmp removed'
Tue Aug 18 2015 13:47:07 GMT+0600 (OMST) 'frontend-theme/tmp added'
Tue Aug 18 2015 13:47:07 GMT+0600 (OMST) 'frontend-theme/tmp/file added'
Tue Aug 18 2015 13:47:07 GMT+0600 (OMST) 'frontend-theme/tmp_new/file removed'
Tue Aug 18 2015 13:47:07 GMT+0600 (OMST) 'frontend-theme/tmp_new removed'
Tue Aug 18 2015 13:47:07 GMT+0600 (OMST) 'frontend-theme/tmp/file removed'
Tue Aug 18 2015 13:47:08 GMT+0600 (OMST) 'frontend-theme/tmp removed'
------------------------------------------------------------------------------------------------------------------------
Tue Aug 18 2015 13:47:14 GMT+0600 (OMST) 'backend-theme/tmp added'
Tue Aug 18 2015 13:47:14 GMT+0600 (OMST) 'backend-theme/tmp/file added'
Tue Aug 18 2015 13:47:15 GMT+0600 (OMST) 'backend-theme/tmp/file changed'
Tue Aug 18 2015 13:47:16 GMT+0600 (OMST) 'backend-theme/tmp/file_new added'
Tue Aug 18 2015 13:47:16 GMT+0600 (OMST) 'backend-theme/tmp/file removed'
Tue Aug 18 2015 13:47:16 GMT+0600 (OMST) 'backend-theme/tmp/file added'
Tue Aug 18 2015 13:47:16 GMT+0600 (OMST) 'backend-theme/tmp/file_new removed'
Tue Aug 18 2015 13:47:17 GMT+0600 (OMST) 'backend-theme/tmp_new added'
Tue Aug 18 2015 13:47:17 GMT+0600 (OMST) 'backend-theme/tmp_new/file added'
Tue Aug 18 2015 13:47:17 GMT+0600 (OMST) 'backend-theme/tmp/file removed'
Tue Aug 18 2015 13:47:17 GMT+0600 (OMST) 'backend-theme/tmp removed'
Tue Aug 18 2015 13:47:17 GMT+0600 (OMST) 'backend-theme/tmp added'
Tue Aug 18 2015 13:47:17 GMT+0600 (OMST) 'backend-theme/tmp/file added'
Tue Aug 18 2015 13:47:17 GMT+0600 (OMST) 'backend-theme/tmp_new/file removed'
Tue Aug 18 2015 13:47:17 GMT+0600 (OMST) 'backend-theme/tmp_new removed'
Tue Aug 18 2015 13:47:18 GMT+0600 (OMST) 'backend-theme/tmp/file removed'
Tue Aug 18 2015 13:47:18 GMT+0600 (OMST) 'backend-theme/tmp removed'
Tue Aug 18 2015 13:47:24 GMT+0600 (OMST) 'frontend-theme/tmp added'
Tue Aug 18 2015 13:47:24 GMT+0600 (OMST) 'frontend-theme/tmp/file added'
Tue Aug 18 2015 13:47:25 GMT+0600 (OMST) 'frontend-theme/tmp/file changed'
Tue Aug 18 2015 13:47:26 GMT+0600 (OMST) 'frontend-theme/tmp/file_new added'
Tue Aug 18 2015 13:47:26 GMT+0600 (OMST) 'frontend-theme/tmp/file removed'
Tue Aug 18 2015 13:47:26 GMT+0600 (OMST) 'frontend-theme/tmp/file added'
Tue Aug 18 2015 13:47:26 GMT+0600 (OMST) 'frontend-theme/tmp/file_new removed'
Tue Aug 18 2015 13:47:27 GMT+0600 (OMST) 'frontend-theme/tmp_new added'
Tue Aug 18 2015 13:47:27 GMT+0600 (OMST) 'frontend-theme/tmp_new/file added'
Tue Aug 18 2015 13:47:27 GMT+0600 (OMST) 'frontend-theme/tmp/file removed'
Tue Aug 18 2015 13:47:27 GMT+0600 (OMST) 'frontend-theme/tmp removed'
Tue Aug 18 2015 13:47:27 GMT+0600 (OMST) 'frontend-theme/tmp added'
Tue Aug 18 2015 13:47:27 GMT+0600 (OMST) 'frontend-theme/tmp/file added'
Tue Aug 18 2015 13:47:27 GMT+0600 (OMST) 'frontend-theme/tmp_new/file removed'
Tue Aug 18 2015 13:47:27 GMT+0600 (OMST) 'frontend-theme/tmp_new removed'
Tue Aug 18 2015 13:47:28 GMT+0600 (OMST) 'frontend-theme/tmp/file removed'
Tue Aug 18 2015 13:47:28 GMT+0600 (OMST) 'frontend-theme/tmp removed'
