Tue Aug 18 2015 14:02:07 GMT+0600 (OMST) 'change' '/media/truecrypt1/test-node-watchers/backend-theme'
Tue Aug 18 2015 14:02:07 GMT+0600 (OMST) 'create' '/media/truecrypt1/test-node-watchers/backend-theme/tmp'
Tue Aug 18 2015 14:02:08 GMT+0600 (OMST) 'change' '/media/truecrypt1/test-node-watchers/backend-theme/tmp'
Tue Aug 18 2015 14:02:08 GMT+0600 (OMST) 'create' '/media/truecrypt1/test-node-watchers/backend-theme/tmp/file'
Tue Aug 18 2015 14:02:08 GMT+0600 (OMST) 'change' '/media/truecrypt1/test-node-watchers/backend-theme/tmp/file'
Tue Aug 18 2015 14:02:09 GMT+0600 (OMST) 'change' '/media/truecrypt1/test-node-watchers/backend-theme/tmp/file'
Tue Aug 18 2015 14:02:09 GMT+0600 (OMST) 'change' '/media/truecrypt1/test-node-watchers/backend-theme/tmp'
Tue Aug 18 2015 14:02:09 GMT+0600 (OMST) 'remove' '/media/truecrypt1/test-node-watchers/backend-theme/tmp/file'
Tue Aug 18 2015 14:02:09 GMT+0600 (OMST) 'create' '/media/truecrypt1/test-node-watchers/backend-theme/tmp/file_new'
Tue Aug 18 2015 14:02:10 GMT+0600 (OMST) 'change' '/media/truecrypt1/test-node-watchers/backend-theme/tmp'
Tue Aug 18 2015 14:02:10 GMT+0600 (OMST) 'remove' '/media/truecrypt1/test-node-watchers/backend-theme/tmp/file_new'
Tue Aug 18 2015 14:02:10 GMT+0600 (OMST) 'create' '/media/truecrypt1/test-node-watchers/backend-theme/tmp/file'
Tue Aug 18 2015 14:02:10 GMT+0600 (OMST) 'change' '/media/truecrypt1/test-node-watchers/backend-theme'
Tue Aug 18 2015 14:02:10 GMT+0600 (OMST) 'remove' '/media/truecrypt1/test-node-watchers/backend-theme/tmp'
Tue Aug 18 2015 14:02:10 GMT+0600 (OMST) 'create' '/media/truecrypt1/test-node-watchers/backend-theme/tmp_new'
Tue Aug 18 2015 14:02:10 GMT+0600 (OMST) 'create' '/media/truecrypt1/test-node-watchers/backend-theme/tmp_new/file'
Tue Aug 18 2015 14:02:10 GMT+0600 (OMST) 'remove' '/media/truecrypt1/test-node-watchers/backend-theme/tmp/file'
Tue Aug 18 2015 14:02:11 GMT+0600 (OMST) 'change' '/media/truecrypt1/test-node-watchers/backend-theme'
Tue Aug 18 2015 14:02:11 GMT+0600 (OMST) 'remove' '/media/truecrypt1/test-node-watchers/backend-theme/tmp_new'
Tue Aug 18 2015 14:02:11 GMT+0600 (OMST) 'create' '/media/truecrypt1/test-node-watchers/backend-theme/tmp'
Tue Aug 18 2015 14:02:11 GMT+0600 (OMST) 'create' '/media/truecrypt1/test-node-watchers/backend-theme/tmp/file'
Tue Aug 18 2015 14:02:11 GMT+0600 (OMST) 'remove' '/media/truecrypt1/test-node-watchers/backend-theme/tmp_new/file'
Tue Aug 18 2015 14:02:11 GMT+0600 (OMST) 'remove' '/media/truecrypt1/test-node-watchers/backend-theme/tmp/file'
Tue Aug 18 2015 14:02:11 GMT+0600 (OMST) 'change' '/media/truecrypt1/test-node-watchers/backend-theme/tmp'
Tue Aug 18 2015 14:02:12 GMT+0600 (OMST) 'remove' '/media/truecrypt1/test-node-watchers/backend-theme/tmp'
Tue Aug 18 2015 14:02:12 GMT+0600 (OMST) 'change' '/media/truecrypt1/test-node-watchers/backend-theme'
Tue Aug 18 2015 14:02:18 GMT+0600 (OMST) 'change' '/media/truecrypt1/test-node-watchers/frontend-theme'
Tue Aug 18 2015 14:02:18 GMT+0600 (OMST) 'create' '/media/truecrypt1/test-node-watchers/frontend-theme/tmp'
Tue Aug 18 2015 14:02:18 GMT+0600 (OMST) 'create' '/media/truecrypt1/test-node-watchers/frontend-theme/tmp/file'
Tue Aug 18 2015 14:02:19 GMT+0600 (OMST) 'change' '/media/truecrypt1/test-node-watchers/frontend-theme/tmp/file'
Tue Aug 18 2015 14:02:19 GMT+0600 (OMST) 'change' '/media/truecrypt1/test-node-watchers/frontend-theme/tmp/file'
Tue Aug 18 2015 14:02:20 GMT+0600 (OMST) 'change' '/media/truecrypt1/test-node-watchers/frontend-theme/tmp'
Tue Aug 18 2015 14:02:20 GMT+0600 (OMST) 'remove' '/media/truecrypt1/test-node-watchers/frontend-theme/tmp/file'
Tue Aug 18 2015 14:02:20 GMT+0600 (OMST) 'create' '/media/truecrypt1/test-node-watchers/frontend-theme/tmp/file_new'
Tue Aug 18 2015 14:02:20 GMT+0600 (OMST) 'remove' '/media/truecrypt1/test-node-watchers/frontend-theme/tmp/file_new'
Tue Aug 18 2015 14:02:20 GMT+0600 (OMST) 'create' '/media/truecrypt1/test-node-watchers/frontend-theme/tmp/file'
Tue Aug 18 2015 14:02:21 GMT+0600 (OMST) 'change' '/media/truecrypt1/test-node-watchers/frontend-theme'
Tue Aug 18 2015 14:02:21 GMT+0600 (OMST) 'remove' '/media/truecrypt1/test-node-watchers/frontend-theme/tmp'
Tue Aug 18 2015 14:02:21 GMT+0600 (OMST) 'create' '/media/truecrypt1/test-node-watchers/frontend-theme/tmp_new'
Tue Aug 18 2015 14:02:21 GMT+0600 (OMST) 'create' '/media/truecrypt1/test-node-watchers/frontend-theme/tmp_new/file'
Tue Aug 18 2015 14:02:21 GMT+0600 (OMST) 'remove' '/media/truecrypt1/test-node-watchers/frontend-theme/tmp/file'
Tue Aug 18 2015 14:02:21 GMT+0600 (OMST) 'remove' '/media/truecrypt1/test-node-watchers/frontend-theme/tmp_new'
Tue Aug 18 2015 14:02:21 GMT+0600 (OMST) 'create' '/media/truecrypt1/test-node-watchers/frontend-theme/tmp'
Tue Aug 18 2015 14:02:21 GMT+0600 (OMST) 'create' '/media/truecrypt1/test-node-watchers/frontend-theme/tmp/file'
Tue Aug 18 2015 14:02:21 GMT+0600 (OMST) 'remove' '/media/truecrypt1/test-node-watchers/frontend-theme/tmp_new/file'
Tue Aug 18 2015 14:02:22 GMT+0600 (OMST) 'remove' '/media/truecrypt1/test-node-watchers/frontend-theme/tmp/file'
Tue Aug 18 2015 14:02:22 GMT+0600 (OMST) 'change' '/media/truecrypt1/test-node-watchers/frontend-theme/tmp'
Tue Aug 18 2015 14:02:22 GMT+0600 (OMST) 'remove' '/media/truecrypt1/test-node-watchers/frontend-theme/tmp'
Tue Aug 18 2015 14:02:22 GMT+0600 (OMST) 'change' '/media/truecrypt1/test-node-watchers/frontend-theme'
------------------------------------------------------------------------------------------------------------------------
Tue Aug 18 2015 14:02:28 GMT+0600 (OMST) 'change' '/media/truecrypt1/test-node-watchers/backend-theme'
Tue Aug 18 2015 14:02:28 GMT+0600 (OMST) 'create' '/media/truecrypt1/test-node-watchers/backend-theme/tmp'
Tue Aug 18 2015 14:02:28 GMT+0600 (OMST) 'create' '/media/truecrypt1/test-node-watchers/backend-theme/tmp/file'
Tue Aug 18 2015 14:02:29 GMT+0600 (OMST) 'change' '/media/truecrypt1/test-node-watchers/backend-theme/tmp/file'
Tue Aug 18 2015 14:02:29 GMT+0600 (OMST) 'change' '/media/truecrypt1/test-node-watchers/backend-theme/tmp/file'
Tue Aug 18 2015 14:02:30 GMT+0600 (OMST) 'change' '/media/truecrypt1/test-node-watchers/backend-theme/tmp'
Tue Aug 18 2015 14:02:30 GMT+0600 (OMST) 'remove' '/media/truecrypt1/test-node-watchers/backend-theme/tmp/file'
Tue Aug 18 2015 14:02:30 GMT+0600 (OMST) 'create' '/media/truecrypt1/test-node-watchers/backend-theme/tmp/file_new'
Tue Aug 18 2015 14:02:30 GMT+0600 (OMST) 'remove' '/media/truecrypt1/test-node-watchers/backend-theme/tmp/file_new'
Tue Aug 18 2015 14:02:30 GMT+0600 (OMST) 'create' '/media/truecrypt1/test-node-watchers/backend-theme/tmp/file'
Tue Aug 18 2015 14:02:31 GMT+0600 (OMST) 'change' '/media/truecrypt1/test-node-watchers/backend-theme'
Tue Aug 18 2015 14:02:31 GMT+0600 (OMST) 'remove' '/media/truecrypt1/test-node-watchers/backend-theme/tmp'
Tue Aug 18 2015 14:02:31 GMT+0600 (OMST) 'create' '/media/truecrypt1/test-node-watchers/backend-theme/tmp_new'
Tue Aug 18 2015 14:02:31 GMT+0600 (OMST) 'create' '/media/truecrypt1/test-node-watchers/backend-theme/tmp_new/file'
Tue Aug 18 2015 14:02:31 GMT+0600 (OMST) 'remove' '/media/truecrypt1/test-node-watchers/backend-theme/tmp/file'
Tue Aug 18 2015 14:02:31 GMT+0600 (OMST) 'remove' '/media/truecrypt1/test-node-watchers/backend-theme/tmp_new'
Tue Aug 18 2015 14:02:31 GMT+0600 (OMST) 'create' '/media/truecrypt1/test-node-watchers/backend-theme/tmp'
Tue Aug 18 2015 14:02:31 GMT+0600 (OMST) 'create' '/media/truecrypt1/test-node-watchers/backend-theme/tmp/file'
Tue Aug 18 2015 14:02:31 GMT+0600 (OMST) 'remove' '/media/truecrypt1/test-node-watchers/backend-theme/tmp_new/file'
Tue Aug 18 2015 14:02:32 GMT+0600 (OMST) 'remove' '/media/truecrypt1/test-node-watchers/backend-theme/tmp/file'
Tue Aug 18 2015 14:02:32 GMT+0600 (OMST) 'change' '/media/truecrypt1/test-node-watchers/backend-theme/tmp'
Tue Aug 18 2015 14:02:32 GMT+0600 (OMST) 'remove' '/media/truecrypt1/test-node-watchers/backend-theme/tmp'
Tue Aug 18 2015 14:02:32 GMT+0600 (OMST) 'change' '/media/truecrypt1/test-node-watchers/backend-theme'
Tue Aug 18 2015 14:02:38 GMT+0600 (OMST) 'change' '/media/truecrypt1/test-node-watchers/frontend-theme'
Tue Aug 18 2015 14:02:38 GMT+0600 (OMST) 'create' '/media/truecrypt1/test-node-watchers/frontend-theme/tmp'
Tue Aug 18 2015 14:02:39 GMT+0600 (OMST) 'change' '/media/truecrypt1/test-node-watchers/frontend-theme/tmp'
Tue Aug 18 2015 14:02:39 GMT+0600 (OMST) 'create' '/media/truecrypt1/test-node-watchers/frontend-theme/tmp/file'
Tue Aug 18 2015 14:02:39 GMT+0600 (OMST) 'change' '/media/truecrypt1/test-node-watchers/frontend-theme/tmp/file'
Tue Aug 18 2015 14:02:40 GMT+0600 (OMST) 'change' '/media/truecrypt1/test-node-watchers/frontend-theme/tmp/file'
Tue Aug 18 2015 14:02:40 GMT+0600 (OMST) 'change' '/media/truecrypt1/test-node-watchers/frontend-theme/tmp'
Tue Aug 18 2015 14:02:40 GMT+0600 (OMST) 'remove' '/media/truecrypt1/test-node-watchers/frontend-theme/tmp/file'
Tue Aug 18 2015 14:02:40 GMT+0600 (OMST) 'create' '/media/truecrypt1/test-node-watchers/frontend-theme/tmp/file_new'
Tue Aug 18 2015 14:02:41 GMT+0600 (OMST) 'change' '/media/truecrypt1/test-node-watchers/frontend-theme/tmp'
Tue Aug 18 2015 14:02:41 GMT+0600 (OMST) 'remove' '/media/truecrypt1/test-node-watchers/frontend-theme/tmp/file_new'
Tue Aug 18 2015 14:02:41 GMT+0600 (OMST) 'create' '/media/truecrypt1/test-node-watchers/frontend-theme/tmp/file'
Tue Aug 18 2015 14:02:41 GMT+0600 (OMST) 'change' '/media/truecrypt1/test-node-watchers/frontend-theme'
Tue Aug 18 2015 14:02:41 GMT+0600 (OMST) 'remove' '/media/truecrypt1/test-node-watchers/frontend-theme/tmp'
Tue Aug 18 2015 14:02:41 GMT+0600 (OMST) 'create' '/media/truecrypt1/test-node-watchers/frontend-theme/tmp_new'
Tue Aug 18 2015 14:02:41 GMT+0600 (OMST) 'create' '/media/truecrypt1/test-node-watchers/frontend-theme/tmp_new/file'
Tue Aug 18 2015 14:02:41 GMT+0600 (OMST) 'remove' '/media/truecrypt1/test-node-watchers/frontend-theme/tmp/file'
Tue Aug 18 2015 14:02:42 GMT+0600 (OMST) 'change' '/media/truecrypt1/test-node-watchers/frontend-theme'
Tue Aug 18 2015 14:02:42 GMT+0600 (OMST) 'remove' '/media/truecrypt1/test-node-watchers/frontend-theme/tmp_new'
Tue Aug 18 2015 14:02:42 GMT+0600 (OMST) 'create' '/media/truecrypt1/test-node-watchers/frontend-theme/tmp'
Tue Aug 18 2015 14:02:42 GMT+0600 (OMST) 'create' '/media/truecrypt1/test-node-watchers/frontend-theme/tmp/file'
Tue Aug 18 2015 14:02:42 GMT+0600 (OMST) 'remove' '/media/truecrypt1/test-node-watchers/frontend-theme/tmp_new/file'
Tue Aug 18 2015 14:02:42 GMT+0600 (OMST) 'remove' '/media/truecrypt1/test-node-watchers/frontend-theme/tmp/file'
Tue Aug 18 2015 14:02:42 GMT+0600 (OMST) 'change' '/media/truecrypt1/test-node-watchers/frontend-theme/tmp'
Tue Aug 18 2015 14:02:43 GMT+0600 (OMST) 'remove' '/media/truecrypt1/test-node-watchers/frontend-theme/tmp'
Tue Aug 18 2015 14:02:43 GMT+0600 (OMST) 'change' '/media/truecrypt1/test-node-watchers/frontend-theme'
